<?xml version="1.0" encoding="UTF-8" standalone="no"?>
<!DOCTYPE log SYSTEM "logger.dtd">
<log>
<record>
  <date>2020-09-01T18:37:58</date>
  <millis>1598965678837</millis>
  <sequence>0</sequence>
  <level>START</level>
  <class>com.kms.katalon.core.logging.XmlKeywordLogger</class>
  <method>startSuite</method>
  <thread>1</thread>
  <message>Start Test Suite : Test Suites/demo</message>
  <nestedLevel>0</nestedLevel>
  <property name="name">demo</property>
  <property name="description"></property>
  <property name="id">Test Suites/demo</property>
</record>
<record>
  <date>2020-09-01T18:37:58</date>
  <millis>1598965678897</millis>
  <sequence>1</sequence>
  <level>RUN_DATA</level>
  <class>com.kms.katalon.core.logging.XmlKeywordLogger</class>
  <method>logMessage</method>
  <thread>1</thread>
  <message>hostName = narendra.n - WLPT580.imidomain.com</message>
  <nestedLevel>0</nestedLevel>
  <property name="hostName">narendra.n - WLPT580.imidomain.com</property>
</record>
<record>
  <date>2020-09-01T18:37:58</date>
  <millis>1598965678899</millis>
  <sequence>2</sequence>
  <level>RUN_DATA</level>
  <class>com.kms.katalon.core.logging.XmlKeywordLogger</class>
  <method>logMessage</method>
  <thread>1</thread>
  <message>os = Windows 8.1 64bit</message>
  <nestedLevel>0</nestedLevel>
  <property name="os">Windows 8.1 64bit</property>
</record>
<record>
  <date>2020-09-01T18:37:58</date>
  <millis>1598965678901</millis>
  <sequence>3</sequence>
  <level>RUN_DATA</level>
  <class>com.kms.katalon.core.logging.XmlKeywordLogger</class>
  <method>logMessage</method>
  <thread>1</thread>
  <message>hostAddress = 192.168.29.195</message>
  <nestedLevel>0</nestedLevel>
  <property name="hostAddress">192.168.29.195</property>
</record>
<record>
  <date>2020-09-01T18:37:58</date>
  <millis>1598965678905</millis>
  <sequence>4</sequence>
  <level>RUN_DATA</level>
  <class>com.kms.katalon.core.logging.XmlKeywordLogger</class>
  <method>logMessage</method>
  <thread>1</thread>
  <message>katalonVersion = 6.3.3.11</message>
  <nestedLevel>0</nestedLevel>
  <property name="katalonVersion">6.3.3.11</property>
</record>
<record>
  <date>2020-09-01T18:37:58</date>
  <millis>1598965678924</millis>
  <sequence>5</sequence>
  <level>START</level>
  <class>com.kms.katalon.core.logging.XmlKeywordLogger</class>
  <method>startKeyword</method>
  <thread>1</thread>
  <message>Start listener action : setUpEnvironment</message>
  <nestedLevel>0</nestedLevel>
</record>
<record>
  <date>2020-09-01T18:37:58</date>
  <millis>1598965678953</millis>
  <sequence>7</sequence>
  <level>START</level>
  <class>com.kms.katalon.core.logging.XmlKeywordLogger</class>
  <method>startKeyword</method>
  <thread>1</thread>
  <message>Start action : openBrowser(URL)</message>
  <nestedLevel>1</nestedLevel>
  <property name="startLine">29</property>
  <property name="stepIndex">1</property>
</record>
<record>
  <date>2020-09-01T18:38:02</date>
  <millis>1598965682963</millis>
  <sequence>9</sequence>
  <level>INFO</level>
  <class>com.kms.katalon.core.logging.XmlKeywordLogger</class>
  <method>logMessage</method>
  <thread>1</thread>
  <message>Starting &amp;apos;Edge&amp;apos; driver</message>
  <nestedLevel>0</nestedLevel>
</record>
<record>
  <date>2020-09-01T18:38:04</date>
  <millis>1598965684453</millis>
  <sequence>11</sequence>
  <level>INFO</level>
  <class>com.kms.katalon.core.logging.XmlKeywordLogger</class>
  <method>logMessage</method>
  <thread>1</thread>
  <message>Action delay is set to 1 seconds</message>
  <nestedLevel>0</nestedLevel>
</record>
<record>
  <date>2020-09-01T18:38:11</date>
  <millis>1598965691388</millis>
  <sequence>13</sequence>
  <level>RUN_DATA</level>
  <class>com.kms.katalon.core.logging.XmlKeywordLogger</class>
  <method>logMessage</method>
  <thread>1</thread>
  <message>sessionId = 08e63fec2e8213b9cb2ce2834df28e7c</message>
  <nestedLevel>0</nestedLevel>
  <property name="sessionId">08e63fec2e8213b9cb2ce2834df28e7c</property>
</record>
<record>
  <date>2020-09-01T18:38:12</date>
  <millis>1598965692456</millis>
  <sequence>14</sequence>
  <level>RUN_DATA</level>
  <class>com.kms.katalon.core.logging.XmlKeywordLogger</class>
  <method>logMessage</method>
  <thread>1</thread>
  <message>browser = Chrome 85.0.4183.83</message>
  <nestedLevel>0</nestedLevel>
  <property name="browser">Chrome 85.0.4183.83</property>
</record>
<record>
  <date>2020-09-01T18:38:12</date>
  <millis>1598965692458</millis>
  <sequence>15</sequence>
  <level>RUN_DATA</level>
  <class>com.kms.katalon.core.logging.XmlKeywordLogger</class>
  <method>logMessage</method>
  <thread>1</thread>
  <message>platform = Windows 8.1</message>
  <nestedLevel>0</nestedLevel>
  <property name="platform">Windows 8.1</property>
</record>
<record>
  <date>2020-09-01T18:38:12</date>
  <millis>1598965692459</millis>
  <sequence>16</sequence>
  <level>RUN_DATA</level>
  <class>com.kms.katalon.core.logging.XmlKeywordLogger</class>
  <method>logMessage</method>
  <thread>1</thread>
  <message>seleniumVersion = 3.141.59</message>
  <nestedLevel>0</nestedLevel>
  <property name="seleniumVersion">3.141.59</property>
</record>
<record>
  <date>2020-09-01T18:38:12</date>
  <millis>1598965692462</millis>
  <sequence>17</sequence>
  <level>RUN_DATA</level>
  <class>com.kms.katalon.core.logging.XmlKeywordLogger</class>
  <method>logMessage</method>
  <thread>1</thread>
  <message>proxyInformation = ProxyInformation{proxyOption=NO_PROXY, proxyServerType=HTTP, password=, proxyServerAddress=, proxyServerPort=0}</message>
  <nestedLevel>0</nestedLevel>
  <property name="proxyInformation">ProxyInformation{proxyOption=NO_PROXY, proxyServerType=HTTP, password=, proxyServerAddress=, proxyServerPort=0}</property>
</record>
<record>
  <date>2020-09-01T18:38:19</date>
  <millis>1598965699624</millis>
  <sequence>19</sequence>
  <level>PASSED</level>
  <class>com.kms.katalon.core.logging.XmlKeywordLogger</class>
  <method>logMessage</method>
  <thread>1</thread>
  <message>Browser is opened with url: &amp;apos;preprod.imibot.ai&amp;apos;</message>
  <nestedLevel>0</nestedLevel>
</record>
<record>
  <date>2020-09-01T18:38:19</date>
  <millis>1598965699626</millis>
  <sequence>20</sequence>
  <level>END</level>
  <class>com.kms.katalon.core.logging.XmlKeywordLogger</class>
  <method>endKeyword</method>
  <thread>1</thread>
  <message>End action : openBrowser(URL)</message>
  <nestedLevel>1</nestedLevel>
</record>
<record>
  <date>2020-09-01T18:38:19</date>
  <millis>1598965699627</millis>
  <sequence>21</sequence>
  <level>START</level>
  <class>com.kms.katalon.core.logging.XmlKeywordLogger</class>
  <method>startKeyword</method>
  <thread>1</thread>
  <message>Start action : maximizeWindow()</message>
  <nestedLevel>1</nestedLevel>
  <property name="startLine">30</property>
  <property name="stepIndex">2</property>
</record>
<record>
  <date>2020-09-01T18:38:21</date>
  <millis>1598965701886</millis>
  <sequence>23</sequence>
  <level>PASSED</level>
  <class>com.kms.katalon.core.logging.XmlKeywordLogger</class>
  <method>logMessage</method>
  <thread>1</thread>
  <message>Current window maximized</message>
  <nestedLevel>0</nestedLevel>
</record>
<record>
  <date>2020-09-01T18:38:21</date>
  <millis>1598965701887</millis>
  <sequence>24</sequence>
  <level>END</level>
  <class>com.kms.katalon.core.logging.XmlKeywordLogger</class>
  <method>endKeyword</method>
  <thread>1</thread>
  <message>End action : maximizeWindow()</message>
  <nestedLevel>1</nestedLevel>
</record>
<record>
  <date>2020-09-01T18:38:21</date>
  <millis>1598965701888</millis>
  <sequence>25</sequence>
  <level>START</level>
  <class>com.kms.katalon.core.logging.XmlKeywordLogger</class>
  <method>startKeyword</method>
  <thread>1</thread>
  <message>Start action : sendKeys(findTestObject(\&amp;quot;Input/username\&amp;quot;), USERNAME)</message>
  <nestedLevel>1</nestedLevel>
  <property name="startLine">31</property>
  <property name="stepIndex">3</property>
</record>
<record>
  <date>2020-09-01T18:38:25</date>
  <millis>1598965705201</millis>
  <sequence>31</sequence>
  <level>PASSED</level>
  <class>com.kms.katalon.core.logging.XmlKeywordLogger</class>
  <method>logMessage</method>
  <thread>1</thread>
  <message>Keys &amp;apos;narendra.n@imimobile.com&amp;apos; sent to object: &amp;apos;Object Repository/Input/username&amp;apos;</message>
  <nestedLevel>0</nestedLevel>
</record>
<record>
  <date>2020-09-01T18:38:25</date>
  <millis>1598965705203</millis>
  <sequence>32</sequence>
  <level>END</level>
  <class>com.kms.katalon.core.logging.XmlKeywordLogger</class>
  <method>endKeyword</method>
  <thread>1</thread>
  <message>End action : sendKeys(findTestObject(\&amp;quot;Input/username\&amp;quot;), USERNAME)</message>
  <nestedLevel>1</nestedLevel>
</record>
<record>
  <date>2020-09-01T18:38:25</date>
  <millis>1598965705205</millis>
  <sequence>33</sequence>
  <level>START</level>
  <class>com.kms.katalon.core.logging.XmlKeywordLogger</class>
  <method>startKeyword</method>
  <thread>1</thread>
  <message>Start action : sendKeys(findTestObject(\&amp;quot;Input/password\&amp;quot;), PASSWORD)</message>
  <nestedLevel>1</nestedLevel>
  <property name="startLine">32</property>
  <property name="stepIndex">4</property>
</record>
<record>
  <date>2020-09-01T18:38:28</date>
  <millis>1598965708872</millis>
  <sequence>39</sequence>
  <level>PASSED</level>
  <class>com.kms.katalon.core.logging.XmlKeywordLogger</class>
  <method>logMessage</method>
  <thread>1</thread>
  <message>Keys &amp;apos;Test@2020&amp;apos; sent to object: &amp;apos;Object Repository/Input/password&amp;apos;</message>
  <nestedLevel>0</nestedLevel>
</record>
<record>
  <date>2020-09-01T18:38:28</date>
  <millis>1598965708874</millis>
  <sequence>40</sequence>
  <level>END</level>
  <class>com.kms.katalon.core.logging.XmlKeywordLogger</class>
  <method>endKeyword</method>
  <thread>1</thread>
  <message>End action : sendKeys(findTestObject(\&amp;quot;Input/password\&amp;quot;), PASSWORD)</message>
  <nestedLevel>1</nestedLevel>
</record>
<record>
  <date>2020-09-01T18:38:28</date>
  <millis>1598965708875</millis>
  <sequence>41</sequence>
  <level>START</level>
  <class>com.kms.katalon.core.logging.XmlKeywordLogger</class>
  <method>startKeyword</method>
  <thread>1</thread>
  <message>Start action : click(findTestObject(\&amp;quot;Button/signIn\&amp;quot;))</message>
  <nestedLevel>1</nestedLevel>
  <property name="startLine">33</property>
  <property name="stepIndex">5</property>
</record>
<record>
  <date>2020-09-01T18:38:31</date>
  <millis>1598965711830</millis>
  <sequence>48</sequence>
  <level>PASSED</level>
  <class>com.kms.katalon.core.logging.XmlKeywordLogger</class>
  <method>logMessage</method>
  <thread>1</thread>
  <message>Object: &amp;apos;Object Repository/Button/signIn&amp;apos; is clicked on</message>
  <nestedLevel>0</nestedLevel>
</record>
<record>
  <date>2020-09-01T18:38:31</date>
  <millis>1598965711832</millis>
  <sequence>49</sequence>
  <level>END</level>
  <class>com.kms.katalon.core.logging.XmlKeywordLogger</class>
  <method>endKeyword</method>
  <thread>1</thread>
  <message>End action : click(findTestObject(\&amp;quot;Button/signIn\&amp;quot;))</message>
  <nestedLevel>1</nestedLevel>
</record>
<record>
  <date>2020-09-01T18:38:31</date>
  <millis>1598965711834</millis>
  <sequence>50</sequence>
  <level>START</level>
  <class>com.kms.katalon.core.logging.XmlKeywordLogger</class>
  <method>startKeyword</method>
  <thread>1</thread>
  <message>Start action : if (!(waitForElementPresent(findTestObject(\&amp;quot;Button/createBot\&amp;quot;), 30, OPTIONAL)))</message>
  <nestedLevel>1</nestedLevel>
  <property name="startLine">34</property>
  <property name="stepIndex">6</property>
</record>
<record>
  <date>2020-09-01T18:38:46</date>
  <millis>1598965726827</millis>
  <sequence>56</sequence>
  <level>PASSED</level>
  <class>com.kms.katalon.core.logging.XmlKeywordLogger</class>
  <method>logMessage</method>
  <thread>1</thread>
  <message>Object &amp;apos;Object Repository/Button/createBot&amp;apos; is present</message>
  <nestedLevel>0</nestedLevel>
</record>
<record>
  <date>2020-09-01T18:38:46</date>
  <millis>1598965726829</millis>
  <sequence>58</sequence>
  <level>END</level>
  <class>com.kms.katalon.core.logging.XmlKeywordLogger</class>
  <method>endKeyword</method>
  <thread>1</thread>
  <message>End action : if (!(waitForElementPresent(findTestObject(\&amp;quot;Button/createBot\&amp;quot;), 30, OPTIONAL)))</message>
  <nestedLevel>1</nestedLevel>
</record>
<record>
  <date>2020-09-01T18:38:46</date>
  <millis>1598965726831</millis>
  <sequence>59</sequence>
  <level>END</level>
  <class>com.kms.katalon.core.logging.XmlKeywordLogger</class>
  <method>endKeyword</method>
  <thread>1</thread>
  <message>End listener action : setUpEnvironment</message>
  <nestedLevel>0</nestedLevel>
</record>
<record>
  <date>2020-09-01T18:38:46</date>
  <millis>1598965726844</millis>
  <sequence>60</sequence>
  <level>START</level>
  <class>com.kms.katalon.core.logging.XmlKeywordLogger</class>
  <method>startKeyword</method>
  <thread>1</thread>
  <message>Start listener action : beforeExportKatalonReports</message>
  <nestedLevel>0</nestedLevel>
</record>
<record>
  <date>2020-09-01T18:38:46</date>
  <millis>1598965726856</millis>
  <sequence>62</sequence>
  <level>INFO</level>
  <class>com.kms.katalon.core.logging.XmlKeywordLogger</class>
  <method>logMessage</method>
  <thread>1</thread>
  <message>This Katalon Studio version has been deprecated. Please upgrade Katalon Studio to the latest version.</message>
  <nestedLevel>0</nestedLevel>
</record>
<record>
  <date>2020-09-01T18:38:46</date>
  <millis>1598965726861</millis>
  <sequence>64</sequence>
  <level>END</level>
  <class>com.kms.katalon.core.logging.XmlKeywordLogger</class>
  <method>endKeyword</method>
  <thread>1</thread>
  <message>End listener action : beforeExportKatalonReports</message>
  <nestedLevel>0</nestedLevel>
</record>
<record>
  <date>2020-09-01T18:38:47</date>
  <millis>1598965727326</millis>
  <sequence>65</sequence>
  <level>START</level>
  <class>com.kms.katalon.core.logging.XmlKeywordLogger</class>
  <method>startTest</method>
  <thread>1</thread>
  <message>Start Test Case : Test Cases/FAQ_SSO/botCreation_Test</message>
  <nestedLevel>1</nestedLevel>
  <property name="name">Test Cases/FAQ_SSO/botCreation_Test</property>
  <property name="description">TestCase Agenda: To test faq bot creation</property>
  <property name="id">Test Cases/FAQ_SSO/botCreation_Test</property>
  <property name="source">D:\\IMIbot.ai-Project\\Test Cases\\FAQ_SSO\\botCreation_Test.tc</property>
  <property name="tag"></property>
  <property name="isOptional">false</property>
</record>
<record>
  <date>2020-09-01T18:38:47</date>
  <millis>1598965727526</millis>
  <sequence>67</sequence>
  <level>INFO</level>
  <class>com.kms.katalon.core.logging.XmlKeywordLogger</class>
  <method>logMessage</method>
  <thread>1</thread>
  <message>(Default) nameOfTheBot = 2020 BANKBOT_FAQ</message>
  <nestedLevel>1</nestedLevel>
</record>
<record>
  <date>2020-09-01T18:38:48</date>
  <millis>1598965728291</millis>
  <sequence>68</sequence>
  <level>START</level>
  <class>com.kms.katalon.core.logging.XmlKeywordLogger</class>
  <method>startKeyword</method>
  <thread>1</thread>
  <message>Start action : platform.Method.clickOnElement(findTestObject(\&amp;quot;Button/createBot\&amp;quot;))</message>
  <nestedLevel>1</nestedLevel>
  <property name="startLine">18</property>
  <property name="stepIndex">1</property>
</record>
<record>
  <date>2020-09-01T18:38:52</date>
  <millis>1598965732142</millis>
  <sequence>73</sequence>
  <level>PASSED</level>
  <class>com.kms.katalon.core.logging.XmlKeywordLogger</class>
  <method>logMessage</method>
  <thread>1</thread>
  <message>platform.Method.clickOnElement is PASSED</message>
  <nestedLevel>1</nestedLevel>
</record>
<record>
  <date>2020-09-01T18:38:52</date>
  <millis>1598965732143</millis>
  <sequence>74</sequence>
  <level>END</level>
  <class>com.kms.katalon.core.logging.XmlKeywordLogger</class>
  <method>endKeyword</method>
  <thread>1</thread>
  <message>End action : platform.Method.clickOnElement(findTestObject(\&amp;quot;Button/createBot\&amp;quot;))</message>
  <nestedLevel>1</nestedLevel>
</record>
<record>
  <date>2020-09-01T18:38:52</date>
  <millis>1598965732144</millis>
  <sequence>75</sequence>
  <level>START</level>
  <class>com.kms.katalon.core.logging.XmlKeywordLogger</class>
  <method>startKeyword</method>
  <thread>1</thread>
  <message>Start action : sendKeys(findTestObject(\&amp;quot;Input/botName\&amp;quot;), nameOfTheBot)</message>
  <nestedLevel>1</nestedLevel>
  <property name="startLine">20</property>
  <property name="stepIndex">2</property>
</record>
<record>
  <date>2020-09-01T18:38:55</date>
  <millis>1598965735840</millis>
  <sequence>81</sequence>
  <level>PASSED</level>
  <class>com.kms.katalon.core.logging.XmlKeywordLogger</class>
  <method>logMessage</method>
  <thread>1</thread>
  <message>Keys &amp;apos;2020 BANKBOT_FAQ&amp;apos; sent to object: &amp;apos;Object Repository/Input/botName&amp;apos;</message>
  <nestedLevel>1</nestedLevel>
</record>
<record>
  <date>2020-09-01T18:38:55</date>
  <millis>1598965735842</millis>
  <sequence>82</sequence>
  <level>END</level>
  <class>com.kms.katalon.core.logging.XmlKeywordLogger</class>
  <method>endKeyword</method>
  <thread>1</thread>
  <message>End action : sendKeys(findTestObject(\&amp;quot;Input/botName\&amp;quot;), nameOfTheBot)</message>
  <nestedLevel>1</nestedLevel>
</record>
<record>
  <date>2020-09-01T18:38:55</date>
  <millis>1598965735843</millis>
  <sequence>83</sequence>
  <level>START</level>
  <class>com.kms.katalon.core.logging.XmlKeywordLogger</class>
  <method>startKeyword</method>
  <thread>1</thread>
  <message>Start action : platform.Method.clickOnElement(findTestObject(\&amp;quot;Toggle/feedback\&amp;quot;))</message>
  <nestedLevel>1</nestedLevel>
  <property name="startLine">22</property>
  <property name="stepIndex">3</property>
</record>
<record>
  <date>2020-09-01T18:38:58</date>
  <millis>1598965738049</millis>
  <sequence>88</sequence>
  <level>PASSED</level>
  <class>com.kms.katalon.core.logging.XmlKeywordLogger</class>
  <method>logMessage</method>
  <thread>1</thread>
  <message>platform.Method.clickOnElement is PASSED</message>
  <nestedLevel>1</nestedLevel>
</record>
<record>
  <date>2020-09-01T18:38:58</date>
  <millis>1598965738051</millis>
  <sequence>89</sequence>
  <level>END</level>
  <class>com.kms.katalon.core.logging.XmlKeywordLogger</class>
  <method>endKeyword</method>
  <thread>1</thread>
  <message>End action : platform.Method.clickOnElement(findTestObject(\&amp;quot;Toggle/feedback\&amp;quot;))</message>
  <nestedLevel>1</nestedLevel>
</record>
<record>
  <date>2020-09-01T18:38:58</date>
  <millis>1598965738052</millis>
  <sequence>90</sequence>
  <level>START</level>
  <class>com.kms.katalon.core.logging.XmlKeywordLogger</class>
  <method>startKeyword</method>
  <thread>1</thread>
  <message>Start action : platform.Method.clickOnElement(findTestObject(\&amp;quot;Button/done\&amp;quot;))</message>
  <nestedLevel>1</nestedLevel>
  <property name="startLine">24</property>
  <property name="stepIndex">4</property>
</record>
<record>
  <date>2020-09-01T18:39:00</date>
  <millis>1598965740273</millis>
  <sequence>95</sequence>
  <level>PASSED</level>
  <class>com.kms.katalon.core.logging.XmlKeywordLogger</class>
  <method>logMessage</method>
  <thread>1</thread>
  <message>platform.Method.clickOnElement is PASSED</message>
  <nestedLevel>1</nestedLevel>
</record>
<record>
  <date>2020-09-01T18:39:00</date>
  <millis>1598965740276</millis>
  <sequence>96</sequence>
  <level>END</level>
  <class>com.kms.katalon.core.logging.XmlKeywordLogger</class>
  <method>endKeyword</method>
  <thread>1</thread>
  <message>End action : platform.Method.clickOnElement(findTestObject(\&amp;quot;Button/done\&amp;quot;))</message>
  <nestedLevel>1</nestedLevel>
</record>
<record>
  <date>2020-09-01T18:39:00</date>
  <millis>1598965740278</millis>
  <sequence>97</sequence>
  <level>START</level>
  <class>com.kms.katalon.core.logging.XmlKeywordLogger</class>
  <method>startKeyword</method>
  <thread>1</thread>
  <message>Start action : waitForElementVisible(findTestObject(\&amp;quot;Generic/articleState\&amp;quot;), 60, OPTIONAL)</message>
  <nestedLevel>1</nestedLevel>
  <property name="startLine">26</property>
  <property name="stepIndex">5</property>
</record>
<record>
  <date>2020-09-01T18:39:11</date>
  <millis>1598965751246</millis>
  <sequence>104</sequence>
  <level>PASSED</level>
  <class>com.kms.katalon.core.logging.XmlKeywordLogger</class>
  <method>logMessage</method>
  <thread>1</thread>
  <message>Object &amp;apos;Object Repository/Generic/articleState&amp;apos; is visible</message>
  <nestedLevel>1</nestedLevel>
</record>
<record>
  <date>2020-09-01T18:39:11</date>
  <millis>1598965751248</millis>
  <sequence>105</sequence>
  <level>END</level>
  <class>com.kms.katalon.core.logging.XmlKeywordLogger</class>
  <method>endKeyword</method>
  <thread>1</thread>
  <message>End action : waitForElementVisible(findTestObject(\&amp;quot;Generic/articleState\&amp;quot;), 60, OPTIONAL)</message>
  <nestedLevel>1</nestedLevel>
</record>
<record>
  <date>2020-09-01T18:39:11</date>
  <millis>1598965751250</millis>
  <sequence>106</sequence>
  <level>START</level>
  <class>com.kms.katalon.core.logging.XmlKeywordLogger</class>
  <method>startKeyword</method>
  <thread>1</thread>
  <message>Start action : verifyElementText(findTestObject(\&amp;quot;Generic/articleState\&amp;quot;), \&amp;quot;Trained\&amp;quot;, STOP_ON_FAILURE)</message>
  <nestedLevel>1</nestedLevel>
  <property name="startLine">28</property>
  <property name="stepIndex">6</property>
</record>
<record>
  <date>2020-09-01T18:39:13</date>
  <millis>1598965753624</millis>
  <sequence>112</sequence>
  <level>PASSED</level>
  <class>com.kms.katalon.core.logging.XmlKeywordLogger</class>
  <method>logMessage</method>
  <thread>1</thread>
  <message>Actual text and expected text of test object &amp;apos;Object Repository/Generic/articleState&amp;apos; are matched.</message>
  <nestedLevel>1</nestedLevel>
</record>
<record>
  <date>2020-09-01T18:39:13</date>
  <millis>1598965753626</millis>
  <sequence>113</sequence>
  <level>END</level>
  <class>com.kms.katalon.core.logging.XmlKeywordLogger</class>
  <method>endKeyword</method>
  <thread>1</thread>
  <message>End action : verifyElementText(findTestObject(\&amp;quot;Generic/articleState\&amp;quot;), \&amp;quot;Trained\&amp;quot;, STOP_ON_FAILURE)</message>
  <nestedLevel>1</nestedLevel>
</record>
<record>
  <date>2020-09-01T18:39:13</date>
  <millis>1598965753627</millis>
  <sequence>114</sequence>
  <level>START</level>
  <class>com.kms.katalon.core.logging.XmlKeywordLogger</class>
  <method>startKeyword</method>
  <thread>1</thread>
  <message>Start action : platform.Method.clickOnElement(findTestObject(\&amp;quot;GenericII/minimize\&amp;quot;))</message>
  <nestedLevel>1</nestedLevel>
  <property name="startLine">30</property>
  <property name="stepIndex">7</property>
</record>
<record>
  <date>2020-09-01T18:39:16</date>
  <millis>1598965756138</millis>
  <sequence>119</sequence>
  <level>PASSED</level>
  <class>com.kms.katalon.core.logging.XmlKeywordLogger</class>
  <method>logMessage</method>
  <thread>1</thread>
  <message>platform.Method.clickOnElement is PASSED</message>
  <nestedLevel>1</nestedLevel>
</record>
<record>
  <date>2020-09-01T18:39:16</date>
  <millis>1598965756140</millis>
  <sequence>120</sequence>
  <level>END</level>
  <class>com.kms.katalon.core.logging.XmlKeywordLogger</class>
  <method>endKeyword</method>
  <thread>1</thread>
  <message>End action : platform.Method.clickOnElement(findTestObject(\&amp;quot;GenericII/minimize\&amp;quot;))</message>
  <nestedLevel>1</nestedLevel>
</record>
<record>
  <date>2020-09-01T18:39:16</date>
  <millis>1598965756141</millis>
  <sequence>121</sequence>
  <level>PASSED</level>
  <class>com.kms.katalon.core.logging.XmlKeywordLogger</class>
  <method>logMessage</method>
  <thread>1</thread>
  <message>Test Cases/FAQ_SSO/botCreation_Test</message>
  <nestedLevel>1</nestedLevel>
</record>
<record>
  <date>2020-09-01T18:39:16</date>
  <millis>1598965756144</millis>
  <sequence>122</sequence>
  <level>END</level>
  <class>com.kms.katalon.core.logging.XmlKeywordLogger</class>
  <method>endTest</method>
  <thread>1</thread>
  <message>End Test Case : Test Cases/FAQ_SSO/botCreation_Test</message>
  <nestedLevel>0</nestedLevel>
</record>
<record>
  <date>2020-09-01T18:39:16</date>
  <millis>1598965756168</millis>
  <sequence>123</sequence>
  <level>START</level>
  <class>com.kms.katalon.core.logging.XmlKeywordLogger</class>
  <method>startTest</method>
  <thread>1</thread>
  <message>Start Test Case : Test Cases/FAQ_SSO/botSideOptionsNavigation_Test</message>
  <nestedLevel>1</nestedLevel>
  <property name="name">Test Cases/FAQ_SSO/botSideOptionsNavigation_Test</property>
  <property name="description">TestCase Agenda: To navigate module within a FAQ bot</property>
  <property name="id">Test Cases/FAQ_SSO/botSideOptionsNavigation_Test</property>
  <property name="source">D:\\IMIbot.ai-Project\\Test Cases\\FAQ_SSO\\botSideOptionsNavigation_Test.tc</property>
  <property name="tag"></property>
  <property name="isOptional">false</property>
</record>
<record>
  <date>2020-09-01T18:39:17</date>
  <millis>1598965757178</millis>
  <sequence>125</sequence>
  <level>START</level>
  <class>com.kms.katalon.core.logging.XmlKeywordLogger</class>
  <method>startKeyword</method>
  <thread>1</thread>
  <message>Start action : platform.Method.clickOnElement(findTestObject(\&amp;quot;ICONS/sidebarSettings\&amp;quot;))</message>
  <nestedLevel>1</nestedLevel>
  <property name="startLine">18</property>
  <property name="stepIndex">1</property>
</record>
<record>
  <date>2020-09-01T18:39:21</date>
  <millis>1598965761614</millis>
  <sequence>130</sequence>
  <level>PASSED</level>
  <class>com.kms.katalon.core.logging.XmlKeywordLogger</class>
  <method>logMessage</method>
  <thread>1</thread>
  <message>platform.Method.clickOnElement is PASSED</message>
  <nestedLevel>1</nestedLevel>
</record>
<record>
  <date>2020-09-01T18:39:21</date>
  <millis>1598965761616</millis>
  <sequence>131</sequence>
  <level>END</level>
  <class>com.kms.katalon.core.logging.XmlKeywordLogger</class>
  <method>endKeyword</method>
  <thread>1</thread>
  <message>End action : platform.Method.clickOnElement(findTestObject(\&amp;quot;ICONS/sidebarSettings\&amp;quot;))</message>
  <nestedLevel>1</nestedLevel>
</record>
<record>
  <date>2020-09-01T18:39:21</date>
  <millis>1598965761617</millis>
  <sequence>132</sequence>
  <level>START</level>
  <class>com.kms.katalon.core.logging.XmlKeywordLogger</class>
  <method>startKeyword</method>
  <thread>1</thread>
  <message>Start action : waitForElementPresent(findTestObject(\&amp;quot;Generic/webObjectWithText\&amp;quot;, [\&amp;quot;textValue\&amp;quot;:\&amp;quot;Bot configuration\&amp;quot;]), 10, STOP_ON_FAILURE)</message>
  <nestedLevel>1</nestedLevel>
  <property name="startLine">20</property>
  <property name="stepIndex">2</property>
</record>
<record>
  <date>2020-09-01T18:39:22</date>
  <millis>1598965762810</millis>
  <sequence>138</sequence>
  <level>PASSED</level>
  <class>com.kms.katalon.core.logging.XmlKeywordLogger</class>
  <method>logMessage</method>
  <thread>1</thread>
  <message>Object &amp;apos;Object Repository/Generic/webObjectWithText&amp;apos; is present</message>
  <nestedLevel>1</nestedLevel>
</record>
<record>
  <date>2020-09-01T18:39:22</date>
  <millis>1598965762815</millis>
  <sequence>139</sequence>
  <level>END</level>
  <class>com.kms.katalon.core.logging.XmlKeywordLogger</class>
  <method>endKeyword</method>
  <thread>1</thread>
  <message>End action : waitForElementPresent(findTestObject(\&amp;quot;Generic/webObjectWithText\&amp;quot;, [\&amp;quot;textValue\&amp;quot;:\&amp;quot;Bot configuration\&amp;quot;]), 10, STOP_ON_FAILURE)</message>
  <nestedLevel>1</nestedLevel>
</record>
<record>
  <date>2020-09-01T18:39:22</date>
  <millis>1598965762817</millis>
  <sequence>140</sequence>
  <level>START</level>
  <class>com.kms.katalon.core.logging.XmlKeywordLogger</class>
  <method>startKeyword</method>
  <thread>1</thread>
  <message>Start action : platform.Method.clickOnElement(findTestObject(\&amp;quot;Generic/webObjectWithText\&amp;quot;, [\&amp;quot;textValue\&amp;quot;:\&amp;quot;Management\&amp;quot;]))</message>
  <nestedLevel>1</nestedLevel>
  <property name="startLine">22</property>
  <property name="stepIndex">3</property>
</record>
<record>
  <date>2020-09-01T18:39:25</date>
  <millis>1598965765178</millis>
  <sequence>145</sequence>
  <level>PASSED</level>
  <class>com.kms.katalon.core.logging.XmlKeywordLogger</class>
  <method>logMessage</method>
  <thread>1</thread>
  <message>platform.Method.clickOnElement is PASSED</message>
  <nestedLevel>1</nestedLevel>
</record>
<record>
  <date>2020-09-01T18:39:25</date>
  <millis>1598965765180</millis>
  <sequence>146</sequence>
  <level>END</level>
  <class>com.kms.katalon.core.logging.XmlKeywordLogger</class>
  <method>endKeyword</method>
  <thread>1</thread>
  <message>End action : platform.Method.clickOnElement(findTestObject(\&amp;quot;Generic/webObjectWithText\&amp;quot;, [\&amp;quot;textValue\&amp;quot;:\&amp;quot;Management\&amp;quot;]))</message>
  <nestedLevel>1</nestedLevel>
</record>
<record>
  <date>2020-09-01T18:39:25</date>
  <millis>1598965765181</millis>
  <sequence>147</sequence>
  <level>START</level>
  <class>com.kms.katalon.core.logging.XmlKeywordLogger</class>
  <method>startKeyword</method>
  <thread>1</thread>
  <message>Start action : waitForElementPresent(findTestObject(\&amp;quot;Generic/webObjectWithText\&amp;quot;, [\&amp;quot;textValue\&amp;quot;:\&amp;quot;Bot status\&amp;quot;]), 10, STOP_ON_FAILURE)</message>
  <nestedLevel>1</nestedLevel>
  <property name="startLine">24</property>
  <property name="stepIndex">4</property>
</record>
<record>
  <date>2020-09-01T18:39:26</date>
  <millis>1598965766453</millis>
  <sequence>153</sequence>
  <level>PASSED</level>
  <class>com.kms.katalon.core.logging.XmlKeywordLogger</class>
  <method>logMessage</method>
  <thread>1</thread>
  <message>Object &amp;apos;Object Repository/Generic/webObjectWithText&amp;apos; is present</message>
  <nestedLevel>1</nestedLevel>
</record>
<record>
  <date>2020-09-01T18:39:26</date>
  <millis>1598965766455</millis>
  <sequence>154</sequence>
  <level>END</level>
  <class>com.kms.katalon.core.logging.XmlKeywordLogger</class>
  <method>endKeyword</method>
  <thread>1</thread>
  <message>End action : waitForElementPresent(findTestObject(\&amp;quot;Generic/webObjectWithText\&amp;quot;, [\&amp;quot;textValue\&amp;quot;:\&amp;quot;Bot status\&amp;quot;]), 10, STOP_ON_FAILURE)</message>
  <nestedLevel>1</nestedLevel>
</record>
<record>
  <date>2020-09-01T18:39:26</date>
  <millis>1598965766456</millis>
  <sequence>155</sequence>
  <level>START</level>
  <class>com.kms.katalon.core.logging.XmlKeywordLogger</class>
  <method>startKeyword</method>
  <thread>1</thread>
  <message>Start action : platform.Method.clickOnElement(findTestObject(\&amp;quot;Generic/webObjectWithText\&amp;quot;, [\&amp;quot;textValue\&amp;quot;:\&amp;quot;Security\&amp;quot;]))</message>
  <nestedLevel>1</nestedLevel>
  <property name="startLine">26</property>
  <property name="stepIndex">5</property>
</record>
<record>
  <date>2020-09-01T18:39:28</date>
  <millis>1598965768965</millis>
  <sequence>160</sequence>
  <level>PASSED</level>
  <class>com.kms.katalon.core.logging.XmlKeywordLogger</class>
  <method>logMessage</method>
  <thread>1</thread>
  <message>platform.Method.clickOnElement is PASSED</message>
  <nestedLevel>1</nestedLevel>
</record>
<record>
  <date>2020-09-01T18:39:28</date>
  <millis>1598965768970</millis>
  <sequence>161</sequence>
  <level>END</level>
  <class>com.kms.katalon.core.logging.XmlKeywordLogger</class>
  <method>endKeyword</method>
  <thread>1</thread>
  <message>End action : platform.Method.clickOnElement(findTestObject(\&amp;quot;Generic/webObjectWithText\&amp;quot;, [\&amp;quot;textValue\&amp;quot;:\&amp;quot;Security\&amp;quot;]))</message>
  <nestedLevel>1</nestedLevel>
</record>
<record>
  <date>2020-09-01T18:39:28</date>
  <millis>1598965768974</millis>
  <sequence>162</sequence>
  <level>START</level>
  <class>com.kms.katalon.core.logging.XmlKeywordLogger</class>
  <method>startKeyword</method>
  <thread>1</thread>
  <message>Start action : verifyElementPresent(findTestObject(\&amp;quot;NewRepo/inputConsentDisclaimer\&amp;quot;), 10, STOP_ON_FAILURE)</message>
  <nestedLevel>1</nestedLevel>
  <property name="startLine">28</property>
  <property name="stepIndex">6</property>
</record>
<record>
  <date>2020-09-01T18:39:30</date>
  <millis>1598965770412</millis>
  <sequence>168</sequence>
  <level>PASSED</level>
  <class>com.kms.katalon.core.logging.XmlKeywordLogger</class>
  <method>logMessage</method>
  <thread>1</thread>
  <message>Object &amp;apos;Object Repository/NewRepo/inputConsentDisclaimer&amp;apos; is present</message>
  <nestedLevel>1</nestedLevel>
</record>
<record>
  <date>2020-09-01T18:39:30</date>
  <millis>1598965770414</millis>
  <sequence>169</sequence>
  <level>END</level>
  <class>com.kms.katalon.core.logging.XmlKeywordLogger</class>
  <method>endKeyword</method>
  <thread>1</thread>
  <message>End action : verifyElementPresent(findTestObject(\&amp;quot;NewRepo/inputConsentDisclaimer\&amp;quot;), 10, STOP_ON_FAILURE)</message>
  <nestedLevel>1</nestedLevel>
</record>
<record>
  <date>2020-09-01T18:39:30</date>
  <millis>1598965770415</millis>
  <sequence>170</sequence>
  <level>START</level>
  <class>com.kms.katalon.core.logging.XmlKeywordLogger</class>
  <method>startKeyword</method>
  <thread>1</thread>
  <message>Start action : platform.Method.clickOnElement(findTestObject(\&amp;quot;Generic/webObjectWithText\&amp;quot;, [\&amp;quot;textValue\&amp;quot;:\&amp;quot;Handover and Inference\&amp;quot;]))</message>
  <nestedLevel>1</nestedLevel>
  <property name="startLine">30</property>
  <property name="stepIndex">7</property>
</record>
<record>
  <date>2020-09-01T18:39:32</date>
  <millis>1598965772764</millis>
  <sequence>175</sequence>
  <level>PASSED</level>
  <class>com.kms.katalon.core.logging.XmlKeywordLogger</class>
  <method>logMessage</method>
  <thread>1</thread>
  <message>platform.Method.clickOnElement is PASSED</message>
  <nestedLevel>1</nestedLevel>
</record>
<record>
  <date>2020-09-01T18:39:32</date>
  <millis>1598965772766</millis>
  <sequence>176</sequence>
  <level>END</level>
  <class>com.kms.katalon.core.logging.XmlKeywordLogger</class>
  <method>endKeyword</method>
  <thread>1</thread>
  <message>End action : platform.Method.clickOnElement(findTestObject(\&amp;quot;Generic/webObjectWithText\&amp;quot;, [\&amp;quot;textValue\&amp;quot;:\&amp;quot;Handover and Inference\&amp;quot;]))</message>
  <nestedLevel>1</nestedLevel>
</record>
<record>
  <date>2020-09-01T18:39:32</date>
  <millis>1598965772767</millis>
  <sequence>177</sequence>
  <level>START</level>
  <class>com.kms.katalon.core.logging.XmlKeywordLogger</class>
  <method>startKeyword</method>
  <thread>1</thread>
  <message>Start action : waitForElementPresent(findTestObject(\&amp;quot;Generic/webObjectWithText\&amp;quot;, [\&amp;quot;textValue\&amp;quot;:\&amp;quot;Inference\&amp;quot;]), 10, STOP_ON_FAILURE)</message>
  <nestedLevel>1</nestedLevel>
  <property name="startLine">32</property>
  <property name="stepIndex">8</property>
</record>
<record>
  <date>2020-09-01T18:39:34</date>
  <millis>1598965774222</millis>
  <sequence>183</sequence>
  <level>PASSED</level>
  <class>com.kms.katalon.core.logging.XmlKeywordLogger</class>
  <method>logMessage</method>
  <thread>1</thread>
  <message>Object &amp;apos;Object Repository/Generic/webObjectWithText&amp;apos; is present</message>
  <nestedLevel>1</nestedLevel>
</record>
<record>
  <date>2020-09-01T18:39:34</date>
  <millis>1598965774224</millis>
  <sequence>184</sequence>
  <level>END</level>
  <class>com.kms.katalon.core.logging.XmlKeywordLogger</class>
  <method>endKeyword</method>
  <thread>1</thread>
  <message>End action : waitForElementPresent(findTestObject(\&amp;quot;Generic/webObjectWithText\&amp;quot;, [\&amp;quot;textValue\&amp;quot;:\&amp;quot;Inference\&amp;quot;]), 10, STOP_ON_FAILURE)</message>
  <nestedLevel>1</nestedLevel>
</record>
<record>
  <date>2020-09-01T18:39:34</date>
  <millis>1598965774225</millis>
  <sequence>185</sequence>
  <level>START</level>
  <class>com.kms.katalon.core.logging.XmlKeywordLogger</class>
  <method>startKeyword</method>
  <thread>1</thread>
  <message>Start action : platform.Method.clickOnElement(findTestObject(\&amp;quot;Generic/webObjectWithText\&amp;quot;, [\&amp;quot;textValue\&amp;quot;:\&amp;quot;Integrations\&amp;quot;]))</message>
  <nestedLevel>1</nestedLevel>
  <property name="startLine">34</property>
  <property name="stepIndex">9</property>
</record>
<record>
  <date>2020-09-01T18:39:36</date>
  <millis>1598965776765</millis>
  <sequence>190</sequence>
  <level>PASSED</level>
  <class>com.kms.katalon.core.logging.XmlKeywordLogger</class>
  <method>logMessage</method>
  <thread>1</thread>
  <message>platform.Method.clickOnElement is PASSED</message>
  <nestedLevel>1</nestedLevel>
</record>
<record>
  <date>2020-09-01T18:39:36</date>
  <millis>1598965776767</millis>
  <sequence>191</sequence>
  <level>END</level>
  <class>com.kms.katalon.core.logging.XmlKeywordLogger</class>
  <method>endKeyword</method>
  <thread>1</thread>
  <message>End action : platform.Method.clickOnElement(findTestObject(\&amp;quot;Generic/webObjectWithText\&amp;quot;, [\&amp;quot;textValue\&amp;quot;:\&amp;quot;Integrations\&amp;quot;]))</message>
  <nestedLevel>1</nestedLevel>
</record>
<record>
  <date>2020-09-01T18:39:36</date>
  <millis>1598965776769</millis>
  <sequence>192</sequence>
  <level>START</level>
  <class>com.kms.katalon.core.logging.XmlKeywordLogger</class>
  <method>startKeyword</method>
  <thread>1</thread>
  <message>Start action : waitForElementPresent(findTestObject(\&amp;quot;Generic/webObjectWithText\&amp;quot;, [\&amp;quot;textValue\&amp;quot;:\&amp;quot;Chat Agent Platforms\&amp;quot;]), 10, STOP_ON_FAILURE)</message>
  <nestedLevel>1</nestedLevel>
  <property name="startLine">36</property>
  <property name="stepIndex">10</property>
</record>
<record>
  <date>2020-09-01T18:39:38</date>
  <millis>1598965778229</millis>
  <sequence>198</sequence>
  <level>PASSED</level>
  <class>com.kms.katalon.core.logging.XmlKeywordLogger</class>
  <method>logMessage</method>
  <thread>1</thread>
  <message>Object &amp;apos;Object Repository/Generic/webObjectWithText&amp;apos; is present</message>
  <nestedLevel>1</nestedLevel>
</record>
<record>
  <date>2020-09-01T18:39:38</date>
  <millis>1598965778231</millis>
  <sequence>199</sequence>
  <level>END</level>
  <class>com.kms.katalon.core.logging.XmlKeywordLogger</class>
  <method>endKeyword</method>
  <thread>1</thread>
  <message>End action : waitForElementPresent(findTestObject(\&amp;quot;Generic/webObjectWithText\&amp;quot;, [\&amp;quot;textValue\&amp;quot;:\&amp;quot;Chat Agent Platforms\&amp;quot;]), 10, STOP_ON_FAILURE)</message>
  <nestedLevel>1</nestedLevel>
</record>
<record>
  <date>2020-09-01T18:39:38</date>
  <millis>1598965778232</millis>
  <sequence>200</sequence>
  <level>START</level>
  <class>com.kms.katalon.core.logging.XmlKeywordLogger</class>
  <method>startKeyword</method>
  <thread>1</thread>
  <message>Start action : platform.Method.clickOnElement(findTestObject(\&amp;quot;Generic/nlp\&amp;quot;))</message>
  <nestedLevel>1</nestedLevel>
  <property name="startLine">38</property>
  <property name="stepIndex">11</property>
</record>
<record>
  <date>2020-09-01T18:39:40</date>
  <millis>1598965780989</millis>
  <sequence>205</sequence>
  <level>PASSED</level>
  <class>com.kms.katalon.core.logging.XmlKeywordLogger</class>
  <method>logMessage</method>
  <thread>1</thread>
  <message>platform.Method.clickOnElement is PASSED</message>
  <nestedLevel>1</nestedLevel>
</record>
<record>
  <date>2020-09-01T18:39:40</date>
  <millis>1598965780991</millis>
  <sequence>206</sequence>
  <level>END</level>
  <class>com.kms.katalon.core.logging.XmlKeywordLogger</class>
  <method>endKeyword</method>
  <thread>1</thread>
  <message>End action : platform.Method.clickOnElement(findTestObject(\&amp;quot;Generic/nlp\&amp;quot;))</message>
  <nestedLevel>1</nestedLevel>
</record>
<record>
  <date>2020-09-01T18:39:40</date>
  <millis>1598965780992</millis>
  <sequence>207</sequence>
  <level>START</level>
  <class>com.kms.katalon.core.logging.XmlKeywordLogger</class>
  <method>startKeyword</method>
  <thread>1</thread>
  <message>Start action : waitForElementPresent(findTestObject(\&amp;quot;Generic/webObjectWithText\&amp;quot;, [\&amp;quot;textValue\&amp;quot;:\&amp;quot;Input recognition\&amp;quot;]), 10, STOP_ON_FAILURE)</message>
  <nestedLevel>1</nestedLevel>
  <property name="startLine">40</property>
  <property name="stepIndex">12</property>
</record>
<record>
  <date>2020-09-01T18:39:42</date>
  <millis>1598965782241</millis>
  <sequence>213</sequence>
  <level>PASSED</level>
  <class>com.kms.katalon.core.logging.XmlKeywordLogger</class>
  <method>logMessage</method>
  <thread>1</thread>
  <message>Object &amp;apos;Object Repository/Generic/webObjectWithText&amp;apos; is present</message>
  <nestedLevel>1</nestedLevel>
</record>
<record>
  <date>2020-09-01T18:39:42</date>
  <millis>1598965782243</millis>
  <sequence>214</sequence>
  <level>END</level>
  <class>com.kms.katalon.core.logging.XmlKeywordLogger</class>
  <method>endKeyword</method>
  <thread>1</thread>
  <message>End action : waitForElementPresent(findTestObject(\&amp;quot;Generic/webObjectWithText\&amp;quot;, [\&amp;quot;textValue\&amp;quot;:\&amp;quot;Input recognition\&amp;quot;]), 10, STOP_ON_FAILURE)</message>
  <nestedLevel>1</nestedLevel>
</record>
<record>
  <date>2020-09-01T18:39:42</date>
  <millis>1598965782244</millis>
  <sequence>215</sequence>
  <level>START</level>
  <class>com.kms.katalon.core.logging.XmlKeywordLogger</class>
  <method>startKeyword</method>
  <thread>1</thread>
  <message>Start action : platform.Method.clickOnElement(findTestObject(\&amp;quot;Generic/webObjectWithText\&amp;quot;, [\&amp;quot;textValue\&amp;quot;:\&amp;quot;Knowledge base\&amp;quot;]))</message>
  <nestedLevel>1</nestedLevel>
  <property name="startLine">42</property>
  <property name="stepIndex">13</property>
</record>
<record>
  <date>2020-09-01T18:39:45</date>
  <millis>1598965785258</millis>
  <sequence>220</sequence>
  <level>PASSED</level>
  <class>com.kms.katalon.core.logging.XmlKeywordLogger</class>
  <method>logMessage</method>
  <thread>1</thread>
  <message>platform.Method.clickOnElement is PASSED</message>
  <nestedLevel>1</nestedLevel>
</record>
<record>
  <date>2020-09-01T18:39:45</date>
  <millis>1598965785259</millis>
  <sequence>221</sequence>
  <level>END</level>
  <class>com.kms.katalon.core.logging.XmlKeywordLogger</class>
  <method>endKeyword</method>
  <thread>1</thread>
  <message>End action : platform.Method.clickOnElement(findTestObject(\&amp;quot;Generic/webObjectWithText\&amp;quot;, [\&amp;quot;textValue\&amp;quot;:\&amp;quot;Knowledge base\&amp;quot;]))</message>
  <nestedLevel>1</nestedLevel>
</record>
<record>
  <date>2020-09-01T18:39:45</date>
  <millis>1598965785260</millis>
  <sequence>222</sequence>
  <level>START</level>
  <class>com.kms.katalon.core.logging.XmlKeywordLogger</class>
  <method>startKeyword</method>
  <thread>1</thread>
  <message>Start action : verifyElementPresent(findTestObject(\&amp;quot;NewRepo/newConceptBtn\&amp;quot;), 10, STOP_ON_FAILURE)</message>
  <nestedLevel>1</nestedLevel>
  <property name="startLine">44</property>
  <property name="stepIndex">14</property>
</record>
<record>
  <date>2020-09-01T18:39:46</date>
  <millis>1598965786752</millis>
  <sequence>228</sequence>
  <level>PASSED</level>
  <class>com.kms.katalon.core.logging.XmlKeywordLogger</class>
  <method>logMessage</method>
  <thread>1</thread>
  <message>Object &amp;apos;Object Repository/NewRepo/newConceptBtn&amp;apos; is present</message>
  <nestedLevel>1</nestedLevel>
</record>
<record>
  <date>2020-09-01T18:39:46</date>
  <millis>1598965786754</millis>
  <sequence>229</sequence>
  <level>END</level>
  <class>com.kms.katalon.core.logging.XmlKeywordLogger</class>
  <method>endKeyword</method>
  <thread>1</thread>
  <message>End action : verifyElementPresent(findTestObject(\&amp;quot;NewRepo/newConceptBtn\&amp;quot;), 10, STOP_ON_FAILURE)</message>
  <nestedLevel>1</nestedLevel>
</record>
<record>
  <date>2020-09-01T18:39:46</date>
  <millis>1598965786755</millis>
  <sequence>230</sequence>
  <level>START</level>
  <class>com.kms.katalon.core.logging.XmlKeywordLogger</class>
  <method>startKeyword</method>
  <thread>1</thread>
  <message>Start action : platform.Method.clickOnElement(findTestObject(\&amp;quot;Generic/articles\&amp;quot;))</message>
  <nestedLevel>1</nestedLevel>
  <property name="startLine">46</property>
  <property name="stepIndex">15</property>
</record>
<record>
  <date>2020-09-01T18:39:49</date>
  <millis>1598965789024</millis>
  <sequence>235</sequence>
  <level>PASSED</level>
  <class>com.kms.katalon.core.logging.XmlKeywordLogger</class>
  <method>logMessage</method>
  <thread>1</thread>
  <message>platform.Method.clickOnElement is PASSED</message>
  <nestedLevel>1</nestedLevel>
</record>
<record>
  <date>2020-09-01T18:39:49</date>
  <millis>1598965789027</millis>
  <sequence>236</sequence>
  <level>END</level>
  <class>com.kms.katalon.core.logging.XmlKeywordLogger</class>
  <method>endKeyword</method>
  <thread>1</thread>
  <message>End action : platform.Method.clickOnElement(findTestObject(\&amp;quot;Generic/articles\&amp;quot;))</message>
  <nestedLevel>1</nestedLevel>
</record>
<record>
  <date>2020-09-01T18:39:49</date>
  <millis>1598965789028</millis>
  <sequence>237</sequence>
  <level>START</level>
  <class>com.kms.katalon.core.logging.XmlKeywordLogger</class>
  <method>startKeyword</method>
  <thread>1</thread>
  <message>Start action : waitForElementPresent(findTestObject(\&amp;quot;Generic/webObjectWithText\&amp;quot;, [\&amp;quot;textValue\&amp;quot;:\&amp;quot;Knowledge base\&amp;quot;]), 10, STOP_ON_FAILURE)</message>
  <nestedLevel>1</nestedLevel>
  <property name="startLine">48</property>
  <property name="stepIndex">16</property>
</record>
<record>
  <date>2020-09-01T18:39:50</date>
  <millis>1598965790255</millis>
  <sequence>243</sequence>
  <level>PASSED</level>
  <class>com.kms.katalon.core.logging.XmlKeywordLogger</class>
  <method>logMessage</method>
  <thread>1</thread>
  <message>Object &amp;apos;Object Repository/Generic/webObjectWithText&amp;apos; is present</message>
  <nestedLevel>1</nestedLevel>
</record>
<record>
  <date>2020-09-01T18:39:50</date>
  <millis>1598965790256</millis>
  <sequence>244</sequence>
  <level>END</level>
  <class>com.kms.katalon.core.logging.XmlKeywordLogger</class>
  <method>endKeyword</method>
  <thread>1</thread>
  <message>End action : waitForElementPresent(findTestObject(\&amp;quot;Generic/webObjectWithText\&amp;quot;, [\&amp;quot;textValue\&amp;quot;:\&amp;quot;Knowledge base\&amp;quot;]), 10, STOP_ON_FAILURE)</message>
  <nestedLevel>1</nestedLevel>
</record>
<record>
  <date>2020-09-01T18:39:50</date>
  <millis>1598965790257</millis>
  <sequence>245</sequence>
  <level>START</level>
  <class>com.kms.katalon.core.logging.XmlKeywordLogger</class>
  <method>startKeyword</method>
  <thread>1</thread>
  <message>Start action : platform.Method.clickOnElement(findTestObject(\&amp;quot;Generic/webObjectWithText\&amp;quot;, [\&amp;quot;textValue\&amp;quot;:\&amp;quot;Curation\&amp;quot;]))</message>
  <nestedLevel>1</nestedLevel>
  <property name="startLine">50</property>
  <property name="stepIndex">17</property>
</record>
<record>
  <date>2020-09-01T18:39:52</date>
  <millis>1598965792697</millis>
  <sequence>250</sequence>
  <level>PASSED</level>
  <class>com.kms.katalon.core.logging.XmlKeywordLogger</class>
  <method>logMessage</method>
  <thread>1</thread>
  <message>platform.Method.clickOnElement is PASSED</message>
  <nestedLevel>1</nestedLevel>
</record>
<record>
  <date>2020-09-01T18:39:52</date>
  <millis>1598965792699</millis>
  <sequence>251</sequence>
  <level>END</level>
  <class>com.kms.katalon.core.logging.XmlKeywordLogger</class>
  <method>endKeyword</method>
  <thread>1</thread>
  <message>End action : platform.Method.clickOnElement(findTestObject(\&amp;quot;Generic/webObjectWithText\&amp;quot;, [\&amp;quot;textValue\&amp;quot;:\&amp;quot;Curation\&amp;quot;]))</message>
  <nestedLevel>1</nestedLevel>
</record>
<record>
  <date>2020-09-01T18:39:52</date>
  <millis>1598965792701</millis>
  <sequence>252</sequence>
  <level>START</level>
  <class>com.kms.katalon.core.logging.XmlKeywordLogger</class>
  <method>startKeyword</method>
  <thread>1</thread>
  <message>Start action : waitForElementPresent(findTestObject(\&amp;quot;Generic/webObjectWithText\&amp;quot;, [\&amp;quot;textValue\&amp;quot;:\&amp;quot;Unresolved issues\&amp;quot;]), 10, STOP_ON_FAILURE)</message>
  <nestedLevel>1</nestedLevel>
  <property name="startLine">52</property>
  <property name="stepIndex">18</property>
</record>
<record>
  <date>2020-09-01T18:39:54</date>
  <millis>1598965794000</millis>
  <sequence>258</sequence>
  <level>PASSED</level>
  <class>com.kms.katalon.core.logging.XmlKeywordLogger</class>
  <method>logMessage</method>
  <thread>1</thread>
  <message>Object &amp;apos;Object Repository/Generic/webObjectWithText&amp;apos; is present</message>
  <nestedLevel>1</nestedLevel>
</record>
<record>
  <date>2020-09-01T18:39:54</date>
  <millis>1598965794002</millis>
  <sequence>259</sequence>
  <level>END</level>
  <class>com.kms.katalon.core.logging.XmlKeywordLogger</class>
  <method>endKeyword</method>
  <thread>1</thread>
  <message>End action : waitForElementPresent(findTestObject(\&amp;quot;Generic/webObjectWithText\&amp;quot;, [\&amp;quot;textValue\&amp;quot;:\&amp;quot;Unresolved issues\&amp;quot;]), 10, STOP_ON_FAILURE)</message>
  <nestedLevel>1</nestedLevel>
</record>
<record>
  <date>2020-09-01T18:39:54</date>
  <millis>1598965794003</millis>
  <sequence>260</sequence>
  <level>START</level>
  <class>com.kms.katalon.core.logging.XmlKeywordLogger</class>
  <method>startKeyword</method>
  <thread>1</thread>
  <message>Start action : platform.Method.clickOnElement(findTestObject(\&amp;quot;Generic/session\&amp;quot;))</message>
  <nestedLevel>1</nestedLevel>
  <property name="startLine">54</property>
  <property name="stepIndex">19</property>
</record>
<record>
  <date>2020-09-01T18:39:57</date>
  <millis>1598965797145</millis>
  <sequence>265</sequence>
  <level>PASSED</level>
  <class>com.kms.katalon.core.logging.XmlKeywordLogger</class>
  <method>logMessage</method>
  <thread>1</thread>
  <message>platform.Method.clickOnElement is PASSED</message>
  <nestedLevel>1</nestedLevel>
</record>
<record>
  <date>2020-09-01T18:39:57</date>
  <millis>1598965797147</millis>
  <sequence>266</sequence>
  <level>END</level>
  <class>com.kms.katalon.core.logging.XmlKeywordLogger</class>
  <method>endKeyword</method>
  <thread>1</thread>
  <message>End action : platform.Method.clickOnElement(findTestObject(\&amp;quot;Generic/session\&amp;quot;))</message>
  <nestedLevel>1</nestedLevel>
</record>
<record>
  <date>2020-09-01T18:39:57</date>
  <millis>1598965797148</millis>
  <sequence>267</sequence>
  <level>START</level>
  <class>com.kms.katalon.core.logging.XmlKeywordLogger</class>
  <method>startKeyword</method>
  <thread>1</thread>
  <message>Start action : waitForElementPresent(findTestObject(\&amp;quot;Generic/webObjectWithText\&amp;quot;, [\&amp;quot;textValue\&amp;quot;:\&amp;quot;Conversations\&amp;quot;]), 10, STOP_ON_FAILURE)</message>
  <nestedLevel>1</nestedLevel>
  <property name="startLine">56</property>
  <property name="stepIndex">20</property>
</record>
<record>
  <date>2020-09-01T18:39:58</date>
  <millis>1598965798719</millis>
  <sequence>273</sequence>
  <level>PASSED</level>
  <class>com.kms.katalon.core.logging.XmlKeywordLogger</class>
  <method>logMessage</method>
  <thread>1</thread>
  <message>Object &amp;apos;Object Repository/Generic/webObjectWithText&amp;apos; is present</message>
  <nestedLevel>1</nestedLevel>
</record>
<record>
  <date>2020-09-01T18:39:58</date>
  <millis>1598965798720</millis>
  <sequence>274</sequence>
  <level>END</level>
  <class>com.kms.katalon.core.logging.XmlKeywordLogger</class>
  <method>endKeyword</method>
  <thread>1</thread>
  <message>End action : waitForElementPresent(findTestObject(\&amp;quot;Generic/webObjectWithText\&amp;quot;, [\&amp;quot;textValue\&amp;quot;:\&amp;quot;Conversations\&amp;quot;]), 10, STOP_ON_FAILURE)</message>
  <nestedLevel>1</nestedLevel>
</record>
<record>
  <date>2020-09-01T18:39:58</date>
  <millis>1598965798721</millis>
  <sequence>275</sequence>
  <level>START</level>
  <class>com.kms.katalon.core.logging.XmlKeywordLogger</class>
  <method>startKeyword</method>
  <thread>1</thread>
  <message>Start action : platform.Method.clickOnElement(findTestObject(\&amp;quot;Generic/webObjectWithText\&amp;quot;, [\&amp;quot;textValue\&amp;quot;:\&amp;quot;History\&amp;quot;]))</message>
  <nestedLevel>1</nestedLevel>
  <property name="startLine">58</property>
  <property name="stepIndex">21</property>
</record>
<record>
  <date>2020-09-01T18:40:01</date>
  <millis>1598965801106</millis>
  <sequence>280</sequence>
  <level>PASSED</level>
  <class>com.kms.katalon.core.logging.XmlKeywordLogger</class>
  <method>logMessage</method>
  <thread>1</thread>
  <message>platform.Method.clickOnElement is PASSED</message>
  <nestedLevel>1</nestedLevel>
</record>
<record>
  <date>2020-09-01T18:40:01</date>
  <millis>1598965801108</millis>
  <sequence>281</sequence>
  <level>END</level>
  <class>com.kms.katalon.core.logging.XmlKeywordLogger</class>
  <method>endKeyword</method>
  <thread>1</thread>
  <message>End action : platform.Method.clickOnElement(findTestObject(\&amp;quot;Generic/webObjectWithText\&amp;quot;, [\&amp;quot;textValue\&amp;quot;:\&amp;quot;History\&amp;quot;]))</message>
  <nestedLevel>1</nestedLevel>
</record>
<record>
  <date>2020-09-01T18:40:01</date>
  <millis>1598965801111</millis>
  <sequence>282</sequence>
  <level>START</level>
  <class>com.kms.katalon.core.logging.XmlKeywordLogger</class>
  <method>startKeyword</method>
  <thread>1</thread>
  <message>Start action : waitForElementPresent(findTestObject(\&amp;quot;Generic/webObjectWithText\&amp;quot;, [\&amp;quot;textValue\&amp;quot;:\&amp;quot;History\&amp;quot;]), 10, STOP_ON_FAILURE)</message>
  <nestedLevel>1</nestedLevel>
  <property name="startLine">60</property>
  <property name="stepIndex">22</property>
</record>
<record>
  <date>2020-09-01T18:40:02</date>
  <millis>1598965802600</millis>
  <sequence>288</sequence>
  <level>PASSED</level>
  <class>com.kms.katalon.core.logging.XmlKeywordLogger</class>
  <method>logMessage</method>
  <thread>1</thread>
  <message>Object &amp;apos;Object Repository/Generic/webObjectWithText&amp;apos; is present</message>
  <nestedLevel>1</nestedLevel>
</record>
<record>
  <date>2020-09-01T18:40:02</date>
  <millis>1598965802606</millis>
  <sequence>289</sequence>
  <level>END</level>
  <class>com.kms.katalon.core.logging.XmlKeywordLogger</class>
  <method>endKeyword</method>
  <thread>1</thread>
  <message>End action : waitForElementPresent(findTestObject(\&amp;quot;Generic/webObjectWithText\&amp;quot;, [\&amp;quot;textValue\&amp;quot;:\&amp;quot;History\&amp;quot;]), 10, STOP_ON_FAILURE)</message>
  <nestedLevel>1</nestedLevel>
</record>
<record>
  <date>2020-09-01T18:40:02</date>
  <millis>1598965802607</millis>
  <sequence>290</sequence>
  <level>PASSED</level>
  <class>com.kms.katalon.core.logging.XmlKeywordLogger</class>
  <method>logMessage</method>
  <thread>1</thread>
  <message>Test Cases/FAQ_SSO/botSideOptionsNavigation_Test</message>
  <nestedLevel>1</nestedLevel>
</record>
<record>
  <date>2020-09-01T18:40:02</date>
  <millis>1598965802611</millis>
  <sequence>291</sequence>
  <level>END</level>
  <class>com.kms.katalon.core.logging.XmlKeywordLogger</class>
  <method>endTest</method>
  <thread>1</thread>
  <message>End Test Case : Test Cases/FAQ_SSO/botSideOptionsNavigation_Test</message>
  <nestedLevel>0</nestedLevel>
</record>
<record>
  <date>2020-09-01T18:40:02</date>
  <millis>1598965802630</millis>
  <sequence>292</sequence>
  <level>START</level>
  <class>com.kms.katalon.core.logging.XmlKeywordLogger</class>
  <method>startTest</method>
  <thread>1</thread>
  <message>Start Test Case : Test Cases/FAQ_SSO/botUrlAndDefaultArticleConfiguration_Test</message>
  <nestedLevel>1</nestedLevel>
  <property name="name">Test Cases/FAQ_SSO/botUrlAndDefaultArticleConfiguration_Test</property>
  <property name="description">TestCase Agenda: Update bot logo and welcome message</property>
  <property name="id">Test Cases/FAQ_SSO/botUrlAndDefaultArticleConfiguration_Test</property>
  <property name="source">D:\\IMIbot.ai-Project\\Test Cases\\FAQ_SSO\\botUrlAndDefaultArticleConfiguration_Test.tc</property>
  <property name="tag"></property>
  <property name="isOptional">false</property>
</record>
<record>
  <date>2020-09-01T18:40:06</date>
  <millis>1598965806765</millis>
  <sequence>298</sequence>
  <level>INFO</level>
  <class>com.kms.katalon.core.logging.XmlKeywordLogger</class>
  <method>logMessage</method>
  <thread>1</thread>
  <message>(Default) botLogo = https://avaamo.ai/wp-content/uploads/2017/01/chatbotsfuterpswm-300x225.jpg</message>
  <nestedLevel>1</nestedLevel>
</record>
<record>
  <date>2020-09-01T18:40:06</date>
  <millis>1598965806946</millis>
  <sequence>303</sequence>
  <level>INFO</level>
  <class>com.kms.katalon.core.logging.XmlKeywordLogger</class>
  <method>logMessage</method>
  <thread>1</thread>
  <message>(Default) welcomeMessage = Hi! I&amp;apos;m your bank bot designed to help you with your basic queries on bank related areas.</message>
  <nestedLevel>1</nestedLevel>
</record>
<record>
  <date>2020-09-01T18:40:06</date>
  <millis>1598965806962</millis>
  <sequence>304</sequence>
  <level>INFO</level>
  <class>com.kms.katalon.core.logging.XmlKeywordLogger</class>
  <method>logMessage</method>
  <thread>1</thread>
  <message>(Default) comment = Updated welcome message and bot logo</message>
  <nestedLevel>1</nestedLevel>
</record>
<record>
  <date>2020-09-01T18:40:07</date>
  <millis>1598965807107</millis>
  <sequence>309</sequence>
  <level>INFO</level>
  <class>com.kms.katalon.core.logging.XmlKeywordLogger</class>
  <method>logMessage</method>
  <thread>1</thread>
  <message>(Default) customMessage = Sorry, I was unable to comprehend your intentions. I&amp;apos;ve displayed suggestion that might to relatable to your query</message>
  <nestedLevel>1</nestedLevel>
</record>
<record>
  <date>2020-09-01T18:40:07</date>
  <millis>1598965807401</millis>
  <sequence>310</sequence>
  <level>START</level>
  <class>com.kms.katalon.core.logging.XmlKeywordLogger</class>
  <method>startKeyword</method>
  <thread>1</thread>
  <message>Start action : platform.Method.clickOnElement(findTestObject(\&amp;quot;ICONS/sidebarSettings\&amp;quot;))</message>
  <nestedLevel>1</nestedLevel>
  <property name="startLine">20</property>
  <property name="stepIndex">1</property>
</record>
<record>
  <date>2020-09-01T18:40:10</date>
  <millis>1598965810658</millis>
  <sequence>315</sequence>
  <level>PASSED</level>
  <class>com.kms.katalon.core.logging.XmlKeywordLogger</class>
  <method>logMessage</method>
  <thread>1</thread>
  <message>platform.Method.clickOnElement is PASSED</message>
  <nestedLevel>1</nestedLevel>
</record>
<record>
  <date>2020-09-01T18:40:10</date>
  <millis>1598965810660</millis>
  <sequence>316</sequence>
  <level>END</level>
  <class>com.kms.katalon.core.logging.XmlKeywordLogger</class>
  <method>endKeyword</method>
  <thread>1</thread>
  <message>End action : platform.Method.clickOnElement(findTestObject(\&amp;quot;ICONS/sidebarSettings\&amp;quot;))</message>
  <nestedLevel>1</nestedLevel>
</record>
<record>
  <date>2020-09-01T18:40:10</date>
  <millis>1598965810661</millis>
  <sequence>317</sequence>
  <level>START</level>
  <class>com.kms.katalon.core.logging.XmlKeywordLogger</class>
  <method>startKeyword</method>
  <thread>1</thread>
  <message>Start action : waitForElementPresent(findTestObject(\&amp;quot;Input/botLogo\&amp;quot;), 20, OPTIONAL)</message>
  <nestedLevel>1</nestedLevel>
  <property name="startLine">22</property>
  <property name="stepIndex">2</property>
</record>
<record>
  <date>2020-09-01T18:40:11</date>
  <millis>1598965811897</millis>
  <sequence>323</sequence>
  <level>PASSED</level>
  <class>com.kms.katalon.core.logging.XmlKeywordLogger</class>
  <method>logMessage</method>
  <thread>1</thread>
  <message>Object &amp;apos;Object Repository/Input/botLogo&amp;apos; is present</message>
  <nestedLevel>1</nestedLevel>
</record>
<record>
  <date>2020-09-01T18:40:11</date>
  <millis>1598965811899</millis>
  <sequence>324</sequence>
  <level>END</level>
  <class>com.kms.katalon.core.logging.XmlKeywordLogger</class>
  <method>endKeyword</method>
  <thread>1</thread>
  <message>End action : waitForElementPresent(findTestObject(\&amp;quot;Input/botLogo\&amp;quot;), 20, OPTIONAL)</message>
  <nestedLevel>1</nestedLevel>
</record>
<record>
  <date>2020-09-01T18:40:11</date>
  <millis>1598965811900</millis>
  <sequence>325</sequence>
  <level>START</level>
  <class>com.kms.katalon.core.logging.XmlKeywordLogger</class>
  <method>startKeyword</method>
  <thread>1</thread>
  <message>Start action : setText(findTestObject(\&amp;quot;Input/botLogo\&amp;quot;), botLogo)</message>
  <nestedLevel>1</nestedLevel>
  <property name="startLine">24</property>
  <property name="stepIndex">3</property>
</record>
<record>
  <date>2020-09-01T18:40:17</date>
  <millis>1598965817144</millis>
  <sequence>334</sequence>
  <level>PASSED</level>
  <class>com.kms.katalon.core.logging.XmlKeywordLogger</class>
  <method>logMessage</method>
  <thread>1</thread>
  <message>Text &amp;apos;https://avaamo.ai/wp-content/uploads/2017/01/chatbotsfuterpswm-300x225.jpg&amp;apos; is set on object &amp;apos;Object Repository/Input/botLogo&amp;apos;</message>
  <nestedLevel>1</nestedLevel>
</record>
<record>
  <date>2020-09-01T18:40:17</date>
  <millis>1598965817146</millis>
  <sequence>335</sequence>
  <level>END</level>
  <class>com.kms.katalon.core.logging.XmlKeywordLogger</class>
  <method>endKeyword</method>
  <thread>1</thread>
  <message>End action : setText(findTestObject(\&amp;quot;Input/botLogo\&amp;quot;), botLogo)</message>
  <nestedLevel>1</nestedLevel>
</record>
<record>
  <date>2020-09-01T18:40:17</date>
  <millis>1598965817147</millis>
  <sequence>336</sequence>
  <level>START</level>
  <class>com.kms.katalon.core.logging.XmlKeywordLogger</class>
  <method>startKeyword</method>
  <thread>1</thread>
  <message>Start action : platform.Method.clickOnElement(findTestObject(\&amp;quot;Button/updateBot\&amp;quot;))</message>
  <nestedLevel>1</nestedLevel>
  <property name="startLine">26</property>
  <property name="stepIndex">4</property>
</record>
<record>
  <date>2020-09-01T18:40:19</date>
  <millis>1598965819583</millis>
  <sequence>341</sequence>
  <level>PASSED</level>
  <class>com.kms.katalon.core.logging.XmlKeywordLogger</class>
  <method>logMessage</method>
  <thread>1</thread>
  <message>platform.Method.clickOnElement is PASSED</message>
  <nestedLevel>1</nestedLevel>
</record>
<record>
  <date>2020-09-01T18:40:19</date>
  <millis>1598965819586</millis>
  <sequence>342</sequence>
  <level>END</level>
  <class>com.kms.katalon.core.logging.XmlKeywordLogger</class>
  <method>endKeyword</method>
  <thread>1</thread>
  <message>End action : platform.Method.clickOnElement(findTestObject(\&amp;quot;Button/updateBot\&amp;quot;))</message>
  <nestedLevel>1</nestedLevel>
</record>
<record>
  <date>2020-09-01T18:40:19</date>
  <millis>1598965819587</millis>
  <sequence>343</sequence>
  <level>START</level>
  <class>com.kms.katalon.core.logging.XmlKeywordLogger</class>
  <method>startKeyword</method>
  <thread>1</thread>
  <message>Start action : verifyElementPresent(findTestObject(\&amp;quot;ICONS/toastMsg\&amp;quot;), 15, STOP_ON_FAILURE)</message>
  <nestedLevel>1</nestedLevel>
  <property name="startLine">28</property>
  <property name="stepIndex">5</property>
</record>
<record>
  <date>2020-09-01T18:40:24</date>
  <millis>1598965824354</millis>
  <sequence>349</sequence>
  <level>PASSED</level>
  <class>com.kms.katalon.core.logging.XmlKeywordLogger</class>
  <method>logMessage</method>
  <thread>1</thread>
  <message>Object &amp;apos;Object Repository/ICONS/toastMsg&amp;apos; is present</message>
  <nestedLevel>1</nestedLevel>
</record>
<record>
  <date>2020-09-01T18:40:24</date>
  <millis>1598965824356</millis>
  <sequence>350</sequence>
  <level>END</level>
  <class>com.kms.katalon.core.logging.XmlKeywordLogger</class>
  <method>endKeyword</method>
  <thread>1</thread>
  <message>End action : verifyElementPresent(findTestObject(\&amp;quot;ICONS/toastMsg\&amp;quot;), 15, STOP_ON_FAILURE)</message>
  <nestedLevel>1</nestedLevel>
</record>
<record>
  <date>2020-09-01T18:40:24</date>
  <millis>1598965824358</millis>
  <sequence>351</sequence>
  <level>START</level>
  <class>com.kms.katalon.core.logging.XmlKeywordLogger</class>
  <method>startKeyword</method>
  <thread>1</thread>
  <message>Start action : platform.Method.clickOnElement(findTestObject(\&amp;quot;Generic/articles\&amp;quot;))</message>
  <nestedLevel>1</nestedLevel>
  <property name="startLine">30</property>
  <property name="stepIndex">6</property>
</record>
<record>
  <date>2020-09-01T18:40:26</date>
  <millis>1598965826779</millis>
  <sequence>356</sequence>
  <level>PASSED</level>
  <class>com.kms.katalon.core.logging.XmlKeywordLogger</class>
  <method>logMessage</method>
  <thread>1</thread>
  <message>platform.Method.clickOnElement is PASSED</message>
  <nestedLevel>1</nestedLevel>
</record>
<record>
  <date>2020-09-01T18:40:26</date>
  <millis>1598965826781</millis>
  <sequence>357</sequence>
  <level>END</level>
  <class>com.kms.katalon.core.logging.XmlKeywordLogger</class>
  <method>endKeyword</method>
  <thread>1</thread>
  <message>End action : platform.Method.clickOnElement(findTestObject(\&amp;quot;Generic/articles\&amp;quot;))</message>
  <nestedLevel>1</nestedLevel>
</record>
<record>
  <date>2020-09-01T18:40:26</date>
  <millis>1598965826784</millis>
  <sequence>358</sequence>
  <level>START</level>
  <class>com.kms.katalon.core.logging.XmlKeywordLogger</class>
  <method>startKeyword</method>
  <thread>1</thread>
  <message>Start action : platform.Method.clickOnElement(findTestObject(\&amp;quot;Generic/webObjectWithText\&amp;quot;, [\&amp;quot;textValue\&amp;quot;:\&amp;quot;Welcome Message\&amp;quot;]))</message>
  <nestedLevel>1</nestedLevel>
  <property name="startLine">32</property>
  <property name="stepIndex">7</property>
</record>
<record>
  <date>2020-09-01T18:40:29</date>
  <millis>1598965829379</millis>
  <sequence>363</sequence>
  <level>PASSED</level>
  <class>com.kms.katalon.core.logging.XmlKeywordLogger</class>
  <method>logMessage</method>
  <thread>1</thread>
  <message>platform.Method.clickOnElement is PASSED</message>
  <nestedLevel>1</nestedLevel>
</record>
<record>
  <date>2020-09-01T18:40:29</date>
  <millis>1598965829383</millis>
  <sequence>364</sequence>
  <level>END</level>
  <class>com.kms.katalon.core.logging.XmlKeywordLogger</class>
  <method>endKeyword</method>
  <thread>1</thread>
  <message>End action : platform.Method.clickOnElement(findTestObject(\&amp;quot;Generic/webObjectWithText\&amp;quot;, [\&amp;quot;textValue\&amp;quot;:\&amp;quot;Welcome Message\&amp;quot;]))</message>
  <nestedLevel>1</nestedLevel>
</record>
<record>
  <date>2020-09-01T18:40:29</date>
  <millis>1598965829384</millis>
  <sequence>365</sequence>
  <level>START</level>
  <class>com.kms.katalon.core.logging.XmlKeywordLogger</class>
  <method>startKeyword</method>
  <thread>1</thread>
  <message>Start action : setText(findTestObject(\&amp;quot;Input/textResponse\&amp;quot;), welcomeMessage)</message>
  <nestedLevel>1</nestedLevel>
  <property name="startLine">34</property>
  <property name="stepIndex">8</property>
</record>
<record>
  <date>2020-09-01T18:40:35</date>
  <millis>1598965835137</millis>
  <sequence>374</sequence>
  <level>PASSED</level>
  <class>com.kms.katalon.core.logging.XmlKeywordLogger</class>
  <method>logMessage</method>
  <thread>1</thread>
  <message>Text &amp;apos;Hi! I&amp;apos;m your bank bot designed to help you with your basic queries on bank related areas.&amp;apos; is set on object &amp;apos;Object Repository/Input/textResponse&amp;apos;</message>
  <nestedLevel>1</nestedLevel>
</record>
<record>
  <date>2020-09-01T18:40:35</date>
  <millis>1598965835140</millis>
  <sequence>375</sequence>
  <level>END</level>
  <class>com.kms.katalon.core.logging.XmlKeywordLogger</class>
  <method>endKeyword</method>
  <thread>1</thread>
  <message>End action : setText(findTestObject(\&amp;quot;Input/textResponse\&amp;quot;), welcomeMessage)</message>
  <nestedLevel>1</nestedLevel>
</record>
<record>
  <date>2020-09-01T18:40:35</date>
  <millis>1598965835141</millis>
  <sequence>376</sequence>
  <level>START</level>
  <class>com.kms.katalon.core.logging.XmlKeywordLogger</class>
  <method>startKeyword</method>
  <thread>1</thread>
  <message>Start action : platform.Method.clickOnElement(findTestObject(\&amp;quot;Button/save\&amp;quot;, [\&amp;quot;value\&amp;quot;:\&amp;quot;Save\&amp;quot;]))</message>
  <nestedLevel>1</nestedLevel>
  <property name="startLine">36</property>
  <property name="stepIndex">9</property>
</record>
<record>
  <date>2020-09-01T18:40:37</date>
  <millis>1598965837600</millis>
  <sequence>381</sequence>
  <level>PASSED</level>
  <class>com.kms.katalon.core.logging.XmlKeywordLogger</class>
  <method>logMessage</method>
  <thread>1</thread>
  <message>platform.Method.clickOnElement is PASSED</message>
  <nestedLevel>1</nestedLevel>
</record>
<record>
  <date>2020-09-01T18:40:37</date>
  <millis>1598965837601</millis>
  <sequence>382</sequence>
  <level>END</level>
  <class>com.kms.katalon.core.logging.XmlKeywordLogger</class>
  <method>endKeyword</method>
  <thread>1</thread>
  <message>End action : platform.Method.clickOnElement(findTestObject(\&amp;quot;Button/save\&amp;quot;, [\&amp;quot;value\&amp;quot;:\&amp;quot;Save\&amp;quot;]))</message>
  <nestedLevel>1</nestedLevel>
</record>
<record>
  <date>2020-09-01T18:40:37</date>
  <millis>1598965837602</millis>
  <sequence>383</sequence>
  <level>START</level>
  <class>com.kms.katalon.core.logging.XmlKeywordLogger</class>
  <method>startKeyword</method>
  <thread>1</thread>
  <message>Start action : platform.Method.trainAndComment(comment)</message>
  <nestedLevel>1</nestedLevel>
  <property name="startLine">38</property>
  <property name="stepIndex">10</property>
</record>
<record>
  <date>2020-09-01T18:40:43</date>
  <millis>1598965843807</millis>
  <sequence>387</sequence>
  <level>INFO</level>
  <class>com.kms.katalon.core.logging.XmlKeywordLogger</class>
  <method>logMessage</method>
  <thread>1</thread>
  <message>Unable to find the element located by &amp;apos;By.xpath: //button//span[contains(text(),&amp;apos;Train&amp;apos;)]&amp;apos;. Please recheck the objects properties to make sure the desired element is located. </message>
  <nestedLevel>1</nestedLevel>
</record>
<record>
  <date>2020-09-01T18:40:43</date>
  <millis>1598965843810</millis>
  <sequence>388</sequence>
  <level>INFO</level>
  <class>com.kms.katalon.core.logging.XmlKeywordLogger</class>
  <method>logMessage</method>
  <thread>1</thread>
  <message>BOT STATE IS TRAINED</message>
  <nestedLevel>1</nestedLevel>
</record>
<record>
  <date>2020-09-01T18:40:43</date>
  <millis>1598965843811</millis>
  <sequence>389</sequence>
  <level>PASSED</level>
  <class>com.kms.katalon.core.logging.XmlKeywordLogger</class>
  <method>logMessage</method>
  <thread>1</thread>
  <message>platform.Method.trainAndComment is PASSED</message>
  <nestedLevel>1</nestedLevel>
</record>
<record>
  <date>2020-09-01T18:40:43</date>
  <millis>1598965843813</millis>
  <sequence>390</sequence>
  <level>END</level>
  <class>com.kms.katalon.core.logging.XmlKeywordLogger</class>
  <method>endKeyword</method>
  <thread>1</thread>
  <message>End action : platform.Method.trainAndComment(comment)</message>
  <nestedLevel>1</nestedLevel>
</record>
<record>
  <date>2020-09-01T18:40:43</date>
  <millis>1598965843814</millis>
  <sequence>391</sequence>
  <level>START</level>
  <class>com.kms.katalon.core.logging.XmlKeywordLogger</class>
  <method>startKeyword</method>
  <thread>1</thread>
  <message>Start action : platform.Method.clickOnElement(findTestObject(\&amp;quot;Generic/webObjectWithText\&amp;quot;, [\&amp;quot;textValue\&amp;quot;:\&amp;quot;Partial match\&amp;quot;]))</message>
  <nestedLevel>1</nestedLevel>
  <property name="startLine">40</property>
  <property name="stepIndex">11</property>
</record>
<record>
  <date>2020-09-01T18:40:46</date>
  <millis>1598965846562</millis>
  <sequence>396</sequence>
  <level>PASSED</level>
  <class>com.kms.katalon.core.logging.XmlKeywordLogger</class>
  <method>logMessage</method>
  <thread>1</thread>
  <message>platform.Method.clickOnElement is PASSED</message>
  <nestedLevel>1</nestedLevel>
</record>
<record>
  <date>2020-09-01T18:40:46</date>
  <millis>1598965846569</millis>
  <sequence>397</sequence>
  <level>END</level>
  <class>com.kms.katalon.core.logging.XmlKeywordLogger</class>
  <method>endKeyword</method>
  <thread>1</thread>
  <message>End action : platform.Method.clickOnElement(findTestObject(\&amp;quot;Generic/webObjectWithText\&amp;quot;, [\&amp;quot;textValue\&amp;quot;:\&amp;quot;Partial match\&amp;quot;]))</message>
  <nestedLevel>1</nestedLevel>
</record>
<record>
  <date>2020-09-01T18:40:46</date>
  <millis>1598965846571</millis>
  <sequence>398</sequence>
  <level>START</level>
  <class>com.kms.katalon.core.logging.XmlKeywordLogger</class>
  <method>startKeyword</method>
  <thread>1</thread>
  <message>Start action : setText(findTestObject(\&amp;quot;Input/textResponse\&amp;quot;), customMessage)</message>
  <nestedLevel>1</nestedLevel>
  <property name="startLine">42</property>
  <property name="stepIndex">12</property>
</record>
<record>
  <date>2020-09-01T18:40:51</date>
  <millis>1598965851614</millis>
  <sequence>407</sequence>
  <level>PASSED</level>
  <class>com.kms.katalon.core.logging.XmlKeywordLogger</class>
  <method>logMessage</method>
  <thread>1</thread>
  <message>Text &amp;apos;Sorry, I was unable to comprehend your intentions. I&amp;apos;ve displayed suggestion that might to relatable to your query&amp;apos; is set on object &amp;apos;Object Repository/Input/textResponse&amp;apos;</message>
  <nestedLevel>1</nestedLevel>
</record>
<record>
  <date>2020-09-01T18:40:51</date>
  <millis>1598965851617</millis>
  <sequence>408</sequence>
  <level>END</level>
  <class>com.kms.katalon.core.logging.XmlKeywordLogger</class>
  <method>endKeyword</method>
  <thread>1</thread>
  <message>End action : setText(findTestObject(\&amp;quot;Input/textResponse\&amp;quot;), customMessage)</message>
  <nestedLevel>1</nestedLevel>
</record>
<record>
  <date>2020-09-01T18:40:51</date>
  <millis>1598965851618</millis>
  <sequence>409</sequence>
  <level>START</level>
  <class>com.kms.katalon.core.logging.XmlKeywordLogger</class>
  <method>startKeyword</method>
  <thread>1</thread>
  <message>Start action : platform.Method.clickOnElement(findTestObject(\&amp;quot;Button/save\&amp;quot;, [\&amp;quot;value\&amp;quot;:\&amp;quot;Save\&amp;quot;]))</message>
  <nestedLevel>1</nestedLevel>
  <property name="startLine">44</property>
  <property name="stepIndex">13</property>
</record>
<record>
  <date>2020-09-01T18:40:53</date>
  <millis>1598965853864</millis>
  <sequence>414</sequence>
  <level>PASSED</level>
  <class>com.kms.katalon.core.logging.XmlKeywordLogger</class>
  <method>logMessage</method>
  <thread>1</thread>
  <message>platform.Method.clickOnElement is PASSED</message>
  <nestedLevel>1</nestedLevel>
</record>
<record>
  <date>2020-09-01T18:40:53</date>
  <millis>1598965853866</millis>
  <sequence>415</sequence>
  <level>END</level>
  <class>com.kms.katalon.core.logging.XmlKeywordLogger</class>
  <method>endKeyword</method>
  <thread>1</thread>
  <message>End action : platform.Method.clickOnElement(findTestObject(\&amp;quot;Button/save\&amp;quot;, [\&amp;quot;value\&amp;quot;:\&amp;quot;Save\&amp;quot;]))</message>
  <nestedLevel>1</nestedLevel>
</record>
<record>
  <date>2020-09-01T18:40:53</date>
  <millis>1598965853867</millis>
  <sequence>416</sequence>
  <level>START</level>
  <class>com.kms.katalon.core.logging.XmlKeywordLogger</class>
  <method>startKeyword</method>
  <thread>1</thread>
  <message>Start action : verifyElementNotPresent(findTestObject(\&amp;quot;Button/train\&amp;quot;), 5, STOP_ON_FAILURE)</message>
  <nestedLevel>1</nestedLevel>
  <property name="startLine">46</property>
  <property name="stepIndex">14</property>
</record>
<record>
  <date>2020-09-01T18:40:55</date>
  <millis>1598965855276</millis>
  <sequence>421</sequence>
  <level>PASSED</level>
  <class>com.kms.katalon.core.logging.XmlKeywordLogger</class>
  <method>logMessage</method>
  <thread>1</thread>
  <message>Web element with id: &amp;apos;Object Repository/Button/train&amp;apos; located by &amp;apos;By.xpath: //button//span[contains(text(),&amp;apos;Train&amp;apos;)]&amp;apos; is not present after &amp;apos;5&amp;apos; second(s)</message>
  <nestedLevel>1</nestedLevel>
</record>
<record>
  <date>2020-09-01T18:40:55</date>
  <millis>1598965855278</millis>
  <sequence>422</sequence>
  <level>END</level>
  <class>com.kms.katalon.core.logging.XmlKeywordLogger</class>
  <method>endKeyword</method>
  <thread>1</thread>
  <message>End action : verifyElementNotPresent(findTestObject(\&amp;quot;Button/train\&amp;quot;), 5, STOP_ON_FAILURE)</message>
  <nestedLevel>1</nestedLevel>
</record>
<record>
  <date>2020-09-01T18:40:55</date>
  <millis>1598965855279</millis>
  <sequence>423</sequence>
  <level>START</level>
  <class>com.kms.katalon.core.logging.XmlKeywordLogger</class>
  <method>startKeyword</method>
  <thread>1</thread>
  <message>Start action : platform.Method.clickOnElement(findTestObject(\&amp;quot;Button/preview\&amp;quot;))</message>
  <nestedLevel>1</nestedLevel>
  <property name="startLine">48</property>
  <property name="stepIndex">15</property>
</record>
</log>