<?xml version="1.0" encoding="UTF-8" standalone="no"?>
<!DOCTYPE log SYSTEM "logger.dtd">
<log>
<record>
  <date>2021-01-05T16:02:07</date>
  <millis>1609842727908</millis>
  <sequence>0</sequence>
  <level>START</level>
  <class>com.kms.katalon.core.logging.XmlKeywordLogger</class>
  <method>startSuite</method>
  <thread>1</thread>
  <message>Start Test Suite : Test Suites/BotBuilder</message>
  <nestedLevel>0</nestedLevel>
  <property name="name">BotBuilder</property>
  <property name="description"></property>
  <property name="id">Test Suites/BotBuilder</property>
</record>
<record>
  <date>2021-01-05T16:02:07</date>
  <millis>1609842727936</millis>
  <sequence>1</sequence>
  <level>RUN_DATA</level>
  <class>com.kms.katalon.core.logging.XmlKeywordLogger</class>
  <method>logMessage</method>
  <thread>1</thread>
  <message>hostName = narendra.n - WLPT580.imidomain.com</message>
  <nestedLevel>0</nestedLevel>
  <property name="hostName">narendra.n - WLPT580.imidomain.com</property>
</record>
<record>
  <date>2021-01-05T16:02:07</date>
  <millis>1609842727937</millis>
  <sequence>2</sequence>
  <level>RUN_DATA</level>
  <class>com.kms.katalon.core.logging.XmlKeywordLogger</class>
  <method>logMessage</method>
  <thread>1</thread>
  <message>os = Windows 8.1 64bit</message>
  <nestedLevel>0</nestedLevel>
  <property name="os">Windows 8.1 64bit</property>
</record>
<record>
  <date>2021-01-05T16:02:07</date>
  <millis>1609842727961</millis>
  <sequence>3</sequence>
  <level>RUN_DATA</level>
  <class>com.kms.katalon.core.logging.XmlKeywordLogger</class>
  <method>logMessage</method>
  <thread>1</thread>
  <message>hostAddress = 192.168.29.195</message>
  <nestedLevel>0</nestedLevel>
  <property name="hostAddress">192.168.29.195</property>
</record>
<record>
  <date>2021-01-05T16:02:07</date>
  <millis>1609842727976</millis>
  <sequence>4</sequence>
  <level>RUN_DATA</level>
  <class>com.kms.katalon.core.logging.XmlKeywordLogger</class>
  <method>logMessage</method>
  <thread>1</thread>
  <message>katalonVersion = 6.3.3.11</message>
  <nestedLevel>0</nestedLevel>
  <property name="katalonVersion">6.3.3.11</property>
</record>
<record>
  <date>2021-01-05T16:02:07</date>
  <millis>1609842727991</millis>
  <sequence>5</sequence>
  <level>START</level>
  <class>com.kms.katalon.core.logging.XmlKeywordLogger</class>
  <method>startKeyword</method>
  <thread>1</thread>
  <message>Start listener action : botBuilderSetUp</message>
  <nestedLevel>0</nestedLevel>
</record>
<record>
  <date>2021-01-05T16:02:08</date>
  <millis>1609842728047</millis>
  <sequence>7</sequence>
  <level>START</level>
  <class>com.kms.katalon.core.logging.XmlKeywordLogger</class>
  <method>startKeyword</method>
  <thread>1</thread>
  <message>Start action : openBrowser(CONNECT_URL)</message>
  <nestedLevel>1</nestedLevel>
  <property name="startLine">47</property>
  <property name="stepIndex">1</property>
</record>
<record>
  <date>2021-01-05T16:02:08</date>
  <millis>1609842728976</millis>
  <sequence>9</sequence>
  <level>INFO</level>
  <class>com.kms.katalon.core.logging.XmlKeywordLogger</class>
  <method>logMessage</method>
  <thread>1</thread>
  <message>Starting &amp;apos;Chrome&amp;apos; driver</message>
  <nestedLevel>0</nestedLevel>
</record>
<record>
  <date>2021-01-05T16:02:09</date>
  <millis>1609842729008</millis>
  <sequence>11</sequence>
  <level>INFO</level>
  <class>com.kms.katalon.core.logging.XmlKeywordLogger</class>
  <method>logMessage</method>
  <thread>1</thread>
  <message>User set preference: [&amp;apos;args&amp;apos;, &amp;apos;[--start-maximized]&amp;apos;]</message>
  <nestedLevel>0</nestedLevel>
</record>
<record>
  <date>2021-01-05T16:02:09</date>
  <millis>1609842729030</millis>
  <sequence>12</sequence>
  <level>INFO</level>
  <class>com.kms.katalon.core.logging.XmlKeywordLogger</class>
  <method>logMessage</method>
  <thread>1</thread>
  <message>Action delay is set to 1 seconds</message>
  <nestedLevel>0</nestedLevel>
</record>
<record>
  <date>2021-01-05T16:02:14</date>
  <millis>1609842734965</millis>
  <sequence>14</sequence>
  <level>RUN_DATA</level>
  <class>com.kms.katalon.core.logging.XmlKeywordLogger</class>
  <method>logMessage</method>
  <thread>1</thread>
  <message>sessionId = ce995f77ad7c1ed8fd2a0cc2d301874f</message>
  <nestedLevel>0</nestedLevel>
  <property name="sessionId">ce995f77ad7c1ed8fd2a0cc2d301874f</property>
</record>
<record>
  <date>2021-01-05T16:02:16</date>
  <millis>1609842736130</millis>
  <sequence>15</sequence>
  <level>RUN_DATA</level>
  <class>com.kms.katalon.core.logging.XmlKeywordLogger</class>
  <method>logMessage</method>
  <thread>1</thread>
  <message>browser = Chrome 87.0.4280.88</message>
  <nestedLevel>0</nestedLevel>
  <property name="browser">Chrome 87.0.4280.88</property>
</record>
<record>
  <date>2021-01-05T16:02:16</date>
  <millis>1609842736137</millis>
  <sequence>16</sequence>
  <level>RUN_DATA</level>
  <class>com.kms.katalon.core.logging.XmlKeywordLogger</class>
  <method>logMessage</method>
  <thread>1</thread>
  <message>platform = Windows 8.1</message>
  <nestedLevel>0</nestedLevel>
  <property name="platform">Windows 8.1</property>
</record>
<record>
  <date>2021-01-05T16:02:16</date>
  <millis>1609842736142</millis>
  <sequence>17</sequence>
  <level>RUN_DATA</level>
  <class>com.kms.katalon.core.logging.XmlKeywordLogger</class>
  <method>logMessage</method>
  <thread>1</thread>
  <message>seleniumVersion = 3.141.59</message>
  <nestedLevel>0</nestedLevel>
  <property name="seleniumVersion">3.141.59</property>
</record>
<record>
  <date>2021-01-05T16:02:16</date>
  <millis>1609842736156</millis>
  <sequence>18</sequence>
  <level>RUN_DATA</level>
  <class>com.kms.katalon.core.logging.XmlKeywordLogger</class>
  <method>logMessage</method>
  <thread>1</thread>
  <message>proxyInformation = ProxyInformation{proxyOption=NO_PROXY, proxyServerType=HTTP, password=, proxyServerAddress=, proxyServerPort=0}</message>
  <nestedLevel>0</nestedLevel>
  <property name="proxyInformation">ProxyInformation{proxyOption=NO_PROXY, proxyServerType=HTTP, password=, proxyServerAddress=, proxyServerPort=0}</property>
</record>
<record>
  <date>2021-01-05T16:02:25</date>
  <millis>1609842745324</millis>
  <sequence>20</sequence>
  <level>PASSED</level>
  <class>com.kms.katalon.core.logging.XmlKeywordLogger</class>
  <method>logMessage</method>
  <thread>1</thread>
  <message>Browser is opened with url: &amp;apos;https://botclientstaging.imiconnect.co/&amp;apos;</message>
  <nestedLevel>0</nestedLevel>
</record>
<record>
  <date>2021-01-05T16:02:25</date>
  <millis>1609842745326</millis>
  <sequence>21</sequence>
  <level>END</level>
  <class>com.kms.katalon.core.logging.XmlKeywordLogger</class>
  <method>endKeyword</method>
  <thread>1</thread>
  <message>End action : openBrowser(CONNECT_URL)</message>
  <nestedLevel>1</nestedLevel>
</record>
<record>
  <date>2021-01-05T16:02:25</date>
  <millis>1609842745327</millis>
  <sequence>22</sequence>
  <level>START</level>
  <class>com.kms.katalon.core.logging.XmlKeywordLogger</class>
  <method>startKeyword</method>
  <thread>1</thread>
  <message>Start action : maximizeWindow()</message>
  <nestedLevel>1</nestedLevel>
  <property name="startLine">48</property>
  <property name="stepIndex">2</property>
</record>
<record>
  <date>2021-01-05T16:02:27</date>
  <millis>1609842747450</millis>
  <sequence>24</sequence>
  <level>PASSED</level>
  <class>com.kms.katalon.core.logging.XmlKeywordLogger</class>
  <method>logMessage</method>
  <thread>1</thread>
  <message>Current window maximized</message>
  <nestedLevel>0</nestedLevel>
</record>
<record>
  <date>2021-01-05T16:02:27</date>
  <millis>1609842747453</millis>
  <sequence>26</sequence>
  <level>END</level>
  <class>com.kms.katalon.core.logging.XmlKeywordLogger</class>
  <method>endKeyword</method>
  <thread>1</thread>
  <message>End action : maximizeWindow()</message>
  <nestedLevel>1</nestedLevel>
</record>
<record>
  <date>2021-01-05T16:02:27</date>
  <millis>1609842747454</millis>
  <sequence>27</sequence>
  <level>END</level>
  <class>com.kms.katalon.core.logging.XmlKeywordLogger</class>
  <method>endKeyword</method>
  <thread>1</thread>
  <message>End listener action : botBuilderSetUp</message>
  <nestedLevel>0</nestedLevel>
</record>
<record>
  <date>2021-01-05T16:02:27</date>
  <millis>1609842747469</millis>
  <sequence>28</sequence>
  <level>START</level>
  <class>com.kms.katalon.core.logging.XmlKeywordLogger</class>
  <method>startKeyword</method>
  <thread>1</thread>
  <message>Start listener action : beforeExportKatalonReports</message>
  <nestedLevel>0</nestedLevel>
</record>
<record>
  <date>2021-01-05T16:02:27</date>
  <millis>1609842747491</millis>
  <sequence>30</sequence>
  <level>INFO</level>
  <class>com.kms.katalon.core.logging.XmlKeywordLogger</class>
  <method>logMessage</method>
  <thread>1</thread>
  <message>This Katalon Studio version has been deprecated. Please upgrade Katalon Studio to the latest version.</message>
  <nestedLevel>0</nestedLevel>
</record>
<record>
  <date>2021-01-05T16:02:27</date>
  <millis>1609842747493</millis>
  <sequence>32</sequence>
  <level>END</level>
  <class>com.kms.katalon.core.logging.XmlKeywordLogger</class>
  <method>endKeyword</method>
  <thread>1</thread>
  <message>End listener action : beforeExportKatalonReports</message>
  <nestedLevel>0</nestedLevel>
</record>
<record>
  <date>2021-01-05T16:02:28</date>
  <millis>1609842748772</millis>
  <sequence>33</sequence>
  <level>START</level>
  <class>com.kms.katalon.core.logging.XmlKeywordLogger</class>
  <method>startTest</method>
  <thread>1</thread>
  <message>Start Test Case : Test Cases/Connect-botbuilder/login_to_bot_builder</message>
  <nestedLevel>1</nestedLevel>
  <property name="name">Test Cases/Connect-botbuilder/login_to_bot_builder</property>
  <property name="description"></property>
  <property name="id">Test Cases/Connect-botbuilder/login_to_bot_builder</property>
  <property name="source">D:\\IMIbot.ai-Project\\Test Cases\\Connect-botbuilder\\login_to_bot_builder.tc</property>
  <property name="tag"></property>
  <property name="isOptional">false</property>
</record>
<record>
  <date>2021-01-05T16:02:30</date>
  <millis>1609842750257</millis>
  <sequence>35</sequence>
  <level>START</level>
  <class>com.kms.katalon.core.logging.XmlKeywordLogger</class>
  <method>startKeyword</method>
  <thread>1</thread>
  <message>Start action : sendKeys(findTestObject(\&amp;quot;BOTBUILDER/inputUserName\&amp;quot;), CONNECT_USERNAME)</message>
  <nestedLevel>1</nestedLevel>
  <property name="startLine">19</property>
  <property name="stepIndex">1</property>
</record>
<record>
  <date>2021-01-05T16:02:33</date>
  <millis>1609842753457</millis>
  <sequence>41</sequence>
  <level>PASSED</level>
  <class>com.kms.katalon.core.logging.XmlKeywordLogger</class>
  <method>logMessage</method>
  <thread>1</thread>
  <message>Keys &amp;apos;hellbotuser@mailinator.com&amp;apos; sent to object: &amp;apos;Object Repository/BOTBUILDER/inputUserName&amp;apos;</message>
  <nestedLevel>1</nestedLevel>
</record>
<record>
  <date>2021-01-05T16:02:33</date>
  <millis>1609842753462</millis>
  <sequence>42</sequence>
  <level>END</level>
  <class>com.kms.katalon.core.logging.XmlKeywordLogger</class>
  <method>endKeyword</method>
  <thread>1</thread>
  <message>End action : sendKeys(findTestObject(\&amp;quot;BOTBUILDER/inputUserName\&amp;quot;), CONNECT_USERNAME)</message>
  <nestedLevel>1</nestedLevel>
</record>
<record>
  <date>2021-01-05T16:02:33</date>
  <millis>1609842753471</millis>
  <sequence>43</sequence>
  <level>START</level>
  <class>com.kms.katalon.core.logging.XmlKeywordLogger</class>
  <method>startKeyword</method>
  <thread>1</thread>
  <message>Start action : platform.Method.clickOnElement(findTestObject(\&amp;quot;BOTBUILDER/btnNext\&amp;quot;))</message>
  <nestedLevel>1</nestedLevel>
  <property name="startLine">21</property>
  <property name="stepIndex">2</property>
</record>
<record>
  <date>2021-01-05T16:02:36</date>
  <millis>1609842756154</millis>
  <sequence>48</sequence>
  <level>PASSED</level>
  <class>com.kms.katalon.core.logging.XmlKeywordLogger</class>
  <method>logMessage</method>
  <thread>1</thread>
  <message>platform.Method.clickOnElement is PASSED</message>
  <nestedLevel>1</nestedLevel>
</record>
<record>
  <date>2021-01-05T16:02:36</date>
  <millis>1609842756157</millis>
  <sequence>49</sequence>
  <level>END</level>
  <class>com.kms.katalon.core.logging.XmlKeywordLogger</class>
  <method>endKeyword</method>
  <thread>1</thread>
  <message>End action : platform.Method.clickOnElement(findTestObject(\&amp;quot;BOTBUILDER/btnNext\&amp;quot;))</message>
  <nestedLevel>1</nestedLevel>
</record>
<record>
  <date>2021-01-05T16:02:36</date>
  <millis>1609842756158</millis>
  <sequence>50</sequence>
  <level>START</level>
  <class>com.kms.katalon.core.logging.XmlKeywordLogger</class>
  <method>startKeyword</method>
  <thread>1</thread>
  <message>Start action : sendKeys(findTestObject(\&amp;quot;BOTBUILDER/inputPassword\&amp;quot;), CONNECT_PASSWORD)</message>
  <nestedLevel>1</nestedLevel>
  <property name="startLine">23</property>
  <property name="stepIndex">3</property>
</record>
<record>
  <date>2021-01-05T16:02:38</date>
  <millis>1609842758952</millis>
  <sequence>56</sequence>
  <level>PASSED</level>
  <class>com.kms.katalon.core.logging.XmlKeywordLogger</class>
  <method>logMessage</method>
  <thread>1</thread>
  <message>Keys &amp;apos;Ump@1234&amp;apos; sent to object: &amp;apos;Object Repository/BOTBUILDER/inputPassword&amp;apos;</message>
  <nestedLevel>1</nestedLevel>
</record>
<record>
  <date>2021-01-05T16:02:38</date>
  <millis>1609842758954</millis>
  <sequence>57</sequence>
  <level>END</level>
  <class>com.kms.katalon.core.logging.XmlKeywordLogger</class>
  <method>endKeyword</method>
  <thread>1</thread>
  <message>End action : sendKeys(findTestObject(\&amp;quot;BOTBUILDER/inputPassword\&amp;quot;), CONNECT_PASSWORD)</message>
  <nestedLevel>1</nestedLevel>
</record>
<record>
  <date>2021-01-05T16:02:38</date>
  <millis>1609842758956</millis>
  <sequence>58</sequence>
  <level>START</level>
  <class>com.kms.katalon.core.logging.XmlKeywordLogger</class>
  <method>startKeyword</method>
  <thread>1</thread>
  <message>Start action : platform.Method.clickOnElement(findTestObject(\&amp;quot;BOTBUILDER/btnLogin\&amp;quot;))</message>
  <nestedLevel>1</nestedLevel>
  <property name="startLine">25</property>
  <property name="stepIndex">4</property>
</record>
<record>
  <date>2021-01-05T16:02:41</date>
  <millis>1609842761420</millis>
  <sequence>63</sequence>
  <level>PASSED</level>
  <class>com.kms.katalon.core.logging.XmlKeywordLogger</class>
  <method>logMessage</method>
  <thread>1</thread>
  <message>platform.Method.clickOnElement is PASSED</message>
  <nestedLevel>1</nestedLevel>
</record>
<record>
  <date>2021-01-05T16:02:41</date>
  <millis>1609842761422</millis>
  <sequence>64</sequence>
  <level>END</level>
  <class>com.kms.katalon.core.logging.XmlKeywordLogger</class>
  <method>endKeyword</method>
  <thread>1</thread>
  <message>End action : platform.Method.clickOnElement(findTestObject(\&amp;quot;BOTBUILDER/btnLogin\&amp;quot;))</message>
  <nestedLevel>1</nestedLevel>
</record>
<record>
  <date>2021-01-05T16:02:41</date>
  <millis>1609842761424</millis>
  <sequence>65</sequence>
  <level>START</level>
  <class>com.kms.katalon.core.logging.XmlKeywordLogger</class>
  <method>startKeyword</method>
  <thread>1</thread>
  <message>Start action : currentWindow = getWebDriver().getWindowHandle()</message>
  <nestedLevel>1</nestedLevel>
  <property name="startLine">27</property>
  <property name="stepIndex">5</property>
</record>
<record>
  <date>2021-01-05T16:02:42</date>
  <millis>1609842762442</millis>
  <sequence>66</sequence>
  <level>END</level>
  <class>com.kms.katalon.core.logging.XmlKeywordLogger</class>
  <method>endKeyword</method>
  <thread>1</thread>
  <message>End action : currentWindow = getWebDriver().getWindowHandle()</message>
  <nestedLevel>1</nestedLevel>
</record>
<record>
  <date>2021-01-05T16:02:42</date>
  <millis>1609842762443</millis>
  <sequence>67</sequence>
  <level>START</level>
  <class>com.kms.katalon.core.logging.XmlKeywordLogger</class>
  <method>startKeyword</method>
  <thread>1</thread>
  <message>Start action : mouseOver(findTestObject(\&amp;quot;BOTBUILDER/iconAppTray\&amp;quot;), CONTINUE_ON_FAILURE)</message>
  <nestedLevel>1</nestedLevel>
  <property name="startLine">29</property>
  <property name="stepIndex">6</property>
</record>
<record>
  <date>2021-01-05T16:02:45</date>
  <millis>1609842765220</millis>
  <sequence>74</sequence>
  <level>PASSED</level>
  <class>com.kms.katalon.core.logging.XmlKeywordLogger</class>
  <method>logMessage</method>
  <thread>1</thread>
  <message>Object: &amp;apos;Object Repository/BOTBUILDER/iconAppTray&amp;apos; is hovered</message>
  <nestedLevel>1</nestedLevel>
</record>
<record>
  <date>2021-01-05T16:02:45</date>
  <millis>1609842765225</millis>
  <sequence>75</sequence>
  <level>END</level>
  <class>com.kms.katalon.core.logging.XmlKeywordLogger</class>
  <method>endKeyword</method>
  <thread>1</thread>
  <message>End action : mouseOver(findTestObject(\&amp;quot;BOTBUILDER/iconAppTray\&amp;quot;), CONTINUE_ON_FAILURE)</message>
  <nestedLevel>1</nestedLevel>
</record>
<record>
  <date>2021-01-05T16:02:45</date>
  <millis>1609842765226</millis>
  <sequence>76</sequence>
  <level>START</level>
  <class>com.kms.katalon.core.logging.XmlKeywordLogger</class>
  <method>startKeyword</method>
  <thread>1</thread>
  <message>Start action : platform.Method.clickOnElement(findTestObject(\&amp;quot;BOTBUILDER/linkBotBuilder\&amp;quot;))</message>
  <nestedLevel>1</nestedLevel>
  <property name="startLine">31</property>
  <property name="stepIndex">7</property>
</record>
<record>
  <date>2021-01-05T16:02:48</date>
  <millis>1609842768205</millis>
  <sequence>81</sequence>
  <level>PASSED</level>
  <class>com.kms.katalon.core.logging.XmlKeywordLogger</class>
  <method>logMessage</method>
  <thread>1</thread>
  <message>platform.Method.clickOnElement is PASSED</message>
  <nestedLevel>1</nestedLevel>
</record>
<record>
  <date>2021-01-05T16:02:48</date>
  <millis>1609842768208</millis>
  <sequence>82</sequence>
  <level>END</level>
  <class>com.kms.katalon.core.logging.XmlKeywordLogger</class>
  <method>endKeyword</method>
  <thread>1</thread>
  <message>End action : platform.Method.clickOnElement(findTestObject(\&amp;quot;BOTBUILDER/linkBotBuilder\&amp;quot;))</message>
  <nestedLevel>1</nestedLevel>
</record>
<record>
  <date>2021-01-05T16:02:48</date>
  <millis>1609842768212</millis>
  <sequence>83</sequence>
  <level>START</level>
  <class>com.kms.katalon.core.logging.XmlKeywordLogger</class>
  <method>startKeyword</method>
  <thread>1</thread>
  <message>Start action : allTabTitle = getWebDriver().getWindowHandles()</message>
  <nestedLevel>1</nestedLevel>
  <property name="startLine">33</property>
  <property name="stepIndex">8</property>
</record>
<record>
  <date>2021-01-05T16:02:49</date>
  <millis>1609842769241</millis>
  <sequence>84</sequence>
  <level>END</level>
  <class>com.kms.katalon.core.logging.XmlKeywordLogger</class>
  <method>endKeyword</method>
  <thread>1</thread>
  <message>End action : allTabTitle = getWebDriver().getWindowHandles()</message>
  <nestedLevel>1</nestedLevel>
</record>
<record>
  <date>2021-01-05T16:02:49</date>
  <millis>1609842769242</millis>
  <sequence>85</sequence>
  <level>START</level>
  <class>com.kms.katalon.core.logging.XmlKeywordLogger</class>
  <method>startKeyword</method>
  <thread>1</thread>
  <message>Start action : windowIterator = allTabTitle.iterator()</message>
  <nestedLevel>1</nestedLevel>
  <property name="startLine">35</property>
  <property name="stepIndex">9</property>
</record>
<record>
  <date>2021-01-05T16:02:49</date>
  <millis>1609842769293</millis>
  <sequence>86</sequence>
  <level>END</level>
  <class>com.kms.katalon.core.logging.XmlKeywordLogger</class>
  <method>endKeyword</method>
  <thread>1</thread>
  <message>End action : windowIterator = allTabTitle.iterator()</message>
  <nestedLevel>1</nestedLevel>
</record>
<record>
  <date>2021-01-05T16:02:49</date>
  <millis>1609842769295</millis>
  <sequence>87</sequence>
  <level>START</level>
  <class>com.kms.katalon.core.logging.XmlKeywordLogger</class>
  <method>startKeyword</method>
  <thread>1</thread>
  <message>Start action : while (windowIterator.hasNext())</message>
  <nestedLevel>1</nestedLevel>
  <property name="startLine">37</property>
  <property name="stepIndex">10</property>
</record>
<record>
  <date>2021-01-05T16:02:49</date>
  <millis>1609842769343</millis>
  <sequence>88</sequence>
  <level>START</level>
  <class>com.kms.katalon.core.logging.XmlKeywordLogger</class>
  <method>startKeyword</method>
  <thread>1</thread>
  <message>Start action : childwindow = windowIterator.next()</message>
  <nestedLevel>2</nestedLevel>
  <property name="startLine">38</property>
  <property name="stepIndex">1</property>
</record>
<record>
  <date>2021-01-05T16:02:49</date>
  <millis>1609842769353</millis>
  <sequence>89</sequence>
  <level>END</level>
  <class>com.kms.katalon.core.logging.XmlKeywordLogger</class>
  <method>endKeyword</method>
  <thread>1</thread>
  <message>End action : childwindow = windowIterator.next()</message>
  <nestedLevel>2</nestedLevel>
</record>
<record>
  <date>2021-01-05T16:02:49</date>
  <millis>1609842769354</millis>
  <sequence>90</sequence>
  <level>START</level>
  <class>com.kms.katalon.core.logging.XmlKeywordLogger</class>
  <method>startKeyword</method>
  <thread>1</thread>
  <message>Start action : if (!(childwindow.equalsIgnoreCase(currentWindow)))</message>
  <nestedLevel>2</nestedLevel>
  <property name="startLine">40</property>
  <property name="stepIndex">2</property>
</record>
<record>
  <date>2021-01-05T16:02:49</date>
  <millis>1609842769359</millis>
  <sequence>91</sequence>
  <level>END</level>
  <class>com.kms.katalon.core.logging.XmlKeywordLogger</class>
  <method>endKeyword</method>
  <thread>1</thread>
  <message>End action : if (!(childwindow.equalsIgnoreCase(currentWindow)))</message>
  <nestedLevel>2</nestedLevel>
</record>
<record>
  <date>2021-01-05T16:02:49</date>
  <millis>1609842769360</millis>
  <sequence>92</sequence>
  <level>START</level>
  <class>com.kms.katalon.core.logging.XmlKeywordLogger</class>
  <method>startKeyword</method>
  <thread>1</thread>
  <message>Start action : childwindow = windowIterator.next()</message>
  <nestedLevel>2</nestedLevel>
  <property name="startLine">38</property>
  <property name="stepIndex">1</property>
</record>
<record>
  <date>2021-01-05T16:02:49</date>
  <millis>1609842769366</millis>
  <sequence>93</sequence>
  <level>END</level>
  <class>com.kms.katalon.core.logging.XmlKeywordLogger</class>
  <method>endKeyword</method>
  <thread>1</thread>
  <message>End action : childwindow = windowIterator.next()</message>
  <nestedLevel>2</nestedLevel>
</record>
<record>
  <date>2021-01-05T16:02:49</date>
  <millis>1609842769367</millis>
  <sequence>94</sequence>
  <level>START</level>
  <class>com.kms.katalon.core.logging.XmlKeywordLogger</class>
  <method>startKeyword</method>
  <thread>1</thread>
  <message>Start action : if (!(childwindow.equalsIgnoreCase(currentWindow)))</message>
  <nestedLevel>2</nestedLevel>
  <property name="startLine">40</property>
  <property name="stepIndex">2</property>
</record>
<record>
  <date>2021-01-05T16:02:49</date>
  <millis>1609842769371</millis>
  <sequence>95</sequence>
  <level>START</level>
  <class>com.kms.katalon.core.logging.XmlKeywordLogger</class>
  <method>startKeyword</method>
  <thread>1</thread>
  <message>Start action : switchTo().window(childwindow)</message>
  <nestedLevel>3</nestedLevel>
  <property name="startLine">41</property>
  <property name="stepIndex">1</property>
</record>
<record>
  <date>2021-01-05T16:02:50</date>
  <millis>1609842770433</millis>
  <sequence>96</sequence>
  <level>END</level>
  <class>com.kms.katalon.core.logging.XmlKeywordLogger</class>
  <method>endKeyword</method>
  <thread>1</thread>
  <message>End action : switchTo().window(childwindow)</message>
  <nestedLevel>3</nestedLevel>
</record>
<record>
  <date>2021-01-05T16:02:50</date>
  <millis>1609842770434</millis>
  <sequence>97</sequence>
  <level>END</level>
  <class>com.kms.katalon.core.logging.XmlKeywordLogger</class>
  <method>endKeyword</method>
  <thread>1</thread>
  <message>End action : if (!(childwindow.equalsIgnoreCase(currentWindow)))</message>
  <nestedLevel>2</nestedLevel>
</record>
<record>
  <date>2021-01-05T16:02:50</date>
  <millis>1609842770436</millis>
  <sequence>98</sequence>
  <level>END</level>
  <class>com.kms.katalon.core.logging.XmlKeywordLogger</class>
  <method>endKeyword</method>
  <thread>1</thread>
  <message>End action : while (windowIterator.hasNext())</message>
  <nestedLevel>1</nestedLevel>
</record>
<record>
  <date>2021-01-05T16:02:50</date>
  <millis>1609842770437</millis>
  <sequence>99</sequence>
  <level>START</level>
  <class>com.kms.katalon.core.logging.XmlKeywordLogger</class>
  <method>startKeyword</method>
  <thread>1</thread>
  <message>Start action : assert getTitle().contentEquals(\&amp;quot;IMIbot.ai\&amp;quot;) == true</message>
  <nestedLevel>1</nestedLevel>
  <property name="startLine">46</property>
  <property name="stepIndex">11</property>
</record>
<record>
  <date>2021-01-05T16:02:54</date>
  <millis>1609842774004</millis>
  <sequence>100</sequence>
  <level>END</level>
  <class>com.kms.katalon.core.logging.XmlKeywordLogger</class>
  <method>endKeyword</method>
  <thread>1</thread>
  <message>End action : assert getTitle().contentEquals(\&amp;quot;IMIbot.ai\&amp;quot;) == true</message>
  <nestedLevel>1</nestedLevel>
</record>
<record>
  <date>2021-01-05T16:02:54</date>
  <millis>1609842774007</millis>
  <sequence>101</sequence>
  <level>START</level>
  <class>com.kms.katalon.core.logging.XmlKeywordLogger</class>
  <method>startKeyword</method>
  <thread>1</thread>
  <message>Start action : verifyElementPresent(findTestObject(\&amp;quot;Button/createBot\&amp;quot;), 30, CONTINUE_ON_FAILURE)</message>
  <nestedLevel>1</nestedLevel>
  <property name="startLine">48</property>
  <property name="stepIndex">12</property>
</record>
<record>
  <date>2021-01-05T16:03:01</date>
  <millis>1609842781745</millis>
  <sequence>107</sequence>
  <level>PASSED</level>
  <class>com.kms.katalon.core.logging.XmlKeywordLogger</class>
  <method>logMessage</method>
  <thread>1</thread>
  <message>Object &amp;apos;Object Repository/Button/createBot&amp;apos; is present</message>
  <nestedLevel>1</nestedLevel>
</record>
<record>
  <date>2021-01-05T16:03:01</date>
  <millis>1609842781747</millis>
  <sequence>108</sequence>
  <level>END</level>
  <class>com.kms.katalon.core.logging.XmlKeywordLogger</class>
  <method>endKeyword</method>
  <thread>1</thread>
  <message>End action : verifyElementPresent(findTestObject(\&amp;quot;Button/createBot\&amp;quot;), 30, CONTINUE_ON_FAILURE)</message>
  <nestedLevel>1</nestedLevel>
</record>
<record>
  <date>2021-01-05T16:03:01</date>
  <millis>1609842781747</millis>
  <sequence>109</sequence>
  <level>PASSED</level>
  <class>com.kms.katalon.core.logging.XmlKeywordLogger</class>
  <method>logMessage</method>
  <thread>1</thread>
  <message>Test Cases/Connect-botbuilder/login_to_bot_builder</message>
  <nestedLevel>1</nestedLevel>
</record>
<record>
  <date>2021-01-05T16:03:01</date>
  <millis>1609842781749</millis>
  <sequence>110</sequence>
  <level>END</level>
  <class>com.kms.katalon.core.logging.XmlKeywordLogger</class>
  <method>endTest</method>
  <thread>1</thread>
  <message>End Test Case : Test Cases/Connect-botbuilder/login_to_bot_builder</message>
  <nestedLevel>0</nestedLevel>
</record>
<record>
  <date>2021-01-05T16:03:01</date>
  <millis>1609842781773</millis>
  <sequence>111</sequence>
  <level>START</level>
  <class>com.kms.katalon.core.logging.XmlKeywordLogger</class>
  <method>startTest</method>
  <thread>1</thread>
  <message>Start Test Case : Test Cases/FAQ_SSO/botCreation_Test</message>
  <nestedLevel>1</nestedLevel>
  <property name="name">Test Cases/FAQ_SSO/botCreation_Test</property>
  <property name="description">TestCase Agenda: To test faq bot creation</property>
  <property name="id">Test Cases/FAQ_SSO/botCreation_Test</property>
  <property name="source">D:\\IMIbot.ai-Project\\Test Cases\\FAQ_SSO\\botCreation_Test.tc</property>
  <property name="tag"></property>
  <property name="isOptional">false</property>
</record>
<record>
  <date>2021-01-05T16:03:01</date>
  <millis>1609842781973</millis>
  <sequence>113</sequence>
  <level>INFO</level>
  <class>com.kms.katalon.core.logging.XmlKeywordLogger</class>
  <method>logMessage</method>
  <thread>1</thread>
  <message>(Default) nameOfTheBot = CBB_FAQ</message>
  <nestedLevel>1</nestedLevel>
</record>
<record>
  <date>2021-01-05T16:03:02</date>
  <millis>1609842782954</millis>
  <sequence>114</sequence>
  <level>START</level>
  <class>com.kms.katalon.core.logging.XmlKeywordLogger</class>
  <method>startKeyword</method>
  <thread>1</thread>
  <message>Start action : platform.Method.clickOnElement(findTestObject(\&amp;quot;Button/createBot\&amp;quot;))</message>
  <nestedLevel>1</nestedLevel>
  <property name="startLine">18</property>
  <property name="stepIndex">1</property>
</record>
<record>
  <date>2021-01-05T16:03:05</date>
  <millis>1609842785724</millis>
  <sequence>119</sequence>
  <level>PASSED</level>
  <class>com.kms.katalon.core.logging.XmlKeywordLogger</class>
  <method>logMessage</method>
  <thread>1</thread>
  <message>platform.Method.clickOnElement is PASSED</message>
  <nestedLevel>1</nestedLevel>
</record>
<record>
  <date>2021-01-05T16:03:05</date>
  <millis>1609842785727</millis>
  <sequence>120</sequence>
  <level>END</level>
  <class>com.kms.katalon.core.logging.XmlKeywordLogger</class>
  <method>endKeyword</method>
  <thread>1</thread>
  <message>End action : platform.Method.clickOnElement(findTestObject(\&amp;quot;Button/createBot\&amp;quot;))</message>
  <nestedLevel>1</nestedLevel>
</record>
<record>
  <date>2021-01-05T16:03:05</date>
  <millis>1609842785729</millis>
  <sequence>121</sequence>
  <level>START</level>
  <class>com.kms.katalon.core.logging.XmlKeywordLogger</class>
  <method>startKeyword</method>
  <thread>1</thread>
  <message>Start action : sendKeys(findTestObject(\&amp;quot;Input/botName\&amp;quot;), nameOfTheBot)</message>
  <nestedLevel>1</nestedLevel>
  <property name="startLine">20</property>
  <property name="stepIndex">2</property>
</record>
<record>
  <date>2021-01-05T16:03:08</date>
  <millis>1609842788482</millis>
  <sequence>127</sequence>
  <level>PASSED</level>
  <class>com.kms.katalon.core.logging.XmlKeywordLogger</class>
  <method>logMessage</method>
  <thread>1</thread>
  <message>Keys &amp;apos;CBB_FAQ&amp;apos; sent to object: &amp;apos;Object Repository/Input/botName&amp;apos;</message>
  <nestedLevel>1</nestedLevel>
</record>
<record>
  <date>2021-01-05T16:03:08</date>
  <millis>1609842788485</millis>
  <sequence>128</sequence>
  <level>END</level>
  <class>com.kms.katalon.core.logging.XmlKeywordLogger</class>
  <method>endKeyword</method>
  <thread>1</thread>
  <message>End action : sendKeys(findTestObject(\&amp;quot;Input/botName\&amp;quot;), nameOfTheBot)</message>
  <nestedLevel>1</nestedLevel>
</record>
<record>
  <date>2021-01-05T16:03:08</date>
  <millis>1609842788486</millis>
  <sequence>129</sequence>
  <level>START</level>
  <class>com.kms.katalon.core.logging.XmlKeywordLogger</class>
  <method>startKeyword</method>
  <thread>1</thread>
  <message>Start action : platform.Method.clickOnElement(findTestObject(\&amp;quot;Toggle/feedback\&amp;quot;))</message>
  <nestedLevel>1</nestedLevel>
  <property name="startLine">22</property>
  <property name="stepIndex">3</property>
</record>
<record>
  <date>2021-01-05T16:03:10</date>
  <millis>1609842790967</millis>
  <sequence>134</sequence>
  <level>PASSED</level>
  <class>com.kms.katalon.core.logging.XmlKeywordLogger</class>
  <method>logMessage</method>
  <thread>1</thread>
  <message>platform.Method.clickOnElement is PASSED</message>
  <nestedLevel>1</nestedLevel>
</record>
<record>
  <date>2021-01-05T16:03:10</date>
  <millis>1609842790970</millis>
  <sequence>135</sequence>
  <level>END</level>
  <class>com.kms.katalon.core.logging.XmlKeywordLogger</class>
  <method>endKeyword</method>
  <thread>1</thread>
  <message>End action : platform.Method.clickOnElement(findTestObject(\&amp;quot;Toggle/feedback\&amp;quot;))</message>
  <nestedLevel>1</nestedLevel>
</record>
<record>
  <date>2021-01-05T16:03:10</date>
  <millis>1609842790979</millis>
  <sequence>136</sequence>
  <level>START</level>
  <class>com.kms.katalon.core.logging.XmlKeywordLogger</class>
  <method>startKeyword</method>
  <thread>1</thread>
  <message>Start action : platform.Method.clickOnElement(findTestObject(\&amp;quot;Button/done\&amp;quot;))</message>
  <nestedLevel>1</nestedLevel>
  <property name="startLine">24</property>
  <property name="stepIndex">4</property>
</record>
<record>
  <date>2021-01-05T16:03:13</date>
  <millis>1609842793640</millis>
  <sequence>141</sequence>
  <level>PASSED</level>
  <class>com.kms.katalon.core.logging.XmlKeywordLogger</class>
  <method>logMessage</method>
  <thread>1</thread>
  <message>platform.Method.clickOnElement is PASSED</message>
  <nestedLevel>1</nestedLevel>
</record>
<record>
  <date>2021-01-05T16:03:13</date>
  <millis>1609842793650</millis>
  <sequence>142</sequence>
  <level>END</level>
  <class>com.kms.katalon.core.logging.XmlKeywordLogger</class>
  <method>endKeyword</method>
  <thread>1</thread>
  <message>End action : platform.Method.clickOnElement(findTestObject(\&amp;quot;Button/done\&amp;quot;))</message>
  <nestedLevel>1</nestedLevel>
</record>
<record>
  <date>2021-01-05T16:03:13</date>
  <millis>1609842793651</millis>
  <sequence>143</sequence>
  <level>START</level>
  <class>com.kms.katalon.core.logging.XmlKeywordLogger</class>
  <method>startKeyword</method>
  <thread>1</thread>
  <message>Start action : waitForElementVisible(findTestObject(\&amp;quot;Generic/articleState\&amp;quot;), 60, OPTIONAL)</message>
  <nestedLevel>1</nestedLevel>
  <property name="startLine">26</property>
  <property name="stepIndex">5</property>
</record>
<record>
  <date>2021-01-05T16:03:21</date>
  <millis>1609842801449</millis>
  <sequence>150</sequence>
  <level>PASSED</level>
  <class>com.kms.katalon.core.logging.XmlKeywordLogger</class>
  <method>logMessage</method>
  <thread>1</thread>
  <message>Object &amp;apos;Object Repository/Generic/articleState&amp;apos; is visible</message>
  <nestedLevel>1</nestedLevel>
</record>
<record>
  <date>2021-01-05T16:03:21</date>
  <millis>1609842801451</millis>
  <sequence>151</sequence>
  <level>END</level>
  <class>com.kms.katalon.core.logging.XmlKeywordLogger</class>
  <method>endKeyword</method>
  <thread>1</thread>
  <message>End action : waitForElementVisible(findTestObject(\&amp;quot;Generic/articleState\&amp;quot;), 60, OPTIONAL)</message>
  <nestedLevel>1</nestedLevel>
</record>
<record>
  <date>2021-01-05T16:03:21</date>
  <millis>1609842801452</millis>
  <sequence>152</sequence>
  <level>START</level>
  <class>com.kms.katalon.core.logging.XmlKeywordLogger</class>
  <method>startKeyword</method>
  <thread>1</thread>
  <message>Start action : if (!(verifyElementText(findTestObject(\&amp;quot;Generic/articleState\&amp;quot;), \&amp;quot;Trained\&amp;quot;, OPTIONAL)))</message>
  <nestedLevel>1</nestedLevel>
  <property name="startLine">28</property>
  <property name="stepIndex">6</property>
</record>
<record>
  <date>2021-01-05T16:03:23</date>
  <millis>1609842803770</millis>
  <sequence>158</sequence>
  <level>PASSED</level>
  <class>com.kms.katalon.core.logging.XmlKeywordLogger</class>
  <method>logMessage</method>
  <thread>1</thread>
  <message>Actual text and expected text of test object &amp;apos;Object Repository/Generic/articleState&amp;apos; are matched.</message>
  <nestedLevel>1</nestedLevel>
</record>
<record>
  <date>2021-01-05T16:03:23</date>
  <millis>1609842803772</millis>
  <sequence>159</sequence>
  <level>END</level>
  <class>com.kms.katalon.core.logging.XmlKeywordLogger</class>
  <method>endKeyword</method>
  <thread>1</thread>
  <message>End action : if (!(verifyElementText(findTestObject(\&amp;quot;Generic/articleState\&amp;quot;), \&amp;quot;Trained\&amp;quot;, OPTIONAL)))</message>
  <nestedLevel>1</nestedLevel>
</record>
<record>
  <date>2021-01-05T16:03:23</date>
  <millis>1609842803773</millis>
  <sequence>160</sequence>
  <level>START</level>
  <class>com.kms.katalon.core.logging.XmlKeywordLogger</class>
  <method>startKeyword</method>
  <thread>1</thread>
  <message>Start action : platform.Method.clickOnElement(findTestObject(\&amp;quot;GenericII/minimize\&amp;quot;))</message>
  <nestedLevel>1</nestedLevel>
  <property name="startLine">32</property>
  <property name="stepIndex">7</property>
</record>
<record>
  <date>2021-01-05T16:03:26</date>
  <millis>1609842806109</millis>
  <sequence>165</sequence>
  <level>PASSED</level>
  <class>com.kms.katalon.core.logging.XmlKeywordLogger</class>
  <method>logMessage</method>
  <thread>1</thread>
  <message>platform.Method.clickOnElement is PASSED</message>
  <nestedLevel>1</nestedLevel>
</record>
<record>
  <date>2021-01-05T16:03:26</date>
  <millis>1609842806112</millis>
  <sequence>166</sequence>
  <level>END</level>
  <class>com.kms.katalon.core.logging.XmlKeywordLogger</class>
  <method>endKeyword</method>
  <thread>1</thread>
  <message>End action : platform.Method.clickOnElement(findTestObject(\&amp;quot;GenericII/minimize\&amp;quot;))</message>
  <nestedLevel>1</nestedLevel>
</record>
<record>
  <date>2021-01-05T16:03:26</date>
  <millis>1609842806113</millis>
  <sequence>167</sequence>
  <level>PASSED</level>
  <class>com.kms.katalon.core.logging.XmlKeywordLogger</class>
  <method>logMessage</method>
  <thread>1</thread>
  <message>Test Cases/FAQ_SSO/botCreation_Test</message>
  <nestedLevel>1</nestedLevel>
</record>
<record>
  <date>2021-01-05T16:03:26</date>
  <millis>1609842806116</millis>
  <sequence>168</sequence>
  <level>END</level>
  <class>com.kms.katalon.core.logging.XmlKeywordLogger</class>
  <method>endTest</method>
  <thread>1</thread>
  <message>End Test Case : Test Cases/FAQ_SSO/botCreation_Test</message>
  <nestedLevel>0</nestedLevel>
</record>
<record>
  <date>2021-01-05T16:03:26</date>
  <millis>1609842806136</millis>
  <sequence>169</sequence>
  <level>START</level>
  <class>com.kms.katalon.core.logging.XmlKeywordLogger</class>
  <method>startTest</method>
  <thread>1</thread>
  <message>Start Test Case : Test Cases/Connect-botbuilder/switch_to_dashboard</message>
  <nestedLevel>1</nestedLevel>
  <property name="name">Test Cases/Connect-botbuilder/switch_to_dashboard</property>
  <property name="description"></property>
  <property name="id">Test Cases/Connect-botbuilder/switch_to_dashboard</property>
  <property name="source">D:\\IMIbot.ai-Project\\Test Cases\\Connect-botbuilder\\switch_to_dashboard.tc</property>
  <property name="tag"></property>
  <property name="isOptional">false</property>
</record>
<record>
  <date>2021-01-05T16:03:26</date>
  <millis>1609842806900</millis>
  <sequence>171</sequence>
  <level>START</level>
  <class>com.kms.katalon.core.logging.XmlKeywordLogger</class>
  <method>startKeyword</method>
  <thread>1</thread>
  <message>Start action : waitForElementVisible(findTestObject(\&amp;quot;Generic/imiLogo\&amp;quot;), 20, CONTINUE_ON_FAILURE)</message>
  <nestedLevel>1</nestedLevel>
  <property name="startLine">16</property>
  <property name="stepIndex">1</property>
</record>
<record>
  <date>2021-01-05T16:03:29</date>
  <millis>1609842809273</millis>
  <sequence>178</sequence>
  <level>PASSED</level>
  <class>com.kms.katalon.core.logging.XmlKeywordLogger</class>
  <method>logMessage</method>
  <thread>1</thread>
  <message>Object &amp;apos;Object Repository/Generic/imiLogo&amp;apos; is visible</message>
  <nestedLevel>1</nestedLevel>
</record>
<record>
  <date>2021-01-05T16:03:29</date>
  <millis>1609842809275</millis>
  <sequence>179</sequence>
  <level>END</level>
  <class>com.kms.katalon.core.logging.XmlKeywordLogger</class>
  <method>endKeyword</method>
  <thread>1</thread>
  <message>End action : waitForElementVisible(findTestObject(\&amp;quot;Generic/imiLogo\&amp;quot;), 20, CONTINUE_ON_FAILURE)</message>
  <nestedLevel>1</nestedLevel>
</record>
<record>
  <date>2021-01-05T16:03:29</date>
  <millis>1609842809276</millis>
  <sequence>180</sequence>
  <level>START</level>
  <class>com.kms.katalon.core.logging.XmlKeywordLogger</class>
  <method>startKeyword</method>
  <thread>1</thread>
  <message>Start action : platform.Method.clickOnElement(findTestObject(\&amp;quot;Generic/imiLogo\&amp;quot;))</message>
  <nestedLevel>1</nestedLevel>
  <property name="startLine">18</property>
  <property name="stepIndex">2</property>
</record>
<record>
  <date>2021-01-05T16:03:31</date>
  <millis>1609842811662</millis>
  <sequence>185</sequence>
  <level>PASSED</level>
  <class>com.kms.katalon.core.logging.XmlKeywordLogger</class>
  <method>logMessage</method>
  <thread>1</thread>
  <message>platform.Method.clickOnElement is PASSED</message>
  <nestedLevel>1</nestedLevel>
</record>
<record>
  <date>2021-01-05T16:03:31</date>
  <millis>1609842811665</millis>
  <sequence>186</sequence>
  <level>END</level>
  <class>com.kms.katalon.core.logging.XmlKeywordLogger</class>
  <method>endKeyword</method>
  <thread>1</thread>
  <message>End action : platform.Method.clickOnElement(findTestObject(\&amp;quot;Generic/imiLogo\&amp;quot;))</message>
  <nestedLevel>1</nestedLevel>
</record>
<record>
  <date>2021-01-05T16:03:31</date>
  <millis>1609842811666</millis>
  <sequence>187</sequence>
  <level>START</level>
  <class>com.kms.katalon.core.logging.XmlKeywordLogger</class>
  <method>startKeyword</method>
  <thread>1</thread>
  <message>Start action : waitForElementVisible(findTestObject(\&amp;quot;Button/createBot\&amp;quot;), 20, CONTINUE_ON_FAILURE)</message>
  <nestedLevel>1</nestedLevel>
  <property name="startLine">20</property>
  <property name="stepIndex">3</property>
</record>
<record>
  <date>2021-01-05T16:03:34</date>
  <millis>1609842814483</millis>
  <sequence>194</sequence>
  <level>PASSED</level>
  <class>com.kms.katalon.core.logging.XmlKeywordLogger</class>
  <method>logMessage</method>
  <thread>1</thread>
  <message>Object &amp;apos;Object Repository/Button/createBot&amp;apos; is visible</message>
  <nestedLevel>1</nestedLevel>
</record>
<record>
  <date>2021-01-05T16:03:34</date>
  <millis>1609842814484</millis>
  <sequence>195</sequence>
  <level>END</level>
  <class>com.kms.katalon.core.logging.XmlKeywordLogger</class>
  <method>endKeyword</method>
  <thread>1</thread>
  <message>End action : waitForElementVisible(findTestObject(\&amp;quot;Button/createBot\&amp;quot;), 20, CONTINUE_ON_FAILURE)</message>
  <nestedLevel>1</nestedLevel>
</record>
<record>
  <date>2021-01-05T16:03:34</date>
  <millis>1609842814485</millis>
  <sequence>196</sequence>
  <level>PASSED</level>
  <class>com.kms.katalon.core.logging.XmlKeywordLogger</class>
  <method>logMessage</method>
  <thread>1</thread>
  <message>Test Cases/Connect-botbuilder/switch_to_dashboard</message>
  <nestedLevel>1</nestedLevel>
</record>
<record>
  <date>2021-01-05T16:03:34</date>
  <millis>1609842814487</millis>
  <sequence>197</sequence>
  <level>END</level>
  <class>com.kms.katalon.core.logging.XmlKeywordLogger</class>
  <method>endTest</method>
  <thread>1</thread>
  <message>End Test Case : Test Cases/Connect-botbuilder/switch_to_dashboard</message>
  <nestedLevel>0</nestedLevel>
</record>
<record>
  <date>2021-01-05T16:03:34</date>
  <millis>1609842814499</millis>
  <sequence>198</sequence>
  <level>START</level>
  <class>com.kms.katalon.core.logging.XmlKeywordLogger</class>
  <method>startTest</method>
  <thread>1</thread>
  <message>Start Test Case : Test Cases/TASK_SSO/botCreation_Test</message>
  <nestedLevel>1</nestedLevel>
  <property name="name">Test Cases/TASK_SSO/botCreation_Test</property>
  <property name="description">TestCase Agenda: Verification of task bot creation</property>
  <property name="id">Test Cases/TASK_SSO/botCreation_Test</property>
  <property name="source">D:\\IMIbot.ai-Project\\Test Cases\\TASK_SSO\\botCreation_Test.tc</property>
  <property name="tag"></property>
  <property name="isOptional">false</property>
</record>
<record>
  <date>2021-01-05T16:03:34</date>
  <millis>1609842814563</millis>
  <sequence>200</sequence>
  <level>INFO</level>
  <class>com.kms.katalon.core.logging.XmlKeywordLogger</class>
  <method>logMessage</method>
  <thread>1</thread>
  <message>(Default) nameOfTheBot = CBB_TASK</message>
  <nestedLevel>1</nestedLevel>
</record>
<record>
  <date>2021-01-05T16:03:34</date>
  <millis>1609842814856</millis>
  <sequence>201</sequence>
  <level>START</level>
  <class>com.kms.katalon.core.logging.XmlKeywordLogger</class>
  <method>startKeyword</method>
  <thread>1</thread>
  <message>Start action : platform.Method.clickOnElement(findTestObject(\&amp;quot;Generic/webObjectWithText\&amp;quot;, [\&amp;quot;textValue\&amp;quot;:\&amp;quot;Task bots\&amp;quot;]))</message>
  <nestedLevel>1</nestedLevel>
  <property name="startLine">7</property>
  <property name="stepIndex">1</property>
</record>
<record>
  <date>2021-01-05T16:03:37</date>
  <millis>1609842817228</millis>
  <sequence>206</sequence>
  <level>PASSED</level>
  <class>com.kms.katalon.core.logging.XmlKeywordLogger</class>
  <method>logMessage</method>
  <thread>1</thread>
  <message>platform.Method.clickOnElement is PASSED</message>
  <nestedLevel>1</nestedLevel>
</record>
<record>
  <date>2021-01-05T16:03:37</date>
  <millis>1609842817238</millis>
  <sequence>207</sequence>
  <level>END</level>
  <class>com.kms.katalon.core.logging.XmlKeywordLogger</class>
  <method>endKeyword</method>
  <thread>1</thread>
  <message>End action : platform.Method.clickOnElement(findTestObject(\&amp;quot;Generic/webObjectWithText\&amp;quot;, [\&amp;quot;textValue\&amp;quot;:\&amp;quot;Task bots\&amp;quot;]))</message>
  <nestedLevel>1</nestedLevel>
</record>
<record>
  <date>2021-01-05T16:03:37</date>
  <millis>1609842817241</millis>
  <sequence>208</sequence>
  <level>START</level>
  <class>com.kms.katalon.core.logging.XmlKeywordLogger</class>
  <method>startKeyword</method>
  <thread>1</thread>
  <message>Start action : platform.Method.clickOnElement(findTestObject(\&amp;quot;Button/createBot\&amp;quot;))</message>
  <nestedLevel>1</nestedLevel>
  <property name="startLine">9</property>
  <property name="stepIndex">2</property>
</record>
<record>
  <date>2021-01-05T16:03:39</date>
  <millis>1609842819800</millis>
  <sequence>213</sequence>
  <level>PASSED</level>
  <class>com.kms.katalon.core.logging.XmlKeywordLogger</class>
  <method>logMessage</method>
  <thread>1</thread>
  <message>platform.Method.clickOnElement is PASSED</message>
  <nestedLevel>1</nestedLevel>
</record>
<record>
  <date>2021-01-05T16:03:39</date>
  <millis>1609842819803</millis>
  <sequence>214</sequence>
  <level>END</level>
  <class>com.kms.katalon.core.logging.XmlKeywordLogger</class>
  <method>endKeyword</method>
  <thread>1</thread>
  <message>End action : platform.Method.clickOnElement(findTestObject(\&amp;quot;Button/createBot\&amp;quot;))</message>
  <nestedLevel>1</nestedLevel>
</record>
<record>
  <date>2021-01-05T16:03:39</date>
  <millis>1609842819805</millis>
  <sequence>215</sequence>
  <level>START</level>
  <class>com.kms.katalon.core.logging.XmlKeywordLogger</class>
  <method>startKeyword</method>
  <thread>1</thread>
  <message>Start action : sendKeys(findTestObject(\&amp;quot;Input/botName\&amp;quot;), nameOfTheBot)</message>
  <nestedLevel>1</nestedLevel>
  <property name="startLine">11</property>
  <property name="stepIndex">3</property>
</record>
<record>
  <date>2021-01-05T16:03:42</date>
  <millis>1609842822390</millis>
  <sequence>221</sequence>
  <level>PASSED</level>
  <class>com.kms.katalon.core.logging.XmlKeywordLogger</class>
  <method>logMessage</method>
  <thread>1</thread>
  <message>Keys &amp;apos;CBB_TASK&amp;apos; sent to object: &amp;apos;Object Repository/Input/botName&amp;apos;</message>
  <nestedLevel>1</nestedLevel>
</record>
<record>
  <date>2021-01-05T16:03:42</date>
  <millis>1609842822393</millis>
  <sequence>222</sequence>
  <level>END</level>
  <class>com.kms.katalon.core.logging.XmlKeywordLogger</class>
  <method>endKeyword</method>
  <thread>1</thread>
  <message>End action : sendKeys(findTestObject(\&amp;quot;Input/botName\&amp;quot;), nameOfTheBot)</message>
  <nestedLevel>1</nestedLevel>
</record>
<record>
  <date>2021-01-05T16:03:42</date>
  <millis>1609842822394</millis>
  <sequence>223</sequence>
  <level>START</level>
  <class>com.kms.katalon.core.logging.XmlKeywordLogger</class>
  <method>startKeyword</method>
  <thread>1</thread>
  <message>Start action : platform.Method.clickOnElement(findTestObject(\&amp;quot;Toggle/feedback\&amp;quot;))</message>
  <nestedLevel>1</nestedLevel>
  <property name="startLine">13</property>
  <property name="stepIndex">4</property>
</record>
<record>
  <date>2021-01-05T16:03:44</date>
  <millis>1609842824811</millis>
  <sequence>228</sequence>
  <level>PASSED</level>
  <class>com.kms.katalon.core.logging.XmlKeywordLogger</class>
  <method>logMessage</method>
  <thread>1</thread>
  <message>platform.Method.clickOnElement is PASSED</message>
  <nestedLevel>1</nestedLevel>
</record>
<record>
  <date>2021-01-05T16:03:44</date>
  <millis>1609842824813</millis>
  <sequence>229</sequence>
  <level>END</level>
  <class>com.kms.katalon.core.logging.XmlKeywordLogger</class>
  <method>endKeyword</method>
  <thread>1</thread>
  <message>End action : platform.Method.clickOnElement(findTestObject(\&amp;quot;Toggle/feedback\&amp;quot;))</message>
  <nestedLevel>1</nestedLevel>
</record>
<record>
  <date>2021-01-05T16:03:44</date>
  <millis>1609842824814</millis>
  <sequence>230</sequence>
  <level>START</level>
  <class>com.kms.katalon.core.logging.XmlKeywordLogger</class>
  <method>startKeyword</method>
  <thread>1</thread>
  <message>Start action : platform.Method.clickOnElement(findTestObject(\&amp;quot;Button/done\&amp;quot;))</message>
  <nestedLevel>1</nestedLevel>
  <property name="startLine">15</property>
  <property name="stepIndex">5</property>
</record>
<record>
  <date>2021-01-05T16:03:47</date>
  <millis>1609842827153</millis>
  <sequence>235</sequence>
  <level>PASSED</level>
  <class>com.kms.katalon.core.logging.XmlKeywordLogger</class>
  <method>logMessage</method>
  <thread>1</thread>
  <message>platform.Method.clickOnElement is PASSED</message>
  <nestedLevel>1</nestedLevel>
</record>
<record>
  <date>2021-01-05T16:03:47</date>
  <millis>1609842827155</millis>
  <sequence>236</sequence>
  <level>END</level>
  <class>com.kms.katalon.core.logging.XmlKeywordLogger</class>
  <method>endKeyword</method>
  <thread>1</thread>
  <message>End action : platform.Method.clickOnElement(findTestObject(\&amp;quot;Button/done\&amp;quot;))</message>
  <nestedLevel>1</nestedLevel>
</record>
<record>
  <date>2021-01-05T16:03:47</date>
  <millis>1609842827156</millis>
  <sequence>237</sequence>
  <level>START</level>
  <class>com.kms.katalon.core.logging.XmlKeywordLogger</class>
  <method>startKeyword</method>
  <thread>1</thread>
  <message>Start action : waitForElementVisible(findTestObject(\&amp;quot;Generic/modelState\&amp;quot;), 60, OPTIONAL)</message>
  <nestedLevel>1</nestedLevel>
  <property name="startLine">17</property>
  <property name="stepIndex">6</property>
</record>
<record>
  <date>2021-01-05T16:03:53</date>
  <millis>1609842833230</millis>
  <sequence>244</sequence>
  <level>PASSED</level>
  <class>com.kms.katalon.core.logging.XmlKeywordLogger</class>
  <method>logMessage</method>
  <thread>1</thread>
  <message>Object &amp;apos;Object Repository/Generic/modelState&amp;apos; is visible</message>
  <nestedLevel>1</nestedLevel>
</record>
<record>
  <date>2021-01-05T16:03:53</date>
  <millis>1609842833242</millis>
  <sequence>245</sequence>
  <level>END</level>
  <class>com.kms.katalon.core.logging.XmlKeywordLogger</class>
  <method>endKeyword</method>
  <thread>1</thread>
  <message>End action : waitForElementVisible(findTestObject(\&amp;quot;Generic/modelState\&amp;quot;), 60, OPTIONAL)</message>
  <nestedLevel>1</nestedLevel>
</record>
<record>
  <date>2021-01-05T16:03:53</date>
  <millis>1609842833243</millis>
  <sequence>246</sequence>
  <level>START</level>
  <class>com.kms.katalon.core.logging.XmlKeywordLogger</class>
  <method>startKeyword</method>
  <thread>1</thread>
  <message>Start action : if (!(verifyElementText(findTestObject(\&amp;quot;Generic/modelState\&amp;quot;), \&amp;quot;Trained\&amp;quot;, OPTIONAL)))</message>
  <nestedLevel>1</nestedLevel>
  <property name="startLine">20</property>
  <property name="stepIndex">7</property>
</record>
<record>
  <date>2021-01-05T16:03:56</date>
  <millis>1609842836187</millis>
  <sequence>252</sequence>
  <level>PASSED</level>
  <class>com.kms.katalon.core.logging.XmlKeywordLogger</class>
  <method>logMessage</method>
  <thread>1</thread>
  <message>Actual text and expected text of test object &amp;apos;Object Repository/Generic/modelState&amp;apos; are matched.</message>
  <nestedLevel>1</nestedLevel>
</record>
<record>
  <date>2021-01-05T16:03:56</date>
  <millis>1609842836188</millis>
  <sequence>253</sequence>
  <level>END</level>
  <class>com.kms.katalon.core.logging.XmlKeywordLogger</class>
  <method>endKeyword</method>
  <thread>1</thread>
  <message>End action : if (!(verifyElementText(findTestObject(\&amp;quot;Generic/modelState\&amp;quot;), \&amp;quot;Trained\&amp;quot;, OPTIONAL)))</message>
  <nestedLevel>1</nestedLevel>
</record>
<record>
  <date>2021-01-05T16:03:56</date>
  <millis>1609842836195</millis>
  <sequence>254</sequence>
  <level>PASSED</level>
  <class>com.kms.katalon.core.logging.XmlKeywordLogger</class>
  <method>logMessage</method>
  <thread>1</thread>
  <message>Test Cases/TASK_SSO/botCreation_Test</message>
  <nestedLevel>1</nestedLevel>
</record>
<record>
  <date>2021-01-05T16:03:56</date>
  <millis>1609842836197</millis>
  <sequence>255</sequence>
  <level>END</level>
  <class>com.kms.katalon.core.logging.XmlKeywordLogger</class>
  <method>endTest</method>
  <thread>1</thread>
  <message>End Test Case : Test Cases/TASK_SSO/botCreation_Test</message>
  <nestedLevel>0</nestedLevel>
</record>
<record>
  <date>2021-01-05T16:03:56</date>
  <millis>1609842836199</millis>
  <sequence>256</sequence>
  <level>START</level>
  <class>com.kms.katalon.core.logging.XmlKeywordLogger</class>
  <method>startKeyword</method>
  <thread>1</thread>
  <message>Start listener action : displayExecutionInfo</message>
  <nestedLevel>0</nestedLevel>
</record>
<record>
  <date>2021-01-05T16:03:56</date>
  <millis>1609842836203</millis>
  <sequence>258</sequence>
  <level>START</level>
  <class>com.kms.katalon.core.logging.XmlKeywordLogger</class>
  <method>startKeyword</method>
  <thread>1</thread>
  <message>Start action : driver = getWebDriver()</message>
  <nestedLevel>1</nestedLevel>
  <property name="startLine">53</property>
  <property name="stepIndex">1</property>
</record>
<record>
  <date>2021-01-05T16:03:56</date>
  <millis>1609842836206</millis>
  <sequence>259</sequence>
  <level>END</level>
  <class>com.kms.katalon.core.logging.XmlKeywordLogger</class>
  <method>endKeyword</method>
  <thread>1</thread>
  <message>End action : driver = getWebDriver()</message>
  <nestedLevel>1</nestedLevel>
</record>
<record>
  <date>2021-01-05T16:03:56</date>
  <millis>1609842836207</millis>
  <sequence>260</sequence>
  <level>START</level>
  <class>com.kms.katalon.core.logging.XmlKeywordLogger</class>
  <method>startKeyword</method>
  <thread>1</thread>
  <message>Start action : cap = driver.getCapabilities()</message>
  <nestedLevel>1</nestedLevel>
  <property name="startLine">54</property>
  <property name="stepIndex">2</property>
</record>
<record>
  <date>2021-01-05T16:03:56</date>
  <millis>1609842836212</millis>
  <sequence>261</sequence>
  <level>END</level>
  <class>com.kms.katalon.core.logging.XmlKeywordLogger</class>
  <method>endKeyword</method>
  <thread>1</thread>
  <message>End action : cap = driver.getCapabilities()</message>
  <nestedLevel>1</nestedLevel>
</record>
<record>
  <date>2021-01-05T16:03:56</date>
  <millis>1609842836222</millis>
  <sequence>262</sequence>
  <level>START</level>
  <class>com.kms.katalon.core.logging.XmlKeywordLogger</class>
  <method>startKeyword</method>
  <thread>1</thread>
  <message>Start action : fw = new java.io.FileWriter(D:\\IMIbot.ai-Project\\SuiteRunDetails.txt)</message>
  <nestedLevel>1</nestedLevel>
  <property name="startLine">56</property>
  <property name="stepIndex">3</property>
</record>
<record>
  <date>2021-01-05T16:03:56</date>
  <millis>1609842836271</millis>
  <sequence>263</sequence>
  <level>END</level>
  <class>com.kms.katalon.core.logging.XmlKeywordLogger</class>
  <method>endKeyword</method>
  <thread>1</thread>
  <message>End action : fw = new java.io.FileWriter(D:\\IMIbot.ai-Project\\SuiteRunDetails.txt)</message>
  <nestedLevel>1</nestedLevel>
</record>
<record>
  <date>2021-01-05T16:03:56</date>
  <millis>1609842836273</millis>
  <sequence>264</sequence>
  <level>START</level>
  <class>com.kms.katalon.core.logging.XmlKeywordLogger</class>
  <method>startKeyword</method>
  <thread>1</thread>
  <message>Start action : fw.write(\&amp;quot;ENVIRONMENT: \&amp;quot; + executionProfile + \&amp;quot;\n\&amp;quot;)</message>
  <nestedLevel>1</nestedLevel>
  <property name="startLine">57</property>
  <property name="stepIndex">4</property>
</record>
<record>
  <date>2021-01-05T16:03:56</date>
  <millis>1609842836277</millis>
  <sequence>265</sequence>
  <level>END</level>
  <class>com.kms.katalon.core.logging.XmlKeywordLogger</class>
  <method>endKeyword</method>
  <thread>1</thread>
  <message>End action : fw.write(\&amp;quot;ENVIRONMENT: \&amp;quot; + executionProfile + \&amp;quot;\n\&amp;quot;)</message>
  <nestedLevel>1</nestedLevel>
</record>
<record>
  <date>2021-01-05T16:03:56</date>
  <millis>1609842836278</millis>
  <sequence>266</sequence>
  <level>START</level>
  <class>com.kms.katalon.core.logging.XmlKeywordLogger</class>
  <method>startKeyword</method>
  <thread>1</thread>
  <message>Start action : fw.write(\&amp;quot;URL: \&amp;quot; + URL + \&amp;quot;\n\&amp;quot;)</message>
  <nestedLevel>1</nestedLevel>
  <property name="startLine">58</property>
  <property name="stepIndex">5</property>
</record>
<record>
  <date>2021-01-05T16:03:56</date>
  <millis>1609842836281</millis>
  <sequence>267</sequence>
  <level>END</level>
  <class>com.kms.katalon.core.logging.XmlKeywordLogger</class>
  <method>endKeyword</method>
  <thread>1</thread>
  <message>End action : fw.write(\&amp;quot;URL: \&amp;quot; + URL + \&amp;quot;\n\&amp;quot;)</message>
  <nestedLevel>1</nestedLevel>
</record>
<record>
  <date>2021-01-05T16:03:56</date>
  <millis>1609842836293</millis>
  <sequence>268</sequence>
  <level>START</level>
  <class>com.kms.katalon.core.logging.XmlKeywordLogger</class>
  <method>startKeyword</method>
  <thread>1</thread>
  <message>Start action : fw.write(\&amp;quot;RUN DATE: \&amp;quot; + LocalDate.now() + \&amp;quot;\n\&amp;quot;)</message>
  <nestedLevel>1</nestedLevel>
  <property name="startLine">59</property>
  <property name="stepIndex">6</property>
</record>
<record>
  <date>2021-01-05T16:03:56</date>
  <millis>1609842836347</millis>
  <sequence>269</sequence>
  <level>END</level>
  <class>com.kms.katalon.core.logging.XmlKeywordLogger</class>
  <method>endKeyword</method>
  <thread>1</thread>
  <message>End action : fw.write(\&amp;quot;RUN DATE: \&amp;quot; + LocalDate.now() + \&amp;quot;\n\&amp;quot;)</message>
  <nestedLevel>1</nestedLevel>
</record>
<record>
  <date>2021-01-05T16:03:56</date>
  <millis>1609842836348</millis>
  <sequence>270</sequence>
  <level>START</level>
  <class>com.kms.katalon.core.logging.XmlKeywordLogger</class>
  <method>startKeyword</method>
  <thread>1</thread>
  <message>Start action : fw.write(\&amp;quot;MACHINE NAME: \&amp;quot; + getHostName() + \&amp;quot;\n\&amp;quot;)</message>
  <nestedLevel>1</nestedLevel>
  <property name="startLine">60</property>
  <property name="stepIndex">7</property>
</record>
<record>
  <date>2021-01-05T16:03:56</date>
  <millis>1609842836395</millis>
  <sequence>271</sequence>
  <level>END</level>
  <class>com.kms.katalon.core.logging.XmlKeywordLogger</class>
  <method>endKeyword</method>
  <thread>1</thread>
  <message>End action : fw.write(\&amp;quot;MACHINE NAME: \&amp;quot; + getHostName() + \&amp;quot;\n\&amp;quot;)</message>
  <nestedLevel>1</nestedLevel>
</record>
<record>
  <date>2021-01-05T16:03:56</date>
  <millis>1609842836396</millis>
  <sequence>272</sequence>
  <level>START</level>
  <class>com.kms.katalon.core.logging.XmlKeywordLogger</class>
  <method>startKeyword</method>
  <thread>1</thread>
  <message>Start action : fw.write(\&amp;quot;0S: \&amp;quot; + getOS() + \&amp;quot;\n\&amp;quot;)</message>
  <nestedLevel>1</nestedLevel>
  <property name="startLine">61</property>
  <property name="stepIndex">8</property>
</record>
<record>
  <date>2021-01-05T16:03:56</date>
  <millis>1609842836399</millis>
  <sequence>273</sequence>
  <level>END</level>
  <class>com.kms.katalon.core.logging.XmlKeywordLogger</class>
  <method>endKeyword</method>
  <thread>1</thread>
  <message>End action : fw.write(\&amp;quot;0S: \&amp;quot; + getOS() + \&amp;quot;\n\&amp;quot;)</message>
  <nestedLevel>1</nestedLevel>
</record>
<record>
  <date>2021-01-05T16:03:56</date>
  <millis>1609842836400</millis>
  <sequence>274</sequence>
  <level>START</level>
  <class>com.kms.katalon.core.logging.XmlKeywordLogger</class>
  <method>startKeyword</method>
  <thread>1</thread>
  <message>Start action : fw.write(\&amp;quot;BROWSER NAME: \&amp;quot; + toString().toUpperCase() + \&amp;quot;\n\&amp;quot;)</message>
  <nestedLevel>1</nestedLevel>
  <property name="startLine">62</property>
  <property name="stepIndex">9</property>
</record>
<record>
  <date>2021-01-05T16:03:56</date>
  <millis>1609842836465</millis>
  <sequence>275</sequence>
  <level>END</level>
  <class>com.kms.katalon.core.logging.XmlKeywordLogger</class>
  <method>endKeyword</method>
  <thread>1</thread>
  <message>End action : fw.write(\&amp;quot;BROWSER NAME: \&amp;quot; + toString().toUpperCase() + \&amp;quot;\n\&amp;quot;)</message>
  <nestedLevel>1</nestedLevel>
</record>
<record>
  <date>2021-01-05T16:03:56</date>
  <millis>1609842836474</millis>
  <sequence>276</sequence>
  <level>START</level>
  <class>com.kms.katalon.core.logging.XmlKeywordLogger</class>
  <method>startKeyword</method>
  <thread>1</thread>
  <message>Start action : fw.write(\&amp;quot;BROWSER VERSION: \&amp;quot; + getVersion().toString())</message>
  <nestedLevel>1</nestedLevel>
  <property name="startLine">63</property>
  <property name="stepIndex">10</property>
</record>
<record>
  <date>2021-01-05T16:03:56</date>
  <millis>1609842836478</millis>
  <sequence>277</sequence>
  <level>END</level>
  <class>com.kms.katalon.core.logging.XmlKeywordLogger</class>
  <method>endKeyword</method>
  <thread>1</thread>
  <message>End action : fw.write(\&amp;quot;BROWSER VERSION: \&amp;quot; + getVersion().toString())</message>
  <nestedLevel>1</nestedLevel>
</record>
<record>
  <date>2021-01-05T16:03:56</date>
  <millis>1609842836479</millis>
  <sequence>278</sequence>
  <level>START</level>
  <class>com.kms.katalon.core.logging.XmlKeywordLogger</class>
  <method>startKeyword</method>
  <thread>1</thread>
  <message>Start action : fw.close()</message>
  <nestedLevel>1</nestedLevel>
  <property name="startLine">64</property>
  <property name="stepIndex">11</property>
</record>
<record>
  <date>2021-01-05T16:03:56</date>
  <millis>1609842836512</millis>
  <sequence>280</sequence>
  <level>END</level>
  <class>com.kms.katalon.core.logging.XmlKeywordLogger</class>
  <method>endKeyword</method>
  <thread>1</thread>
  <message>End action : fw.close()</message>
  <nestedLevel>1</nestedLevel>
</record>
<record>
  <date>2021-01-05T16:03:56</date>
  <millis>1609842836513</millis>
  <sequence>281</sequence>
  <level>END</level>
  <class>com.kms.katalon.core.logging.XmlKeywordLogger</class>
  <method>endKeyword</method>
  <thread>1</thread>
  <message>End listener action : displayExecutionInfo</message>
  <nestedLevel>0</nestedLevel>
</record>
<record>
  <date>2021-01-05T16:03:56</date>
  <millis>1609842836516</millis>
  <sequence>282</sequence>
  <level>START</level>
  <class>com.kms.katalon.core.logging.XmlKeywordLogger</class>
  <method>startKeyword</method>
  <thread>1</thread>
  <message>Start listener action : exportKatalonReports</message>
  <nestedLevel>0</nestedLevel>
</record>
<record>
  <date>2021-01-05T16:03:56</date>
  <millis>1609842836517</millis>
  <sequence>284</sequence>
  <level>INFO</level>
  <class>com.kms.katalon.core.logging.XmlKeywordLogger</class>
  <method>logMessage</method>
  <thread>1</thread>
  <message>This Katalon Studio version has been deprecated. Please upgrade Katalon Studio to the latest version.</message>
  <nestedLevel>0</nestedLevel>
</record>
<record>
  <date>2021-01-05T16:03:57</date>
  <millis>1609842837682</millis>
  <sequence>597</sequence>
  <level>INFO</level>
  <class>com.kms.katalon.core.logging.XmlKeywordLogger</class>
  <method>logMessage</method>
  <thread>1</thread>
  <message>Start generating HTML report folder at: D:\\IMIbot.ai-Project\\Reports\\20210105_160159\\BotBuilder\\20210105_160159...</message>
  <nestedLevel>0</nestedLevel>
</record>
<record>
  <date>2021-01-05T16:03:57</date>
  <millis>1609842837857</millis>
  <sequence>598</sequence>
  <level>INFO</level>
  <class>com.kms.katalon.core.logging.XmlKeywordLogger</class>
  <method>logMessage</method>
  <thread>1</thread>
  <message>HTML report generated</message>
  <nestedLevel>0</nestedLevel>
</record>
<record>
  <date>2021-01-05T16:03:57</date>
  <millis>1609842837859</millis>
  <sequence>599</sequence>
  <level>INFO</level>
  <class>com.kms.katalon.core.logging.XmlKeywordLogger</class>
  <method>logMessage</method>
  <thread>1</thread>
  <message>Start generating CSV report folder at: D:\\IMIbot.ai-Project\\Reports\\20210105_160159\\BotBuilder\\20210105_160159...</message>
  <nestedLevel>0</nestedLevel>
</record>
<record>
  <date>2021-01-05T16:03:58</date>
  <millis>1609842838048</millis>
  <sequence>600</sequence>
  <level>INFO</level>
  <class>com.kms.katalon.core.logging.XmlKeywordLogger</class>
  <method>logMessage</method>
  <thread>1</thread>
  <message>CSV report generated</message>
  <nestedLevel>0</nestedLevel>
</record>
<record>
  <date>2021-01-05T16:03:58</date>
  <millis>1609842838049</millis>
  <sequence>601</sequence>
  <level>INFO</level>
  <class>com.kms.katalon.core.logging.XmlKeywordLogger</class>
  <method>logMessage</method>
  <thread>1</thread>
  <message>Start generating JUnit report folder at: D:\\IMIbot.ai-Project\\Reports\\20210105_160159\\BotBuilder\\20210105_160159...</message>
  <nestedLevel>0</nestedLevel>
</record>
<record>
  <date>2021-01-05T16:03:59</date>
  <millis>1609842839384</millis>
  <sequence>602</sequence>
  <level>INFO</level>
  <class>com.kms.katalon.core.logging.XmlKeywordLogger</class>
  <method>logMessage</method>
  <thread>1</thread>
  <message>JUnit report generated</message>
  <nestedLevel>0</nestedLevel>
</record>
<record>
  <date>2021-01-05T16:03:59</date>
  <millis>1609842839389</millis>
  <sequence>604</sequence>
  <level>END</level>
  <class>com.kms.katalon.core.logging.XmlKeywordLogger</class>
  <method>endKeyword</method>
  <thread>1</thread>
  <message>End listener action : exportKatalonReports</message>
  <nestedLevel>0</nestedLevel>
</record>
<record>
  <date>2021-01-05T16:04:08</date>
  <millis>1609842848810</millis>
  <sequence>605</sequence>
  <level>END</level>
  <class>com.kms.katalon.core.logging.XmlKeywordLogger</class>
  <method>endSuite</method>
  <thread>1</thread>
  <message>End Test Suite : Test Suites/BotBuilder</message>
  <nestedLevel>0</nestedLevel>
</record>
</log>