<?xml version="1.0" encoding="UTF-8" standalone="no"?>
<!DOCTYPE log SYSTEM "logger.dtd">
<log>
<record>
  <date>2020-11-25T13:32:47</date>
  <millis>1606291367258</millis>
  <sequence>0</sequence>
  <level>START</level>
  <class>com.kms.katalon.core.logging.XmlKeywordLogger</class>
  <method>startSuite</method>
  <thread>1</thread>
  <message>Start Test Suite : Test Suites/v4.4_TaskSuite</message>
  <nestedLevel>0</nestedLevel>
  <property name="name">v4.4_TaskSuite</property>
  <property name="description"></property>
  <property name="id">Test Suites/v4.4_TaskSuite</property>
</record>
<record>
  <date>2020-11-25T13:32:47</date>
  <millis>1606291367319</millis>
  <sequence>1</sequence>
  <level>RUN_DATA</level>
  <class>com.kms.katalon.core.logging.XmlKeywordLogger</class>
  <method>logMessage</method>
  <thread>1</thread>
  <message>hostName = narendra.n - WLPT580.imidomain.com</message>
  <nestedLevel>0</nestedLevel>
  <property name="hostName">narendra.n - WLPT580.imidomain.com</property>
</record>
<record>
  <date>2020-11-25T13:32:47</date>
  <millis>1606291367323</millis>
  <sequence>2</sequence>
  <level>RUN_DATA</level>
  <class>com.kms.katalon.core.logging.XmlKeywordLogger</class>
  <method>logMessage</method>
  <thread>1</thread>
  <message>os = Windows 8.1 64bit</message>
  <nestedLevel>0</nestedLevel>
  <property name="os">Windows 8.1 64bit</property>
</record>
<record>
  <date>2020-11-25T13:32:47</date>
  <millis>1606291367324</millis>
  <sequence>3</sequence>
  <level>RUN_DATA</level>
  <class>com.kms.katalon.core.logging.XmlKeywordLogger</class>
  <method>logMessage</method>
  <thread>1</thread>
  <message>hostAddress = 192.168.29.195</message>
  <nestedLevel>0</nestedLevel>
  <property name="hostAddress">192.168.29.195</property>
</record>
<record>
  <date>2020-11-25T13:32:47</date>
  <millis>1606291367326</millis>
  <sequence>4</sequence>
  <level>RUN_DATA</level>
  <class>com.kms.katalon.core.logging.XmlKeywordLogger</class>
  <method>logMessage</method>
  <thread>1</thread>
  <message>katalonVersion = 6.3.3.11</message>
  <nestedLevel>0</nestedLevel>
  <property name="katalonVersion">6.3.3.11</property>
</record>
<record>
  <date>2020-11-25T13:32:47</date>
  <millis>1606291367354</millis>
  <sequence>5</sequence>
  <level>START</level>
  <class>com.kms.katalon.core.logging.XmlKeywordLogger</class>
  <method>startKeyword</method>
  <thread>1</thread>
  <message>Start listener action : setUpEnvironment</message>
  <nestedLevel>0</nestedLevel>
</record>
<record>
  <date>2020-11-25T13:32:47</date>
  <millis>1606291367377</millis>
  <sequence>7</sequence>
  <level>START</level>
  <class>com.kms.katalon.core.logging.XmlKeywordLogger</class>
  <method>startKeyword</method>
  <thread>1</thread>
  <message>Start action : openBrowser(URL)</message>
  <nestedLevel>1</nestedLevel>
  <property name="startLine">29</property>
  <property name="stepIndex">1</property>
</record>
<record>
  <date>2020-11-25T13:32:50</date>
  <millis>1606291370621</millis>
  <sequence>9</sequence>
  <level>INFO</level>
  <class>com.kms.katalon.core.logging.XmlKeywordLogger</class>
  <method>logMessage</method>
  <thread>1</thread>
  <message>Starting &amp;apos;Chrome&amp;apos; driver</message>
  <nestedLevel>0</nestedLevel>
</record>
<record>
  <date>2020-11-25T13:32:50</date>
  <millis>1606291370649</millis>
  <sequence>11</sequence>
  <level>INFO</level>
  <class>com.kms.katalon.core.logging.XmlKeywordLogger</class>
  <method>logMessage</method>
  <thread>1</thread>
  <message>User set preference: [&amp;apos;args&amp;apos;, &amp;apos;[--start-maximized]&amp;apos;]</message>
  <nestedLevel>0</nestedLevel>
</record>
<record>
  <date>2020-11-25T13:32:50</date>
  <millis>1606291370665</millis>
  <sequence>12</sequence>
  <level>INFO</level>
  <class>com.kms.katalon.core.logging.XmlKeywordLogger</class>
  <method>logMessage</method>
  <thread>1</thread>
  <message>Action delay is set to 1 seconds</message>
  <nestedLevel>0</nestedLevel>
</record>
<record>
  <date>2020-11-25T13:32:58</date>
  <millis>1606291378136</millis>
  <sequence>14</sequence>
  <level>RUN_DATA</level>
  <class>com.kms.katalon.core.logging.XmlKeywordLogger</class>
  <method>logMessage</method>
  <thread>1</thread>
  <message>sessionId = f85423b1836755d0520209d9a93a9c23</message>
  <nestedLevel>0</nestedLevel>
  <property name="sessionId">f85423b1836755d0520209d9a93a9c23</property>
</record>
<record>
  <date>2020-11-25T13:32:59</date>
  <millis>1606291379339</millis>
  <sequence>15</sequence>
  <level>RUN_DATA</level>
  <class>com.kms.katalon.core.logging.XmlKeywordLogger</class>
  <method>logMessage</method>
  <thread>1</thread>
  <message>browser = Chrome 87.0.4280.66</message>
  <nestedLevel>0</nestedLevel>
  <property name="browser">Chrome 87.0.4280.66</property>
</record>
<record>
  <date>2020-11-25T13:32:59</date>
  <millis>1606291379341</millis>
  <sequence>16</sequence>
  <level>RUN_DATA</level>
  <class>com.kms.katalon.core.logging.XmlKeywordLogger</class>
  <method>logMessage</method>
  <thread>1</thread>
  <message>platform = Windows 8.1</message>
  <nestedLevel>0</nestedLevel>
  <property name="platform">Windows 8.1</property>
</record>
<record>
  <date>2020-11-25T13:32:59</date>
  <millis>1606291379344</millis>
  <sequence>17</sequence>
  <level>RUN_DATA</level>
  <class>com.kms.katalon.core.logging.XmlKeywordLogger</class>
  <method>logMessage</method>
  <thread>1</thread>
  <message>seleniumVersion = 3.141.59</message>
  <nestedLevel>0</nestedLevel>
  <property name="seleniumVersion">3.141.59</property>
</record>
<record>
  <date>2020-11-25T13:32:59</date>
  <millis>1606291379348</millis>
  <sequence>18</sequence>
  <level>RUN_DATA</level>
  <class>com.kms.katalon.core.logging.XmlKeywordLogger</class>
  <method>logMessage</method>
  <thread>1</thread>
  <message>proxyInformation = ProxyInformation{proxyOption=NO_PROXY, proxyServerType=HTTP, password=, proxyServerAddress=, proxyServerPort=0}</message>
  <nestedLevel>0</nestedLevel>
  <property name="proxyInformation">ProxyInformation{proxyOption=NO_PROXY, proxyServerType=HTTP, password=, proxyServerAddress=, proxyServerPort=0}</property>
</record>
<record>
  <date>2020-11-25T13:33:08</date>
  <millis>1606291388240</millis>
  <sequence>20</sequence>
  <level>PASSED</level>
  <class>com.kms.katalon.core.logging.XmlKeywordLogger</class>
  <method>logMessage</method>
  <thread>1</thread>
  <message>Browser is opened with url: &amp;apos;preprod.imibot.ai&amp;apos;</message>
  <nestedLevel>0</nestedLevel>
</record>
<record>
  <date>2020-11-25T13:33:08</date>
  <millis>1606291388242</millis>
  <sequence>21</sequence>
  <level>END</level>
  <class>com.kms.katalon.core.logging.XmlKeywordLogger</class>
  <method>endKeyword</method>
  <thread>1</thread>
  <message>End action : openBrowser(URL)</message>
  <nestedLevel>1</nestedLevel>
</record>
<record>
  <date>2020-11-25T13:33:08</date>
  <millis>1606291388243</millis>
  <sequence>22</sequence>
  <level>START</level>
  <class>com.kms.katalon.core.logging.XmlKeywordLogger</class>
  <method>startKeyword</method>
  <thread>1</thread>
  <message>Start action : maximizeWindow()</message>
  <nestedLevel>1</nestedLevel>
  <property name="startLine">30</property>
  <property name="stepIndex">2</property>
</record>
<record>
  <date>2020-11-25T13:33:11</date>
  <millis>1606291391946</millis>
  <sequence>24</sequence>
  <level>PASSED</level>
  <class>com.kms.katalon.core.logging.XmlKeywordLogger</class>
  <method>logMessage</method>
  <thread>1</thread>
  <message>Current window maximized</message>
  <nestedLevel>0</nestedLevel>
</record>
<record>
  <date>2020-11-25T13:33:11</date>
  <millis>1606291391948</millis>
  <sequence>25</sequence>
  <level>END</level>
  <class>com.kms.katalon.core.logging.XmlKeywordLogger</class>
  <method>endKeyword</method>
  <thread>1</thread>
  <message>End action : maximizeWindow()</message>
  <nestedLevel>1</nestedLevel>
</record>
<record>
  <date>2020-11-25T13:33:11</date>
  <millis>1606291391950</millis>
  <sequence>26</sequence>
  <level>START</level>
  <class>com.kms.katalon.core.logging.XmlKeywordLogger</class>
  <method>startKeyword</method>
  <thread>1</thread>
  <message>Start action : sendKeys(findTestObject(\&amp;quot;Input/username\&amp;quot;), USERNAME)</message>
  <nestedLevel>1</nestedLevel>
  <property name="startLine">31</property>
  <property name="stepIndex">3</property>
</record>
<record>
  <date>2020-11-25T13:33:16</date>
  <millis>1606291396018</millis>
  <sequence>32</sequence>
  <level>PASSED</level>
  <class>com.kms.katalon.core.logging.XmlKeywordLogger</class>
  <method>logMessage</method>
  <thread>1</thread>
  <message>Keys &amp;apos;narendra.n@imimobile.com&amp;apos; sent to object: &amp;apos;Object Repository/Input/username&amp;apos;</message>
  <nestedLevel>0</nestedLevel>
</record>
<record>
  <date>2020-11-25T13:33:16</date>
  <millis>1606291396020</millis>
  <sequence>33</sequence>
  <level>END</level>
  <class>com.kms.katalon.core.logging.XmlKeywordLogger</class>
  <method>endKeyword</method>
  <thread>1</thread>
  <message>End action : sendKeys(findTestObject(\&amp;quot;Input/username\&amp;quot;), USERNAME)</message>
  <nestedLevel>1</nestedLevel>
</record>
<record>
  <date>2020-11-25T13:33:16</date>
  <millis>1606291396021</millis>
  <sequence>34</sequence>
  <level>START</level>
  <class>com.kms.katalon.core.logging.XmlKeywordLogger</class>
  <method>startKeyword</method>
  <thread>1</thread>
  <message>Start action : sendKeys(findTestObject(\&amp;quot;Input/password\&amp;quot;), PASSWORD)</message>
  <nestedLevel>1</nestedLevel>
  <property name="startLine">32</property>
  <property name="stepIndex">4</property>
</record>
<record>
  <date>2020-11-25T13:33:18</date>
  <millis>1606291398906</millis>
  <sequence>40</sequence>
  <level>PASSED</level>
  <class>com.kms.katalon.core.logging.XmlKeywordLogger</class>
  <method>logMessage</method>
  <thread>1</thread>
  <message>Keys &amp;apos;Test@2020&amp;apos; sent to object: &amp;apos;Object Repository/Input/password&amp;apos;</message>
  <nestedLevel>0</nestedLevel>
</record>
<record>
  <date>2020-11-25T13:33:18</date>
  <millis>1606291398909</millis>
  <sequence>41</sequence>
  <level>END</level>
  <class>com.kms.katalon.core.logging.XmlKeywordLogger</class>
  <method>endKeyword</method>
  <thread>1</thread>
  <message>End action : sendKeys(findTestObject(\&amp;quot;Input/password\&amp;quot;), PASSWORD)</message>
  <nestedLevel>1</nestedLevel>
</record>
<record>
  <date>2020-11-25T13:33:18</date>
  <millis>1606291398910</millis>
  <sequence>42</sequence>
  <level>START</level>
  <class>com.kms.katalon.core.logging.XmlKeywordLogger</class>
  <method>startKeyword</method>
  <thread>1</thread>
  <message>Start action : click(findTestObject(\&amp;quot;Button/signIn\&amp;quot;))</message>
  <nestedLevel>1</nestedLevel>
  <property name="startLine">33</property>
  <property name="stepIndex">5</property>
</record>
<record>
  <date>2020-11-25T13:33:21</date>
  <millis>1606291401601</millis>
  <sequence>49</sequence>
  <level>PASSED</level>
  <class>com.kms.katalon.core.logging.XmlKeywordLogger</class>
  <method>logMessage</method>
  <thread>1</thread>
  <message>Object: &amp;apos;Object Repository/Button/signIn&amp;apos; is clicked on</message>
  <nestedLevel>0</nestedLevel>
</record>
<record>
  <date>2020-11-25T13:33:21</date>
  <millis>1606291401603</millis>
  <sequence>50</sequence>
  <level>END</level>
  <class>com.kms.katalon.core.logging.XmlKeywordLogger</class>
  <method>endKeyword</method>
  <thread>1</thread>
  <message>End action : click(findTestObject(\&amp;quot;Button/signIn\&amp;quot;))</message>
  <nestedLevel>1</nestedLevel>
</record>
<record>
  <date>2020-11-25T13:33:21</date>
  <millis>1606291401604</millis>
  <sequence>51</sequence>
  <level>START</level>
  <class>com.kms.katalon.core.logging.XmlKeywordLogger</class>
  <method>startKeyword</method>
  <thread>1</thread>
  <message>Start action : if (!(waitForElementPresent(findTestObject(\&amp;quot;Button/createBot\&amp;quot;), 30, OPTIONAL)))</message>
  <nestedLevel>1</nestedLevel>
  <property name="startLine">34</property>
  <property name="stepIndex">6</property>
</record>
<record>
  <date>2020-11-25T13:33:42</date>
  <millis>1606291422016</millis>
  <sequence>57</sequence>
  <level>PASSED</level>
  <class>com.kms.katalon.core.logging.XmlKeywordLogger</class>
  <method>logMessage</method>
  <thread>1</thread>
  <message>Object &amp;apos;Object Repository/Button/createBot&amp;apos; is present</message>
  <nestedLevel>0</nestedLevel>
</record>
<record>
  <date>2020-11-25T13:33:42</date>
  <millis>1606291422024</millis>
  <sequence>59</sequence>
  <level>END</level>
  <class>com.kms.katalon.core.logging.XmlKeywordLogger</class>
  <method>endKeyword</method>
  <thread>1</thread>
  <message>End action : if (!(waitForElementPresent(findTestObject(\&amp;quot;Button/createBot\&amp;quot;), 30, OPTIONAL)))</message>
  <nestedLevel>1</nestedLevel>
</record>
<record>
  <date>2020-11-25T13:33:42</date>
  <millis>1606291422027</millis>
  <sequence>60</sequence>
  <level>END</level>
  <class>com.kms.katalon.core.logging.XmlKeywordLogger</class>
  <method>endKeyword</method>
  <thread>1</thread>
  <message>End listener action : setUpEnvironment</message>
  <nestedLevel>0</nestedLevel>
</record>
<record>
  <date>2020-11-25T13:33:42</date>
  <millis>1606291422042</millis>
  <sequence>61</sequence>
  <level>START</level>
  <class>com.kms.katalon.core.logging.XmlKeywordLogger</class>
  <method>startKeyword</method>
  <thread>1</thread>
  <message>Start listener action : beforeExportKatalonReports</message>
  <nestedLevel>0</nestedLevel>
</record>
<record>
  <date>2020-11-25T13:33:42</date>
  <millis>1606291422053</millis>
  <sequence>63</sequence>
  <level>INFO</level>
  <class>com.kms.katalon.core.logging.XmlKeywordLogger</class>
  <method>logMessage</method>
  <thread>1</thread>
  <message>This Katalon Studio version has been deprecated. Please upgrade Katalon Studio to the latest version.</message>
  <nestedLevel>0</nestedLevel>
</record>
<record>
  <date>2020-11-25T13:33:42</date>
  <millis>1606291422055</millis>
  <sequence>65</sequence>
  <level>END</level>
  <class>com.kms.katalon.core.logging.XmlKeywordLogger</class>
  <method>endKeyword</method>
  <thread>1</thread>
  <message>End listener action : beforeExportKatalonReports</message>
  <nestedLevel>0</nestedLevel>
</record>
<record>
  <date>2020-11-25T13:33:42</date>
  <millis>1606291422489</millis>
  <sequence>66</sequence>
  <level>START</level>
  <class>com.kms.katalon.core.logging.XmlKeywordLogger</class>
  <method>startTest</method>
  <thread>1</thread>
  <message>Start Test Case : Test Cases/TASK_SSO/botCreation_Test</message>
  <nestedLevel>1</nestedLevel>
  <property name="name">Test Cases/TASK_SSO/botCreation_Test</property>
  <property name="description">TestCase Agenda: Verification of task bot creation</property>
  <property name="id">Test Cases/TASK_SSO/botCreation_Test</property>
  <property name="source">D:\\IMIbot.ai-Project\\Test Cases\\TASK_SSO\\botCreation_Test.tc</property>
  <property name="tag"></property>
  <property name="isOptional">false</property>
</record>
<record>
  <date>2020-11-25T13:33:42</date>
  <millis>1606291422578</millis>
  <sequence>68</sequence>
  <level>INFO</level>
  <class>com.kms.katalon.core.logging.XmlKeywordLogger</class>
  <method>logMessage</method>
  <thread>1</thread>
  <message>nameOfTheBot = v4.4 Task-Testbot</message>
  <nestedLevel>1</nestedLevel>
</record>
<record>
  <date>2020-11-25T13:33:43</date>
  <millis>1606291423148</millis>
  <sequence>69</sequence>
  <level>START</level>
  <class>com.kms.katalon.core.logging.XmlKeywordLogger</class>
  <method>startKeyword</method>
  <thread>1</thread>
  <message>Start action : platform.Method.clickOnElement(findTestObject(\&amp;quot;Generic/webObjectWithText\&amp;quot;, [\&amp;quot;textValue\&amp;quot;:\&amp;quot;Task bots\&amp;quot;]))</message>
  <nestedLevel>1</nestedLevel>
  <property name="startLine">7</property>
  <property name="stepIndex">1</property>
</record>
<record>
  <date>2020-11-25T13:33:47</date>
  <millis>1606291427850</millis>
  <sequence>74</sequence>
  <level>PASSED</level>
  <class>com.kms.katalon.core.logging.XmlKeywordLogger</class>
  <method>logMessage</method>
  <thread>1</thread>
  <message>platform.Method.clickOnElement is PASSED</message>
  <nestedLevel>1</nestedLevel>
</record>
<record>
  <date>2020-11-25T13:33:47</date>
  <millis>1606291427853</millis>
  <sequence>75</sequence>
  <level>END</level>
  <class>com.kms.katalon.core.logging.XmlKeywordLogger</class>
  <method>endKeyword</method>
  <thread>1</thread>
  <message>End action : platform.Method.clickOnElement(findTestObject(\&amp;quot;Generic/webObjectWithText\&amp;quot;, [\&amp;quot;textValue\&amp;quot;:\&amp;quot;Task bots\&amp;quot;]))</message>
  <nestedLevel>1</nestedLevel>
</record>
<record>
  <date>2020-11-25T13:33:47</date>
  <millis>1606291427855</millis>
  <sequence>76</sequence>
  <level>START</level>
  <class>com.kms.katalon.core.logging.XmlKeywordLogger</class>
  <method>startKeyword</method>
  <thread>1</thread>
  <message>Start action : platform.Method.clickOnElement(findTestObject(\&amp;quot;Button/createBot\&amp;quot;))</message>
  <nestedLevel>1</nestedLevel>
  <property name="startLine">9</property>
  <property name="stepIndex">2</property>
</record>
<record>
  <date>2020-11-25T13:33:51</date>
  <millis>1606291431710</millis>
  <sequence>81</sequence>
  <level>PASSED</level>
  <class>com.kms.katalon.core.logging.XmlKeywordLogger</class>
  <method>logMessage</method>
  <thread>1</thread>
  <message>platform.Method.clickOnElement is PASSED</message>
  <nestedLevel>1</nestedLevel>
</record>
<record>
  <date>2020-11-25T13:33:51</date>
  <millis>1606291431712</millis>
  <sequence>82</sequence>
  <level>END</level>
  <class>com.kms.katalon.core.logging.XmlKeywordLogger</class>
  <method>endKeyword</method>
  <thread>1</thread>
  <message>End action : platform.Method.clickOnElement(findTestObject(\&amp;quot;Button/createBot\&amp;quot;))</message>
  <nestedLevel>1</nestedLevel>
</record>
<record>
  <date>2020-11-25T13:33:51</date>
  <millis>1606291431714</millis>
  <sequence>83</sequence>
  <level>START</level>
  <class>com.kms.katalon.core.logging.XmlKeywordLogger</class>
  <method>startKeyword</method>
  <thread>1</thread>
  <message>Start action : sendKeys(findTestObject(\&amp;quot;Input/botName\&amp;quot;), nameOfTheBot)</message>
  <nestedLevel>1</nestedLevel>
  <property name="startLine">11</property>
  <property name="stepIndex">3</property>
</record>
<record>
  <date>2020-11-25T13:33:54</date>
  <millis>1606291434641</millis>
  <sequence>89</sequence>
  <level>PASSED</level>
  <class>com.kms.katalon.core.logging.XmlKeywordLogger</class>
  <method>logMessage</method>
  <thread>1</thread>
  <message>Keys &amp;apos;v4.4 Task-Testbot&amp;apos; sent to object: &amp;apos;Object Repository/Input/botName&amp;apos;</message>
  <nestedLevel>1</nestedLevel>
</record>
<record>
  <date>2020-11-25T13:33:54</date>
  <millis>1606291434645</millis>
  <sequence>90</sequence>
  <level>END</level>
  <class>com.kms.katalon.core.logging.XmlKeywordLogger</class>
  <method>endKeyword</method>
  <thread>1</thread>
  <message>End action : sendKeys(findTestObject(\&amp;quot;Input/botName\&amp;quot;), nameOfTheBot)</message>
  <nestedLevel>1</nestedLevel>
</record>
<record>
  <date>2020-11-25T13:33:54</date>
  <millis>1606291434647</millis>
  <sequence>91</sequence>
  <level>START</level>
  <class>com.kms.katalon.core.logging.XmlKeywordLogger</class>
  <method>startKeyword</method>
  <thread>1</thread>
  <message>Start action : platform.Method.clickOnElement(findTestObject(\&amp;quot;Toggle/feedback\&amp;quot;))</message>
  <nestedLevel>1</nestedLevel>
  <property name="startLine">13</property>
  <property name="stepIndex">4</property>
</record>
<record>
  <date>2020-11-25T13:33:57</date>
  <millis>1606291437178</millis>
  <sequence>96</sequence>
  <level>PASSED</level>
  <class>com.kms.katalon.core.logging.XmlKeywordLogger</class>
  <method>logMessage</method>
  <thread>1</thread>
  <message>platform.Method.clickOnElement is PASSED</message>
  <nestedLevel>1</nestedLevel>
</record>
<record>
  <date>2020-11-25T13:33:57</date>
  <millis>1606291437181</millis>
  <sequence>97</sequence>
  <level>END</level>
  <class>com.kms.katalon.core.logging.XmlKeywordLogger</class>
  <method>endKeyword</method>
  <thread>1</thread>
  <message>End action : platform.Method.clickOnElement(findTestObject(\&amp;quot;Toggle/feedback\&amp;quot;))</message>
  <nestedLevel>1</nestedLevel>
</record>
<record>
  <date>2020-11-25T13:33:57</date>
  <millis>1606291437182</millis>
  <sequence>98</sequence>
  <level>START</level>
  <class>com.kms.katalon.core.logging.XmlKeywordLogger</class>
  <method>startKeyword</method>
  <thread>1</thread>
  <message>Start action : platform.Method.clickOnElement(findTestObject(\&amp;quot;Button/done\&amp;quot;))</message>
  <nestedLevel>1</nestedLevel>
  <property name="startLine">15</property>
  <property name="stepIndex">5</property>
</record>
<record>
  <date>2020-11-25T13:33:59</date>
  <millis>1606291439976</millis>
  <sequence>103</sequence>
  <level>PASSED</level>
  <class>com.kms.katalon.core.logging.XmlKeywordLogger</class>
  <method>logMessage</method>
  <thread>1</thread>
  <message>platform.Method.clickOnElement is PASSED</message>
  <nestedLevel>1</nestedLevel>
</record>
<record>
  <date>2020-11-25T13:33:59</date>
  <millis>1606291439978</millis>
  <sequence>104</sequence>
  <level>END</level>
  <class>com.kms.katalon.core.logging.XmlKeywordLogger</class>
  <method>endKeyword</method>
  <thread>1</thread>
  <message>End action : platform.Method.clickOnElement(findTestObject(\&amp;quot;Button/done\&amp;quot;))</message>
  <nestedLevel>1</nestedLevel>
</record>
<record>
  <date>2020-11-25T13:33:59</date>
  <millis>1606291439980</millis>
  <sequence>105</sequence>
  <level>START</level>
  <class>com.kms.katalon.core.logging.XmlKeywordLogger</class>
  <method>startKeyword</method>
  <thread>1</thread>
  <message>Start action : waitForElementVisible(findTestObject(\&amp;quot;Generic/modelState\&amp;quot;), 60, OPTIONAL)</message>
  <nestedLevel>1</nestedLevel>
  <property name="startLine">17</property>
  <property name="stepIndex">6</property>
</record>
<record>
  <date>2020-11-25T13:34:38</date>
  <millis>1606291478008</millis>
  <sequence>112</sequence>
  <level>PASSED</level>
  <class>com.kms.katalon.core.logging.XmlKeywordLogger</class>
  <method>logMessage</method>
  <thread>1</thread>
  <message>Object &amp;apos;Object Repository/Generic/modelState&amp;apos; is visible</message>
  <nestedLevel>1</nestedLevel>
</record>
<record>
  <date>2020-11-25T13:34:38</date>
  <millis>1606291478012</millis>
  <sequence>113</sequence>
  <level>END</level>
  <class>com.kms.katalon.core.logging.XmlKeywordLogger</class>
  <method>endKeyword</method>
  <thread>1</thread>
  <message>End action : waitForElementVisible(findTestObject(\&amp;quot;Generic/modelState\&amp;quot;), 60, OPTIONAL)</message>
  <nestedLevel>1</nestedLevel>
</record>
<record>
  <date>2020-11-25T13:34:38</date>
  <millis>1606291478013</millis>
  <sequence>114</sequence>
  <level>START</level>
  <class>com.kms.katalon.core.logging.XmlKeywordLogger</class>
  <method>startKeyword</method>
  <thread>1</thread>
  <message>Start action : if (!(verifyElementText(findTestObject(\&amp;quot;Generic/modelState\&amp;quot;), \&amp;quot;Trained\&amp;quot;, OPTIONAL)))</message>
  <nestedLevel>1</nestedLevel>
  <property name="startLine">20</property>
  <property name="stepIndex">7</property>
</record>
<record>
  <date>2020-11-25T13:34:40</date>
  <millis>1606291480443</millis>
  <sequence>120</sequence>
  <level>PASSED</level>
  <class>com.kms.katalon.core.logging.XmlKeywordLogger</class>
  <method>logMessage</method>
  <thread>1</thread>
  <message>Actual text and expected text of test object &amp;apos;Object Repository/Generic/modelState&amp;apos; are matched.</message>
  <nestedLevel>1</nestedLevel>
</record>
<record>
  <date>2020-11-25T13:34:40</date>
  <millis>1606291480444</millis>
  <sequence>121</sequence>
  <level>END</level>
  <class>com.kms.katalon.core.logging.XmlKeywordLogger</class>
  <method>endKeyword</method>
  <thread>1</thread>
  <message>End action : if (!(verifyElementText(findTestObject(\&amp;quot;Generic/modelState\&amp;quot;), \&amp;quot;Trained\&amp;quot;, OPTIONAL)))</message>
  <nestedLevel>1</nestedLevel>
</record>
<record>
  <date>2020-11-25T13:34:40</date>
  <millis>1606291480445</millis>
  <sequence>122</sequence>
  <level>PASSED</level>
  <class>com.kms.katalon.core.logging.XmlKeywordLogger</class>
  <method>logMessage</method>
  <thread>1</thread>
  <message>Test Cases/TASK_SSO/botCreation_Test</message>
  <nestedLevel>1</nestedLevel>
</record>
<record>
  <date>2020-11-25T13:34:40</date>
  <millis>1606291480448</millis>
  <sequence>123</sequence>
  <level>END</level>
  <class>com.kms.katalon.core.logging.XmlKeywordLogger</class>
  <method>endTest</method>
  <thread>1</thread>
  <message>End Test Case : Test Cases/TASK_SSO/botCreation_Test</message>
  <nestedLevel>0</nestedLevel>
</record>
<record>
  <date>2020-11-25T13:34:40</date>
  <millis>1606291480479</millis>
  <sequence>124</sequence>
  <level>START</level>
  <class>com.kms.katalon.core.logging.XmlKeywordLogger</class>
  <method>startTest</method>
  <thread>1</thread>
  <message>Start Test Case : Test Cases/Sprint/v4.4/mapLocationEntityCreation_Test</message>
  <nestedLevel>1</nestedLevel>
  <property name="name">Test Cases/Sprint/v4.4/mapLocationEntityCreation_Test</property>
  <property name="description">Scenario 1: Verify if Map location entity can successfully be created \n\nGiven: User is on new entity creation page\n\nWhen: User clicks on create entity button\nAnd: User enters entity name and selects entity type map location\nAnd: User clicks on save button\nThen: A new entity of map type should get created and present on entity list \n\nScenario 2: Verify if Map location entity can be updated successfully(Name of the entity can only be updated)\n\nGiven: Map entity is already present on entity list\n\nWhen: User selects a map entity\nAnd: User modifies the name and clicks on save button\nThen: Application should successfully update the map entity name</property>
  <property name="id">Test Cases/Sprint/v4.4/mapLocationEntityCreation_Test</property>
  <property name="source">D:\\IMIbot.ai-Project\\Test Cases\\Sprint\\v4.4\\mapLocationEntityCreation_Test.tc</property>
  <property name="tag"></property>
  <property name="isOptional">false</property>
</record>
<record>
  <date>2020-11-25T13:34:41</date>
  <millis>1606291481123</millis>
  <sequence>126</sequence>
  <level>START</level>
  <class>com.kms.katalon.core.logging.XmlKeywordLogger</class>
  <method>startKeyword</method>
  <thread>1</thread>
  <message>Start action : platform.Method.clickOnElement(findTestObject(\&amp;quot;Generic/training\&amp;quot;))</message>
  <nestedLevel>1</nestedLevel>
  <property name="startLine">13</property>
  <property name="stepIndex">1</property>
</record>
<record>
  <date>2020-11-25T13:34:43</date>
  <millis>1606291483505</millis>
  <sequence>131</sequence>
  <level>PASSED</level>
  <class>com.kms.katalon.core.logging.XmlKeywordLogger</class>
  <method>logMessage</method>
  <thread>1</thread>
  <message>platform.Method.clickOnElement is PASSED</message>
  <nestedLevel>1</nestedLevel>
</record>
<record>
  <date>2020-11-25T13:34:43</date>
  <millis>1606291483508</millis>
  <sequence>132</sequence>
  <level>END</level>
  <class>com.kms.katalon.core.logging.XmlKeywordLogger</class>
  <method>endKeyword</method>
  <thread>1</thread>
  <message>End action : platform.Method.clickOnElement(findTestObject(\&amp;quot;Generic/training\&amp;quot;))</message>
  <nestedLevel>1</nestedLevel>
</record>
<record>
  <date>2020-11-25T13:34:43</date>
  <millis>1606291483509</millis>
  <sequence>133</sequence>
  <level>START</level>
  <class>com.kms.katalon.core.logging.XmlKeywordLogger</class>
  <method>startKeyword</method>
  <thread>1</thread>
  <message>Start action : testData = findTestData(\&amp;quot;Data Files/testData_Task\&amp;quot;)</message>
  <nestedLevel>1</nestedLevel>
  <property name="startLine">15</property>
  <property name="stepIndex">2</property>
</record>
<record>
  <date>2020-11-25T13:34:46</date>
  <millis>1606291486874</millis>
  <sequence>138</sequence>
  <level>END</level>
  <class>com.kms.katalon.core.logging.XmlKeywordLogger</class>
  <method>endKeyword</method>
  <thread>1</thread>
  <message>End action : testData = findTestData(\&amp;quot;Data Files/testData_Task\&amp;quot;)</message>
  <nestedLevel>1</nestedLevel>
</record>
<record>
  <date>2020-11-25T13:34:46</date>
  <millis>1606291486876</millis>
  <sequence>139</sequence>
  <level>START</level>
  <class>com.kms.katalon.core.logging.XmlKeywordLogger</class>
  <method>startKeyword</method>
  <thread>1</thread>
  <message>Start action : platform.Method.clickOnElement(findTestObject(\&amp;quot;Generic/webObjectWithText\&amp;quot;, [\&amp;quot;textValue\&amp;quot;:\&amp;quot;Entities\&amp;quot;]))</message>
  <nestedLevel>1</nestedLevel>
  <property name="startLine">17</property>
  <property name="stepIndex">3</property>
</record>
<record>
  <date>2020-11-25T13:34:49</date>
  <millis>1606291489176</millis>
  <sequence>144</sequence>
  <level>PASSED</level>
  <class>com.kms.katalon.core.logging.XmlKeywordLogger</class>
  <method>logMessage</method>
  <thread>1</thread>
  <message>platform.Method.clickOnElement is PASSED</message>
  <nestedLevel>1</nestedLevel>
</record>
<record>
  <date>2020-11-25T13:34:49</date>
  <millis>1606291489181</millis>
  <sequence>145</sequence>
  <level>END</level>
  <class>com.kms.katalon.core.logging.XmlKeywordLogger</class>
  <method>endKeyword</method>
  <thread>1</thread>
  <message>End action : platform.Method.clickOnElement(findTestObject(\&amp;quot;Generic/webObjectWithText\&amp;quot;, [\&amp;quot;textValue\&amp;quot;:\&amp;quot;Entities\&amp;quot;]))</message>
  <nestedLevel>1</nestedLevel>
</record>
<record>
  <date>2020-11-25T13:34:49</date>
  <millis>1606291489182</millis>
  <sequence>146</sequence>
  <level>START</level>
  <class>com.kms.katalon.core.logging.XmlKeywordLogger</class>
  <method>startKeyword</method>
  <thread>1</thread>
  <message>Start action : comment(\&amp;quot; *** SCENARIO 1 STARTED ***\&amp;quot;)</message>
  <nestedLevel>1</nestedLevel>
  <property name="startLine">19</property>
  <property name="stepIndex">4</property>
</record>
<record>
  <date>2020-11-25T13:34:49</date>
  <millis>1606291489281</millis>
  <sequence>147</sequence>
  <level>INFO</level>
  <class>com.kms.katalon.core.logging.XmlKeywordLogger</class>
  <method>logMessage</method>
  <thread>1</thread>
  <message> *** SCENARIO 1 STARTED ***</message>
  <nestedLevel>1</nestedLevel>
</record>
<record>
  <date>2020-11-25T13:34:49</date>
  <millis>1606291489284</millis>
  <sequence>148</sequence>
  <level>END</level>
  <class>com.kms.katalon.core.logging.XmlKeywordLogger</class>
  <method>endKeyword</method>
  <thread>1</thread>
  <message>End action : comment(\&amp;quot; *** SCENARIO 1 STARTED ***\&amp;quot;)</message>
  <nestedLevel>1</nestedLevel>
</record>
<record>
  <date>2020-11-25T13:34:49</date>
  <millis>1606291489287</millis>
  <sequence>149</sequence>
  <level>START</level>
  <class>com.kms.katalon.core.logging.XmlKeywordLogger</class>
  <method>startKeyword</method>
  <thread>1</thread>
  <message>Start action : platform.Method.clickOnElement(findTestObject(\&amp;quot;Button/createEntity\&amp;quot;))</message>
  <nestedLevel>1</nestedLevel>
  <property name="startLine">21</property>
  <property name="stepIndex">5</property>
</record>
<record>
  <date>2020-11-25T13:34:51</date>
  <millis>1606291491761</millis>
  <sequence>154</sequence>
  <level>PASSED</level>
  <class>com.kms.katalon.core.logging.XmlKeywordLogger</class>
  <method>logMessage</method>
  <thread>1</thread>
  <message>platform.Method.clickOnElement is PASSED</message>
  <nestedLevel>1</nestedLevel>
</record>
<record>
  <date>2020-11-25T13:34:51</date>
  <millis>1606291491764</millis>
  <sequence>155</sequence>
  <level>END</level>
  <class>com.kms.katalon.core.logging.XmlKeywordLogger</class>
  <method>endKeyword</method>
  <thread>1</thread>
  <message>End action : platform.Method.clickOnElement(findTestObject(\&amp;quot;Button/createEntity\&amp;quot;))</message>
  <nestedLevel>1</nestedLevel>
</record>
<record>
  <date>2020-11-25T13:34:51</date>
  <millis>1606291491765</millis>
  <sequence>156</sequence>
  <level>START</level>
  <class>com.kms.katalon.core.logging.XmlKeywordLogger</class>
  <method>startKeyword</method>
  <thread>1</thread>
  <message>Start action : platform.Training.createEntity(testData.getValue(\&amp;quot;map_entity\&amp;quot;, 1), \&amp;quot; Map location (whatsapp) \&amp;quot;, null)</message>
  <nestedLevel>1</nestedLevel>
  <property name="startLine">23</property>
  <property name="stepIndex">6</property>
</record>
<record>
  <date>2020-11-25T13:34:54</date>
  <millis>1606291494553</millis>
  <sequence>162</sequence>
  <level>PASSED</level>
  <class>com.kms.katalon.core.logging.XmlKeywordLogger</class>
  <method>logMessage</method>
  <thread>1</thread>
  <message>Keys &amp;apos;map&amp;apos; sent to object: &amp;apos;Object Repository/Input/entityName&amp;apos;</message>
  <nestedLevel>1</nestedLevel>
</record>
<record>
  <date>2020-11-25T13:34:57</date>
  <millis>1606291497082</millis>
  <sequence>167</sequence>
  <level>INFO</level>
  <class>com.kms.katalon.core.logging.XmlKeywordLogger</class>
  <method>logMessage</method>
  <thread>1</thread>
  <message>Entity Type:  Map location (whatsapp) </message>
  <nestedLevel>1</nestedLevel>
</record>
<record>
  <date>2020-11-25T13:35:01</date>
  <millis>1606291501734</millis>
  <sequence>176</sequence>
  <level>PASSED</level>
  <class>com.kms.katalon.core.logging.XmlKeywordLogger</class>
  <method>logMessage</method>
  <thread>1</thread>
  <message>platform.Training.createEntity is PASSED</message>
  <nestedLevel>1</nestedLevel>
</record>
<record>
  <date>2020-11-25T13:35:01</date>
  <millis>1606291501737</millis>
  <sequence>177</sequence>
  <level>END</level>
  <class>com.kms.katalon.core.logging.XmlKeywordLogger</class>
  <method>endKeyword</method>
  <thread>1</thread>
  <message>End action : platform.Training.createEntity(testData.getValue(\&amp;quot;map_entity\&amp;quot;, 1), \&amp;quot; Map location (whatsapp) \&amp;quot;, null)</message>
  <nestedLevel>1</nestedLevel>
</record>
<record>
  <date>2020-11-25T13:35:01</date>
  <millis>1606291501739</millis>
  <sequence>178</sequence>
  <level>START</level>
  <class>com.kms.katalon.core.logging.XmlKeywordLogger</class>
  <method>startKeyword</method>
  <thread>1</thread>
  <message>Start action : waitForElementPresent(findTestObject(\&amp;quot;ICONS/toastMsg\&amp;quot;), 20, CONTINUE_ON_FAILURE)</message>
  <nestedLevel>1</nestedLevel>
  <property name="startLine">26</property>
  <property name="stepIndex">7</property>
</record>
<record>
  <date>2020-11-25T13:35:03</date>
  <millis>1606291503018</millis>
  <sequence>184</sequence>
  <level>PASSED</level>
  <class>com.kms.katalon.core.logging.XmlKeywordLogger</class>
  <method>logMessage</method>
  <thread>1</thread>
  <message>Object &amp;apos;Object Repository/ICONS/toastMsg&amp;apos; is present</message>
  <nestedLevel>1</nestedLevel>
</record>
<record>
  <date>2020-11-25T13:35:03</date>
  <millis>1606291503020</millis>
  <sequence>185</sequence>
  <level>END</level>
  <class>com.kms.katalon.core.logging.XmlKeywordLogger</class>
  <method>endKeyword</method>
  <thread>1</thread>
  <message>End action : waitForElementPresent(findTestObject(\&amp;quot;ICONS/toastMsg\&amp;quot;), 20, CONTINUE_ON_FAILURE)</message>
  <nestedLevel>1</nestedLevel>
</record>
<record>
  <date>2020-11-25T13:35:03</date>
  <millis>1606291503021</millis>
  <sequence>186</sequence>
  <level>START</level>
  <class>com.kms.katalon.core.logging.XmlKeywordLogger</class>
  <method>startKeyword</method>
  <thread>1</thread>
  <message>Start action : comment(\&amp;quot; *** VALIDATION --&amp;gt; ENTITY CREATION CHECK ***\&amp;quot;)</message>
  <nestedLevel>1</nestedLevel>
  <property name="startLine">28</property>
  <property name="stepIndex">8</property>
</record>
<record>
  <date>2020-11-25T13:35:03</date>
  <millis>1606291503029</millis>
  <sequence>187</sequence>
  <level>INFO</level>
  <class>com.kms.katalon.core.logging.XmlKeywordLogger</class>
  <method>logMessage</method>
  <thread>1</thread>
  <message> *** VALIDATION --&amp;gt; ENTITY CREATION CHECK ***</message>
  <nestedLevel>1</nestedLevel>
</record>
<record>
  <date>2020-11-25T13:35:03</date>
  <millis>1606291503031</millis>
  <sequence>188</sequence>
  <level>END</level>
  <class>com.kms.katalon.core.logging.XmlKeywordLogger</class>
  <method>endKeyword</method>
  <thread>1</thread>
  <message>End action : comment(\&amp;quot; *** VALIDATION --&amp;gt; ENTITY CREATION CHECK ***\&amp;quot;)</message>
  <nestedLevel>1</nestedLevel>
</record>
<record>
  <date>2020-11-25T13:35:03</date>
  <millis>1606291503033</millis>
  <sequence>189</sequence>
  <level>START</level>
  <class>com.kms.katalon.core.logging.XmlKeywordLogger</class>
  <method>startKeyword</method>
  <thread>1</thread>
  <message>Start action : mapElement = findWebElements(findTestObject(\&amp;quot;GenericII/listOfEntityNames\&amp;quot;), 5).get(0)</message>
  <nestedLevel>1</nestedLevel>
  <property name="startLine">30</property>
  <property name="stepIndex">9</property>
</record>
<record>
  <date>2020-11-25T13:35:04</date>
  <millis>1606291504210</millis>
  <sequence>194</sequence>
  <level>END</level>
  <class>com.kms.katalon.core.logging.XmlKeywordLogger</class>
  <method>endKeyword</method>
  <thread>1</thread>
  <message>End action : mapElement = findWebElements(findTestObject(\&amp;quot;GenericII/listOfEntityNames\&amp;quot;), 5).get(0)</message>
  <nestedLevel>1</nestedLevel>
</record>
<record>
  <date>2020-11-25T13:35:04</date>
  <millis>1606291504211</millis>
  <sequence>195</sequence>
  <level>START</level>
  <class>com.kms.katalon.core.logging.XmlKeywordLogger</class>
  <method>startKeyword</method>
  <thread>1</thread>
  <message>Start action : assert getText().contentEquals(\&amp;quot;map\&amp;quot;) == true</message>
  <nestedLevel>1</nestedLevel>
  <property name="startLine">32</property>
  <property name="stepIndex">10</property>
</record>
<record>
  <date>2020-11-25T13:35:05</date>
  <millis>1606291505286</millis>
  <sequence>196</sequence>
  <level>END</level>
  <class>com.kms.katalon.core.logging.XmlKeywordLogger</class>
  <method>endKeyword</method>
  <thread>1</thread>
  <message>End action : assert getText().contentEquals(\&amp;quot;map\&amp;quot;) == true</message>
  <nestedLevel>1</nestedLevel>
</record>
<record>
  <date>2020-11-25T13:35:05</date>
  <millis>1606291505287</millis>
  <sequence>197</sequence>
  <level>START</level>
  <class>com.kms.katalon.core.logging.XmlKeywordLogger</class>
  <method>startKeyword</method>
  <thread>1</thread>
  <message>Start action : comment(\&amp;quot; *** SCENARIO 2 STARTED ***\&amp;quot;)</message>
  <nestedLevel>1</nestedLevel>
  <property name="startLine">34</property>
  <property name="stepIndex">11</property>
</record>
<record>
  <date>2020-11-25T13:35:05</date>
  <millis>1606291505293</millis>
  <sequence>198</sequence>
  <level>INFO</level>
  <class>com.kms.katalon.core.logging.XmlKeywordLogger</class>
  <method>logMessage</method>
  <thread>1</thread>
  <message> *** SCENARIO 2 STARTED ***</message>
  <nestedLevel>1</nestedLevel>
</record>
<record>
  <date>2020-11-25T13:35:05</date>
  <millis>1606291505295</millis>
  <sequence>199</sequence>
  <level>END</level>
  <class>com.kms.katalon.core.logging.XmlKeywordLogger</class>
  <method>endKeyword</method>
  <thread>1</thread>
  <message>End action : comment(\&amp;quot; *** SCENARIO 2 STARTED ***\&amp;quot;)</message>
  <nestedLevel>1</nestedLevel>
</record>
<record>
  <date>2020-11-25T13:35:05</date>
  <millis>1606291505297</millis>
  <sequence>200</sequence>
  <level>START</level>
  <class>com.kms.katalon.core.logging.XmlKeywordLogger</class>
  <method>startKeyword</method>
  <thread>1</thread>
  <message>Start action : mapElement.click()</message>
  <nestedLevel>1</nestedLevel>
  <property name="startLine">36</property>
  <property name="stepIndex">12</property>
</record>
<record>
  <date>2020-11-25T13:35:06</date>
  <millis>1606291506725</millis>
  <sequence>201</sequence>
  <level>END</level>
  <class>com.kms.katalon.core.logging.XmlKeywordLogger</class>
  <method>endKeyword</method>
  <thread>1</thread>
  <message>End action : mapElement.click()</message>
  <nestedLevel>1</nestedLevel>
</record>
<record>
  <date>2020-11-25T13:35:06</date>
  <millis>1606291506726</millis>
  <sequence>202</sequence>
  <level>START</level>
  <class>com.kms.katalon.core.logging.XmlKeywordLogger</class>
  <method>startKeyword</method>
  <thread>1</thread>
  <message>Start action : setText(findTestObject(\&amp;quot;Input/entityName\&amp;quot;), testData.getValue(\&amp;quot;map_entity\&amp;quot;, 2))</message>
  <nestedLevel>1</nestedLevel>
  <property name="startLine">38</property>
  <property name="stepIndex">13</property>
</record>
<record>
  <date>2020-11-25T13:35:11</date>
  <millis>1606291511133</millis>
  <sequence>211</sequence>
  <level>PASSED</level>
  <class>com.kms.katalon.core.logging.XmlKeywordLogger</class>
  <method>logMessage</method>
  <thread>1</thread>
  <message>Text &amp;apos;new map&amp;apos; is set on object &amp;apos;Object Repository/Input/entityName&amp;apos;</message>
  <nestedLevel>1</nestedLevel>
</record>
<record>
  <date>2020-11-25T13:35:11</date>
  <millis>1606291511136</millis>
  <sequence>212</sequence>
  <level>END</level>
  <class>com.kms.katalon.core.logging.XmlKeywordLogger</class>
  <method>endKeyword</method>
  <thread>1</thread>
  <message>End action : setText(findTestObject(\&amp;quot;Input/entityName\&amp;quot;), testData.getValue(\&amp;quot;map_entity\&amp;quot;, 2))</message>
  <nestedLevel>1</nestedLevel>
</record>
<record>
  <date>2020-11-25T13:35:11</date>
  <millis>1606291511137</millis>
  <sequence>213</sequence>
  <level>START</level>
  <class>com.kms.katalon.core.logging.XmlKeywordLogger</class>
  <method>startKeyword</method>
  <thread>1</thread>
  <message>Start action : platform.Method.clickOnElement(findTestObject(\&amp;quot;Button/entityPageSaveButton\&amp;quot;))</message>
  <nestedLevel>1</nestedLevel>
  <property name="startLine">40</property>
  <property name="stepIndex">14</property>
</record>
<record>
  <date>2020-11-25T13:35:13</date>
  <millis>1606291513466</millis>
  <sequence>218</sequence>
  <level>PASSED</level>
  <class>com.kms.katalon.core.logging.XmlKeywordLogger</class>
  <method>logMessage</method>
  <thread>1</thread>
  <message>platform.Method.clickOnElement is PASSED</message>
  <nestedLevel>1</nestedLevel>
</record>
<record>
  <date>2020-11-25T13:35:13</date>
  <millis>1606291513468</millis>
  <sequence>219</sequence>
  <level>END</level>
  <class>com.kms.katalon.core.logging.XmlKeywordLogger</class>
  <method>endKeyword</method>
  <thread>1</thread>
  <message>End action : platform.Method.clickOnElement(findTestObject(\&amp;quot;Button/entityPageSaveButton\&amp;quot;))</message>
  <nestedLevel>1</nestedLevel>
</record>
<record>
  <date>2020-11-25T13:35:13</date>
  <millis>1606291513470</millis>
  <sequence>220</sequence>
  <level>START</level>
  <class>com.kms.katalon.core.logging.XmlKeywordLogger</class>
  <method>startKeyword</method>
  <thread>1</thread>
  <message>Start action : waitForElementPresent(findTestObject(\&amp;quot;ICONS/toastMsg\&amp;quot;), 20, CONTINUE_ON_FAILURE)</message>
  <nestedLevel>1</nestedLevel>
  <property name="startLine">42</property>
  <property name="stepIndex">15</property>
</record>
<record>
  <date>2020-11-25T13:35:14</date>
  <millis>1606291514926</millis>
  <sequence>226</sequence>
  <level>PASSED</level>
  <class>com.kms.katalon.core.logging.XmlKeywordLogger</class>
  <method>logMessage</method>
  <thread>1</thread>
  <message>Object &amp;apos;Object Repository/ICONS/toastMsg&amp;apos; is present</message>
  <nestedLevel>1</nestedLevel>
</record>
<record>
  <date>2020-11-25T13:35:14</date>
  <millis>1606291514928</millis>
  <sequence>227</sequence>
  <level>END</level>
  <class>com.kms.katalon.core.logging.XmlKeywordLogger</class>
  <method>endKeyword</method>
  <thread>1</thread>
  <message>End action : waitForElementPresent(findTestObject(\&amp;quot;ICONS/toastMsg\&amp;quot;), 20, CONTINUE_ON_FAILURE)</message>
  <nestedLevel>1</nestedLevel>
</record>
<record>
  <date>2020-11-25T13:35:14</date>
  <millis>1606291514929</millis>
  <sequence>228</sequence>
  <level>START</level>
  <class>com.kms.katalon.core.logging.XmlKeywordLogger</class>
  <method>startKeyword</method>
  <thread>1</thread>
  <message>Start action : comment(\&amp;quot; *** VALIDATION --&amp;gt; ENTITY NAME UPDATE CHECK ***\&amp;quot;)</message>
  <nestedLevel>1</nestedLevel>
  <property name="startLine">44</property>
  <property name="stepIndex">16</property>
</record>
<record>
  <date>2020-11-25T13:35:14</date>
  <millis>1606291514935</millis>
  <sequence>229</sequence>
  <level>INFO</level>
  <class>com.kms.katalon.core.logging.XmlKeywordLogger</class>
  <method>logMessage</method>
  <thread>1</thread>
  <message> *** VALIDATION --&amp;gt; ENTITY NAME UPDATE CHECK ***</message>
  <nestedLevel>1</nestedLevel>
</record>
<record>
  <date>2020-11-25T13:35:14</date>
  <millis>1606291514937</millis>
  <sequence>230</sequence>
  <level>END</level>
  <class>com.kms.katalon.core.logging.XmlKeywordLogger</class>
  <method>endKeyword</method>
  <thread>1</thread>
  <message>End action : comment(\&amp;quot; *** VALIDATION --&amp;gt; ENTITY NAME UPDATE CHECK ***\&amp;quot;)</message>
  <nestedLevel>1</nestedLevel>
</record>
<record>
  <date>2020-11-25T13:35:14</date>
  <millis>1606291514938</millis>
  <sequence>231</sequence>
  <level>START</level>
  <class>com.kms.katalon.core.logging.XmlKeywordLogger</class>
  <method>startKeyword</method>
  <thread>1</thread>
  <message>Start action : mapElement = findWebElements(findTestObject(\&amp;quot;GenericII/listOfEntityNames\&amp;quot;), 5).get(0)</message>
  <nestedLevel>1</nestedLevel>
  <property name="startLine">46</property>
  <property name="stepIndex">17</property>
</record>
<record>
  <date>2020-11-25T13:35:16</date>
  <millis>1606291516094</millis>
  <sequence>236</sequence>
  <level>END</level>
  <class>com.kms.katalon.core.logging.XmlKeywordLogger</class>
  <method>endKeyword</method>
  <thread>1</thread>
  <message>End action : mapElement = findWebElements(findTestObject(\&amp;quot;GenericII/listOfEntityNames\&amp;quot;), 5).get(0)</message>
  <nestedLevel>1</nestedLevel>
</record>
<record>
  <date>2020-11-25T13:35:16</date>
  <millis>1606291516095</millis>
  <sequence>237</sequence>
  <level>START</level>
  <class>com.kms.katalon.core.logging.XmlKeywordLogger</class>
  <method>startKeyword</method>
  <thread>1</thread>
  <message>Start action : assert getText().contentEquals(\&amp;quot;new map\&amp;quot;) == true</message>
  <nestedLevel>1</nestedLevel>
  <property name="startLine">48</property>
  <property name="stepIndex">18</property>
</record>
<record>
  <date>2020-11-25T13:35:17</date>
  <millis>1606291517144</millis>
  <sequence>238</sequence>
  <level>END</level>
  <class>com.kms.katalon.core.logging.XmlKeywordLogger</class>
  <method>endKeyword</method>
  <thread>1</thread>
  <message>End action : assert getText().contentEquals(\&amp;quot;new map\&amp;quot;) == true</message>
  <nestedLevel>1</nestedLevel>
</record>
<record>
  <date>2020-11-25T13:35:17</date>
  <millis>1606291517145</millis>
  <sequence>239</sequence>
  <level>START</level>
  <class>com.kms.katalon.core.logging.XmlKeywordLogger</class>
  <method>startKeyword</method>
  <thread>1</thread>
  <message>Start action : platform.Method.clickOnElement(findTestObject(\&amp;quot;Generic/response\&amp;quot;))</message>
  <nestedLevel>1</nestedLevel>
  <property name="startLine">53</property>
  <property name="stepIndex">19</property>
</record>
<record>
  <date>2020-11-25T13:35:19</date>
  <millis>1606291519573</millis>
  <sequence>244</sequence>
  <level>PASSED</level>
  <class>com.kms.katalon.core.logging.XmlKeywordLogger</class>
  <method>logMessage</method>
  <thread>1</thread>
  <message>platform.Method.clickOnElement is PASSED</message>
  <nestedLevel>1</nestedLevel>
</record>
<record>
  <date>2020-11-25T13:35:19</date>
  <millis>1606291519576</millis>
  <sequence>245</sequence>
  <level>END</level>
  <class>com.kms.katalon.core.logging.XmlKeywordLogger</class>
  <method>endKeyword</method>
  <thread>1</thread>
  <message>End action : platform.Method.clickOnElement(findTestObject(\&amp;quot;Generic/response\&amp;quot;))</message>
  <nestedLevel>1</nestedLevel>
</record>
<record>
  <date>2020-11-25T13:35:19</date>
  <millis>1606291519578</millis>
  <sequence>246</sequence>
  <level>START</level>
  <class>com.kms.katalon.core.logging.XmlKeywordLogger</class>
  <method>startKeyword</method>
  <thread>1</thread>
  <message>Start action : platform.Response.createRichResponse(testData.getValue(\&amp;quot;rich_template\&amp;quot;, 6), testData.getValue(\&amp;quot;rich_template_value\&amp;quot;, 6))</message>
  <nestedLevel>1</nestedLevel>
  <property name="startLine">55</property>
  <property name="stepIndex">20</property>
</record>
<record>
  <date>2020-11-25T13:35:26</date>
  <millis>1606291526022</millis>
  <sequence>259</sequence>
  <level>PASSED</level>
  <class>com.kms.katalon.core.logging.XmlKeywordLogger</class>
  <method>logMessage</method>
  <thread>1</thread>
  <message>Text &amp;apos;map_response&amp;apos; is set on object &amp;apos;Object Repository/NewRepo2/templateKeyName&amp;apos;</message>
  <nestedLevel>1</nestedLevel>
</record>
<record>
  <date>2020-11-25T13:35:30</date>
  <millis>1606291530441</millis>
  <sequence>265</sequence>
  <level>PASSED</level>
  <class>com.kms.katalon.core.logging.XmlKeywordLogger</class>
  <method>logMessage</method>
  <thread>1</thread>
  <message>Delayed 2 second(s)</message>
  <nestedLevel>1</nestedLevel>
</record>
<record>
  <date>2020-11-25T13:35:35</date>
  <millis>1606291535042</millis>
  <sequence>274</sequence>
  <level>PASSED</level>
  <class>com.kms.katalon.core.logging.XmlKeywordLogger</class>
  <method>logMessage</method>
  <thread>1</thread>
  <message>Text &amp;apos;Your map response is stored in here&amp;apos; is set on object &amp;apos;Object Repository/Input/textResponse&amp;apos;</message>
  <nestedLevel>1</nestedLevel>
</record>
<record>
  <date>2020-11-25T13:35:37</date>
  <millis>1606291537326</millis>
  <sequence>279</sequence>
  <level>PASSED</level>
  <class>com.kms.katalon.core.logging.XmlKeywordLogger</class>
  <method>logMessage</method>
  <thread>1</thread>
  <message>platform.Response.createRichResponse is PASSED</message>
  <nestedLevel>1</nestedLevel>
</record>
<record>
  <date>2020-11-25T13:35:37</date>
  <millis>1606291537329</millis>
  <sequence>280</sequence>
  <level>END</level>
  <class>com.kms.katalon.core.logging.XmlKeywordLogger</class>
  <method>endKeyword</method>
  <thread>1</thread>
  <message>End action : platform.Response.createRichResponse(testData.getValue(\&amp;quot;rich_template\&amp;quot;, 6), testData.getValue(\&amp;quot;rich_template_value\&amp;quot;, 6))</message>
  <nestedLevel>1</nestedLevel>
</record>
<record>
  <date>2020-11-25T13:35:37</date>
  <millis>1606291537330</millis>
  <sequence>281</sequence>
  <level>START</level>
  <class>com.kms.katalon.core.logging.XmlKeywordLogger</class>
  <method>startKeyword</method>
  <thread>1</thread>
  <message>Start action : waitForElementPresent(findTestObject(\&amp;quot;ICONS/toastMsg\&amp;quot;), 20, CONTINUE_ON_FAILURE)</message>
  <nestedLevel>1</nestedLevel>
  <property name="startLine">58</property>
  <property name="stepIndex">21</property>
</record>
<record>
  <date>2020-11-25T13:35:38</date>
  <millis>1606291538572</millis>
  <sequence>287</sequence>
  <level>PASSED</level>
  <class>com.kms.katalon.core.logging.XmlKeywordLogger</class>
  <method>logMessage</method>
  <thread>1</thread>
  <message>Object &amp;apos;Object Repository/ICONS/toastMsg&amp;apos; is present</message>
  <nestedLevel>1</nestedLevel>
</record>
<record>
  <date>2020-11-25T13:35:38</date>
  <millis>1606291538573</millis>
  <sequence>288</sequence>
  <level>END</level>
  <class>com.kms.katalon.core.logging.XmlKeywordLogger</class>
  <method>endKeyword</method>
  <thread>1</thread>
  <message>End action : waitForElementPresent(findTestObject(\&amp;quot;ICONS/toastMsg\&amp;quot;), 20, CONTINUE_ON_FAILURE)</message>
  <nestedLevel>1</nestedLevel>
</record>
<record>
  <date>2020-11-25T13:35:38</date>
  <millis>1606291538573</millis>
  <sequence>289</sequence>
  <level>PASSED</level>
  <class>com.kms.katalon.core.logging.XmlKeywordLogger</class>
  <method>logMessage</method>
  <thread>1</thread>
  <message>Test Cases/Sprint/v4.4/mapLocationEntityCreation_Test</message>
  <nestedLevel>1</nestedLevel>
</record>
<record>
  <date>2020-11-25T13:35:38</date>
  <millis>1606291538575</millis>
  <sequence>290</sequence>
  <level>END</level>
  <class>com.kms.katalon.core.logging.XmlKeywordLogger</class>
  <method>endTest</method>
  <thread>1</thread>
  <message>End Test Case : Test Cases/Sprint/v4.4/mapLocationEntityCreation_Test</message>
  <nestedLevel>0</nestedLevel>
</record>
<record>
  <date>2020-11-25T13:35:38</date>
  <millis>1606291538587</millis>
  <sequence>291</sequence>
  <level>START</level>
  <class>com.kms.katalon.core.logging.XmlKeywordLogger</class>
  <method>startTest</method>
  <thread>1</thread>
  <message>Start Test Case : Test Cases/Sprint/v4.4/mapLocationEntityTaggingInIntent_Test</message>
  <nestedLevel>1</nestedLevel>
  <property name="name">Test Cases/Sprint/v4.4/mapLocationEntityTaggingInIntent_Test</property>
  <property name="description">Scenario 1: Verify if a map entity gets auto recognised to a new or existing intent.\n\nGiven: \n\nWhen: \nAnd: \nThen: \n\nScenario 2: \n\nGiven: \n\nWhen: \nAnd: \nThen: </property>
  <property name="id">Test Cases/Sprint/v4.4/mapLocationEntityTaggingInIntent_Test</property>
  <property name="source">D:\\IMIbot.ai-Project\\Test Cases\\Sprint\\v4.4\\mapLocationEntityTaggingInIntent_Test.tc</property>
  <property name="tag"></property>
  <property name="isOptional">false</property>
</record>
<record>
  <date>2020-11-25T13:35:38</date>
  <millis>1606291538748</millis>
  <sequence>293</sequence>
  <level>INFO</level>
  <class>com.kms.katalon.core.logging.XmlKeywordLogger</class>
  <method>logMessage</method>
  <thread>1</thread>
  <message>(Default) newCSS = div[class=&amp;apos;cdk-overlay-container&amp;apos;]</message>
  <nestedLevel>1</nestedLevel>
</record>
<record>
  <date>2020-11-25T13:35:39</date>
  <millis>1606291539220</millis>
  <sequence>294</sequence>
  <level>START</level>
  <class>com.kms.katalon.core.logging.XmlKeywordLogger</class>
  <method>startKeyword</method>
  <thread>1</thread>
  <message>Start action : platform.Method.clickOnElement(findTestObject(\&amp;quot;Generic/training\&amp;quot;))</message>
  <nestedLevel>1</nestedLevel>
  <property name="startLine">11</property>
  <property name="stepIndex">1</property>
</record>
<record>
  <date>2020-11-25T13:35:41</date>
  <millis>1606291541644</millis>
  <sequence>299</sequence>
  <level>PASSED</level>
  <class>com.kms.katalon.core.logging.XmlKeywordLogger</class>
  <method>logMessage</method>
  <thread>1</thread>
  <message>platform.Method.clickOnElement is PASSED</message>
  <nestedLevel>1</nestedLevel>
</record>
<record>
  <date>2020-11-25T13:35:41</date>
  <millis>1606291541645</millis>
  <sequence>300</sequence>
  <level>END</level>
  <class>com.kms.katalon.core.logging.XmlKeywordLogger</class>
  <method>endKeyword</method>
  <thread>1</thread>
  <message>End action : platform.Method.clickOnElement(findTestObject(\&amp;quot;Generic/training\&amp;quot;))</message>
  <nestedLevel>1</nestedLevel>
</record>
<record>
  <date>2020-11-25T13:35:41</date>
  <millis>1606291541646</millis>
  <sequence>301</sequence>
  <level>START</level>
  <class>com.kms.katalon.core.logging.XmlKeywordLogger</class>
  <method>startKeyword</method>
  <thread>1</thread>
  <message>Start action : testData = findTestData(\&amp;quot;Data Files/testData_Task\&amp;quot;)</message>
  <nestedLevel>1</nestedLevel>
  <property name="startLine">13</property>
  <property name="stepIndex">2</property>
</record>
<record>
  <date>2020-11-25T13:35:42</date>
  <millis>1606291542161</millis>
  <sequence>306</sequence>
  <level>END</level>
  <class>com.kms.katalon.core.logging.XmlKeywordLogger</class>
  <method>endKeyword</method>
  <thread>1</thread>
  <message>End action : testData = findTestData(\&amp;quot;Data Files/testData_Task\&amp;quot;)</message>
  <nestedLevel>1</nestedLevel>
</record>
<record>
  <date>2020-11-25T13:35:42</date>
  <millis>1606291542162</millis>
  <sequence>307</sequence>
  <level>START</level>
  <class>com.kms.katalon.core.logging.XmlKeywordLogger</class>
  <method>startKeyword</method>
  <thread>1</thread>
  <message>Start action : platform.Training.addSingleUtterance(testData.getValue(\&amp;quot;map_utterance\&amp;quot;, 1))</message>
  <nestedLevel>1</nestedLevel>
  <property name="startLine">15</property>
  <property name="stepIndex">3</property>
</record>
<record>
  <date>2020-11-25T13:35:47</date>
  <millis>1606291547338</millis>
  <sequence>317</sequence>
  <level>PASSED</level>
  <class>com.kms.katalon.core.logging.XmlKeywordLogger</class>
  <method>logMessage</method>
  <thread>1</thread>
  <message>Keys &amp;apos;map location test&amp;apos; sent to object: &amp;apos;Object Repository/Input/utterance&amp;apos;</message>
  <nestedLevel>1</nestedLevel>
</record>
<record>
  <date>2020-11-25T13:35:49</date>
  <millis>1606291549603</millis>
  <sequence>322</sequence>
  <level>PASSED</level>
  <class>com.kms.katalon.core.logging.XmlKeywordLogger</class>
  <method>logMessage</method>
  <thread>1</thread>
  <message>platform.Training.addSingleUtterance is PASSED</message>
  <nestedLevel>1</nestedLevel>
</record>
<record>
  <date>2020-11-25T13:35:49</date>
  <millis>1606291549605</millis>
  <sequence>323</sequence>
  <level>END</level>
  <class>com.kms.katalon.core.logging.XmlKeywordLogger</class>
  <method>endKeyword</method>
  <thread>1</thread>
  <message>End action : platform.Training.addSingleUtterance(testData.getValue(\&amp;quot;map_utterance\&amp;quot;, 1))</message>
  <nestedLevel>1</nestedLevel>
</record>
<record>
  <date>2020-11-25T13:35:49</date>
  <millis>1606291549607</millis>
  <sequence>324</sequence>
  <level>START</level>
  <class>com.kms.katalon.core.logging.XmlKeywordLogger</class>
  <method>startKeyword</method>
  <thread>1</thread>
  <message>Start action : element = findWebElement(findTestObject(\&amp;quot;Slots/listOfUtterance\&amp;quot;), 5)</message>
  <nestedLevel>1</nestedLevel>
  <property name="startLine">20</property>
  <property name="stepIndex">4</property>
</record>
<record>
  <date>2020-11-25T13:35:50</date>
  <millis>1606291550805</millis>
  <sequence>329</sequence>
  <level>END</level>
  <class>com.kms.katalon.core.logging.XmlKeywordLogger</class>
  <method>endKeyword</method>
  <thread>1</thread>
  <message>End action : element = findWebElement(findTestObject(\&amp;quot;Slots/listOfUtterance\&amp;quot;), 5)</message>
  <nestedLevel>1</nestedLevel>
</record>
<record>
  <date>2020-11-25T13:35:50</date>
  <millis>1606291550806</millis>
  <sequence>330</sequence>
  <level>START</level>
  <class>com.kms.katalon.core.logging.XmlKeywordLogger</class>
  <method>startKeyword</method>
  <thread>1</thread>
  <message>Start action : element.click()</message>
  <nestedLevel>1</nestedLevel>
  <property name="startLine">22</property>
  <property name="stepIndex">5</property>
</record>
<record>
  <date>2020-11-25T13:35:52</date>
  <millis>1606291552023</millis>
  <sequence>331</sequence>
  <level>END</level>
  <class>com.kms.katalon.core.logging.XmlKeywordLogger</class>
  <method>endKeyword</method>
  <thread>1</thread>
  <message>End action : element.click()</message>
  <nestedLevel>1</nestedLevel>
</record>
<record>
  <date>2020-11-25T13:35:52</date>
  <millis>1606291552024</millis>
  <sequence>332</sequence>
  <level>START</level>
  <class>com.kms.katalon.core.logging.XmlKeywordLogger</class>
  <method>startKeyword</method>
  <thread>1</thread>
  <message>Start action : element.sendKeys(Keys.chord(CONTROL, \&amp;quot;a\&amp;quot;))</message>
  <nestedLevel>1</nestedLevel>
  <property name="startLine">24</property>
  <property name="stepIndex">6</property>
</record>
<record>
  <date>2020-11-25T13:35:53</date>
  <millis>1606291553318</millis>
  <sequence>333</sequence>
  <level>END</level>
  <class>com.kms.katalon.core.logging.XmlKeywordLogger</class>
  <method>endKeyword</method>
  <thread>1</thread>
  <message>End action : element.sendKeys(Keys.chord(CONTROL, \&amp;quot;a\&amp;quot;))</message>
  <nestedLevel>1</nestedLevel>
</record>
<record>
  <date>2020-11-25T13:35:53</date>
  <millis>1606291553319</millis>
  <sequence>334</sequence>
  <level>START</level>
  <class>com.kms.katalon.core.logging.XmlKeywordLogger</class>
  <method>startKeyword</method>
  <thread>1</thread>
  <message>Start action : element.click()</message>
  <nestedLevel>1</nestedLevel>
  <property name="startLine">26</property>
  <property name="stepIndex">7</property>
</record>
<record>
  <date>2020-11-25T13:35:54</date>
  <millis>1606291554465</millis>
  <sequence>335</sequence>
  <level>END</level>
  <class>com.kms.katalon.core.logging.XmlKeywordLogger</class>
  <method>endKeyword</method>
  <thread>1</thread>
  <message>End action : element.click()</message>
  <nestedLevel>1</nestedLevel>
</record>
<record>
  <date>2020-11-25T13:35:54</date>
  <millis>1606291554466</millis>
  <sequence>336</sequence>
  <level>START</level>
  <class>com.kms.katalon.core.logging.XmlKeywordLogger</class>
  <method>startKeyword</method>
  <thread>1</thread>
  <message>Start action : if (verifyElementPresent(findTestObject(\&amp;quot;Generic/entitySelection\&amp;quot;), 20, OPTIONAL) == false)</message>
  <nestedLevel>1</nestedLevel>
  <property name="startLine">28</property>
  <property name="stepIndex">8</property>
</record>
<record>
  <date>2020-11-25T13:36:16</date>
  <millis>1606291576084</millis>
  <sequence>341</sequence>
  <level>INFO</level>
  <class>com.kms.katalon.core.logging.XmlKeywordLogger</class>
  <method>logMessage</method>
  <thread>1</thread>
  <message>Unable to find the element located by &amp;apos;By.xpath: //mat-select[@formcontrolname=&amp;apos;entity_id&amp;apos;]&amp;apos;. Please recheck the objects properties to make sure the desired element is located. </message>
  <nestedLevel>1</nestedLevel>
</record>
</log>